06:53 DeNighty       : Rip I forgot to turn off my comp .-.
06:54 DeNighty       : Idk it's holidays for me
06:54 DeNighty       : holiday*
07:29 Jonas1998DK    : What's 2+2? [7e837c6fb2694744fd1873628060d432]
07:29 DeNighty       : 4?
07:29 Jonas1998DK    : idk whats happening
07:29 Jonas1998DK    : lol
07:29 DeNighty       : I'm hanging myself .-.
07:30 Jonas1998DK    : What's 2+2? [388e815bf18e0b5d657651b94cec629d]
07:30 Jonas1998DK    : STOP
07:32 DeNighty       : wanna die?
08:04 Jonas1998DK    : tks comso
08:04 Jonas1998DK    : cosmo
08:11 Jonas1998DK: reload?
08:37 DeNighty   : HOW TF
08:39 DeNighty   : did you know
08:39 Jonas1998DK: ?
08:39 DeNighty   : zombies can pick up 64 seeds?
08:39 Jonas1998DK: what lol
08:39 DeNighty   : lol
08:39 Jonas1998DK: 64
08:39 Jonas1998DK: i tought 1
08:39 DeNighty   : same
08:40 Jonas1998DK: how much shopkeeper eggs can u have?
08:41 DeNighty   : i think 3
08:41 Jonas1998DK: can u give me 1 then
08:41 DeNighty   : yeah sure
08:42 DeNighty   : coming?
08:42 DeNighty   : hax?
08:42 Jonas1998DK: sorry
08:42 Jonas1998DK: tks
09:20 DeNighty   : 5641 72 -426
09:20 Jonas1998DK: ?
09:20 DeNighty   : me to remember
09:24 Jonas1998DK: oh no
09:24 Jonas1998DK: i have a prob
09:24 Jonas1998DK: on me other account i tamed a cat and now i cant get it to stand upd
09:34 DeNighty   : hi ash
09:36 DeNighty   : ash, do you have spruce kogs?
09:36 DeNighty   : logs
09:37 greyisgay  : i dont have spruce kogs
09:37 DeNighty   : sadness
09:37 greyisgay  : How the FAK did my name get on this sign
09:37 greyisgay  : I AM CONFUSED
09:37 DeNighty   : its called meh
09:37 Jonas1998DK: cont u have c i
09:37 greyisgay  : Nono
09:37 greyisgay  : I wanna know what I did
09:37 greyisgay  : To get my name here
09:37 DeNighty   : me
09:38 DeNighty   : You did...
09:38 DeNighty   : Ummm
09:38 greyisgay  : >:(
09:38 DeNighty   : Idk, I just wrote all staff xd
09:38 greyisgay  : LMFAO
09:38 greyisgay  : . o .
09:38 greyisgay  : FLWOER SHOP
09:38 greyisgay  : YES
09:38 DeNighty   : :o
09:39 greyisgay  : : o
09:39 DeNighty   : 1 DIAMOND 1 BEACON?
09:39 DeNighty   : wtf
09:39 greyisgay  : OH HOLY SHIT
09:39 DeNighty   : dont u dare buy it
09:39 greyisgay  : SO basically
09:39 greyisgay  : 10 iron = beacon
09:39 DeNighty   : LOL
09:39 Jonas1998DK: i bought 1 :(
09:39 Jonas1998DK: :)
09:39 greyisgay  : hax
09:40 Jonas1998DK: who uses shaders here?
09:40 DeNighty   : HOW MUCH BEACONS DOES HE HAVE
09:40 DeNighty   : me
09:40 Jonas1998DK: what do u use
09:40 DeNighty   : sildurs lite
09:40 DeNighty   : bruh i have 16 beacons lmao
09:40 Jonas1998DK: from him?
09:41 DeNighty   : 15 from him
09:41 DeNighty   : and he's still not empty
09:41 DeNighty   : holy shit
09:41 Jonas1998DK: its matt
09:41 Jonas1998DK: he has creative
09:41 greyisgay  : Imma get some broh
09:41 DeNighty   : bruh
09:41 DeNighty   : someone sleep pls
09:41 greyisgay  : 26 beacons feeling good
09:42 Jonas1998DK: i have an iron farm :<
09:42 Jonas1998DK: i can farm for diamonds
09:42 DeNighty   : SLEEP PLS
09:43 Jonas1998DK: broo wtf
09:43 Jonas1998DK: my cat teleported to me
09:43 DeNighty   : SO MUCH F*MOBS
09:43 DeNighty   : I HATE THIS CAPS LOCK PLUGIN
09:43 greyisgay  : same
09:43 Jonas1998DK: ikr
09:44 Jonas1998DK: why does my cat tp to me all the time?
09:44 greyisgay  : nob
09:44 Jonas1998DK: mom
09:44 DeNighty   : #suggestions
09:44 Jonas1998DK: WFT
09:44 Jonas1998DK: WTF
09:44 Jonas1998DK: i have 5 cats out of knowhere inmy house
09:47 Jonas1998DK: my pc is othing else but a fan emitting hot air
09:47 Jonas1998DK: i can barely use shaders cause it lags a lot
09:47 greyisgay  : same
09:47 Jonas1998DK: what gpu do u have
09:47 greyisgay  : Not sure tbh
09:52 greyisgay  : Nighty
09:52 greyisgay  : can I have a book and quil to apply to bank
09:52 greyisgay  : Nighty
09:52 greyisgay  : >:C
09:54 Jonas1998DK: bruhhh
09:54 Jonas1998DK: i was expanding my underground sugarcane farm and found 10 dias
09:54 greyisgay  : Nice broh
09:54 DeNighty   : afk
09:54 Jonas1998DK: ./sv
09:56 FrancescoMifsud: ,hello
09:56 greyisgay      : hi
09:57 FrancescoMifsud: can i borrow some arrows
09:57 greyisgay      : can only give 18
09:57 FrancescoMifsud: TKS
10:09 FrancescoMifsud: come help kill
10:10 FrancescoMifsud: can i get elytra
10:10 greyisgay      : yeash sure
10:10 Jonas1998DK    : buy it
10:10 FrancescoMifsud: tks
10:10 greyisgay      : I want the head
10:12 greyisgay      : C:
10:12 FrancescoMifsud: you can take the egg
10:12 greyisgay      : oke
10:12 FrancescoMifsud: btw tks
10:12 greyisgay      : np
10:12 greyisgay      : Nighty
10:12 DeNighty       : ?
10:12 greyisgay      : Lemme apply for job at bank
10:12 DeNighty       : Ok
10:13 DeNighty       : ill make it when the @easy applications bot comes online
10:14 greyisgay      : So what do I do
10:14 greyisgay      : I wanna be security
10:14 DeNighty       : Security doesn't really have a purpose
10:14 greyisgay      : A
10:14 DeNighty       : BAD DOGGY
10:14 DeNighty       : feed it
10:15 DeNighty       : bad dog
10:15 Jonas1998DK    : imagine taming an ender dragon
10:15 DeNighty       : uWu
10:15 greyisgay      : OwO
10:15 greyisgay      : Anyway how I be Security
10:15 DeNighty       : Security doesn't really have a purpose
10:15 greyisgay      : hm
10:15 DeNighty       : Since it's protected by a plugin
10:16 greyisgay      : Well it could be like
10:16 greyisgay      : People who dont return the monay can be killed by security
10:16 DeNighty       : True
10:16 DeNighty       : Ok
10:16 greyisgay      : What does a loan manager do
10:16 Jonas1998DK    : ru serious
10:17 DeNighty       : Hands out loans
10:17 greyisgay      : Hm I could do that
10:17 DeNighty       : Ok
10:19 DeNighty       : I guess you employed
10:19 greyisgay      : Lmfao
10:19 DeNighty       : I need creative lmao
10:19 greyisgay      : I'm loan manager in bank
10:19 greyisgay      : C :
10:24 DeNighty       :  placed a sign @ Unnamed: x-117, z337
  LOAN CHEST
10:24 DeNighty       :  placed a sign @ Unnamed: x-118, z337
  DIAMONDS
10:25 greyisgay      : Put a sign thats like
10:25 greyisgay      : "If Ash isnt here call for her"
10:25 greyisgay      : or smt
10:25 Jonas1998DK    :  placed a sign @ Unnamed: x-2860, z2537
  Sugar  
  Cane +
10:25 DeNighty       :  placed a sign @ Unnamed: x-114, z339
  Loan section
10:25 Jonas1998DK    :  placed a sign @ Unnamed: x-2860, z2536
  Bamboo
10:26 FrancescoMifsud: can i buy sharpness from some one
10:26 DeNighty       :  placed a sign @ Unnamed: x-113, z339
  If Ashy
  is not here, DM
  or ping her
10:27 greyisgay      : Mk so
10:27 greyisgay      : Now we need a return time thing
10:27 DeNighty       : i need a book brb
10:27 greyisgay      : And we need interest rates right
10:31 greyisgay      : C:
10:32 greyisgay      :  placed a sign @ Unnamed: x-108, z340
  To loan Diamonds
  go that way
  -->
10:32 greyisgay      : nighty
10:32 greyisgay      : cmere
10:32 DeNighty       : ?
10:32 DeNighty       : Ok
10:32 greyisgay      : C:
10:36 DeNighty       :  placed a sign @ Unnamed: x-107, z333
  Welcome to
  The
  Unnamed Municipal
  Bank
10:37 DeNighty       :  placed a sign @ Unnamed: x-108, z333
  Feel free to come
  in and ask for
  money / pay back
10:44 FrancescoMifsud:  placed a sign @ Unnamed: x-860, z-377
  LOL
  too tempting
  -Fran
10:44 Jonas1998DK    : anyone have a squid farm?
10:44 FrancescoMifsud:  placed a sign @ Unnamed: x-860, z-378
  use shovel 
  so satisfying
10:44 FrancescoMifsud:  placed a sign @ Unnamed: x-860, z-379
  hope u like it'
10:48 DeNighty       : Now employing cafe receptionists and baristas
10:48 Jonas1998DK    : ......
10:48 DeNighty       : Lol
10:49 greyisgay      : Does anybody have blaze rods
10:49 DeNighty       : yeah
10:49 greyisgay      : how much
10:50 DeNighty       : like 4
10:50 greyisgay      : what ya want for em
10:50 DeNighty       : nothin
10:50 DeNighty       : nvm theyre far away
10:50 greyisgay      : awh
10:50 greyisgay      : o
10:50 greyisgay      : thank
10:50 greyisgay      : c:
10:50 Jonas1998DK    : bruhh
10:51 Jonas1998DK    : thats an easy mc account?
10:51 greyisgay      : mhm
10:51 Jonas1998DK    : greyisgay
10:51 DeNighty       : you are as well??
10:51 DeNighty       : cosmo tp
10:51 DeNighty       : cafe
10:51 Cosmobutter    : Nice
10:51 greyisgay      : brb
10:51 Cosmobutter    : Noice
10:53 greyisgay      : bak
10:53 DeNighty       : wanna work cafe as well?
10:53 DeNighty       : ash
10:54 greyisgay      : Sure mate
10:54 DeNighty       : k
10:54 greyisgay      : hold on
10:55 greyisgay      : Maybe make these double
10:55 DeNighty       : ig
10:56 greyisgay      : gimme item frame rq
10:56 greyisgay      : Heh?
10:56 greyisgay      : Looketh
10:56 DeNighty       : wtf
10:56 greyisgay      : :D
10:57 DeNighty       : removing an item from an item frame sounds like fu__
10:57 Cosmobutter    : *cutely demotes nighty*
10:57 DeNighty       : ,-.
10:57 Cosmobutter    : Wait
10:57 Jonas1998DK    : *sexily usin wurst*
10:57 DeNighty       : i mean srsly lol
10:57 Cosmobutter    : Grey
10:58 greyisgay      : fu*k shi* b*c* cun*
10:58 Cosmobutter    : How is grey softmuted?
10:58 DeNighty       : ?
10:58 Cosmobutter    : ASh
10:58 Jonas1998DK    : the denightybuisnesseconomy
10:58 Cosmobutter    : What is going on
10:58 Cosmobutter    : fuck
10:58 greyisgay      : :')
10:58 DeNighty       : I am confusion
10:58 greyisgay      : I dont like the chat moderationadbgdfjksl;lhg
10:59 mattyy_pastizzi: AAAAAAAA
10:59 DeNighty       : im so confused
10:59 Cosmobutter    : /w greyisgay When is your birthday, saying this to make sure you're you 
10:59 greyisgay      : /w Cosmobutter 25th august >-> 
10:59 Cosmobutter    : /w greyisgay Oh ok lol 
11:00 DeNighty       : /msg cosmo *cutely asks for gamemode perms* AGAIN 
11:00 greyisgay      : *cutely makes end crystals*
11:00 DeNighty       : the dog doesnt attack i think
11:01 DeNighty       : baby
11:01 greyisgay      : :flushed:
11:01 DeNighty       : baby cute
11:02 DeNighty       : dogs follow me
11:02 DeNighty       : cutely follow
11:05 greyisgay      : Imma try to beat dragon alone
11:07 DeNighty       : /msg cosmo switch me to surv 
11:07 DeNighty       : /msg cosmo ty 
11:10 greyisgay      : The
11:10 greyisgay      : lag
11:10 greyisgay      : clear
11:11 greyisgay      : cleared the dragon drops
11:11 greyisgay      : : D
11:11 greyisgay      : im in pain
11:11 greyisgay      : cosmo
11:11 Cosmobutter    : ?
11:11 greyisgay      : lag clear cleared dragon dops
11:12 greyisgay      : drops*
11:12 Cosmobutter    : Pog
11:12 greyisgay      : .
11:12 Cosmobutter    : Uhm
11:13 DeNighty       : trees grow so fast .-.
11:13 greyisgay      : Yeah I think tick speed is increased
11:13 DeNighty       : it is its like 40
11:18 DeNighty       : anyone have 8 grass blocks?
11:21 DeNighty       : :c
11:46 DeNighty       : just made my skin uwu
11:47 DeNighty       : cosmo
11:48 Cosmobutter    : Nice skin
11:48 DeNighty       : do you have 4 grass
11:48 DeNighty       : blocks
11:48 DeNighty       : 8*
11:48 DeNighty       : ty
11:48 Cosmobutter    : Nice skin
11:48 Cosmobutter    : np
11:48 DeNighty       : thx
11:48 Cosmobutter    : Srry
11:48 Cosmobutter    : Wrong up-arrow command
11:48 DeNighty       : lol
11:48 Cosmobutter    : Wrong up-arrow command
11:48 Cosmobutter    : AHHHHHHH
11:48 DeNighty       : XD
11:49 greyisgay      : nobs
11:49 DeNighty       : hi nob
11:49 Cosmobutter    : Hi kween-nob
11:54 greyisgay      :  placed a sign @ Unnamed: x-77, z287
  Ashy
  32 ghast tears
  10 dia
11:56 DeNighty       : WTF
11:56 DeNighty       : someone tp
11:57 Cosmobutter    : ?
11:57 DeNighty       : [ADMIN] Daideni?
11:57 Jonas1998DK    : ?
11:58 Cosmobutter    : LOL
11:58 DeNighty       : nice
11:58 DeNighty       : afk
11:59 greyisgay      : mk i gtg noblets
12:25 DeNighty       : rip i died
12:33 Jonas1998DK    : COSMOOOOOOOOOOO
12:38 Jonas1998DK    : cosmo
12:38 Jonas1998DK    : comso
12:38 Jonas1998DK    : cosmo
13:13 Case_1112      : hello
14:14 Jonas1998DK    : cosmo
14:14 Jonas1998DK    : can u make my nickname to Haxixu pls
14:14 Jonas1998DK    : tks
14:22 Jonas1998DK    : cosmo
14:22 Cosmobutter    : ?
14:22 Jonas1998DK    : when i moved house par of it didnt come where i had a brewing stand and a blaze rod
14:24 Cosmobutter    : And?
14:24 Jonas1998DK    : could u give them please
14:24 Jonas1998DK    : u gave me 64
14:29 DeNighty       : Bruh no one is online
14:29 Jonas1998DK    : i am
14:29 DeNighty       : well except you
14:35 DeNighty       : /t 6542 66 1398 
14:40 namrahnad      : Nighty
14:40 DeNighty       : ?
14:41 namrahnad      : Can I get my diamonds
14:41 DeNighty       : Why?
14:41 DeNighty       : And what diamonds?
14:41 namrahnad      : Clearlag. I made a ticket
14:41 DeNighty       : ahh ok
14:41 DeNighty       : I don't have creative, ask cosmo
14:41 namrahnad      : ok
14:55 namrahnad      : Case do you have prismarine shards/crystals?
16:00 Case_1112      : hello
16:07 FoxyTriples    : hi
16:13 Case_1112      : hi
16:13 FoxyTriples    : hi
16:15 Case_1112      : yo check out my basment
16:15 FoxyTriples    : ok
16:15 FoxyTriples    : Ohhhh looks good
16:16 FoxyTriples    : im stuck in matt shop
16:16 Case_1112      : i need help with the basemen
16:16 FoxyTriples    : sure
16:16 Case_1112      : shovel
16:17 FoxyTriples    : where
16:17 FoxyTriples    : i need perms
16:17 FoxyTriples    : ./trust FoxyTriples
16:17 Case_1112      : done
16:17 FoxyTriples    : thx
16:18 Jonas1998DK    : AaAAA
16:18 Jonas1998DK    : I have TOO much bamboo
16:18 Case_1112      : ?
16:19 FoxyTriples    : tanything else??
16:19 FoxyTriples    : anything*
16:19 Case_1112      : I dug too much
16:19 FoxyTriples    : oof
16:19 FoxyTriples    : ima go build a sheep farm rq
16:19 Case_1112      : ok
16:19 Jonas1998DK    : whoever wants to smelt anything can come to me
16:21 FoxyTriples    : why r there red lines on the corners of the obsidian
16:22 FoxyTriples    : rip
16:33 Case_1112      : foxy
16:33 FoxyTriples    : mhm
16:33 Case_1112      : tp to me
16:33 FoxyTriples    : 1 sec
16:34 Case_1112      : I'm making a secret club
16:34 FoxyTriples    : ok
16:35 Case_1112      : what should the wall be
16:35 FoxyTriples    : idk stone bricks?? what happens in the secret club
16:35 Case_1112      : gambling
16:35 Case_1112      : drinking
16:35 FoxyTriples    : ....
16:35 Case_1112      : sex
16:36 FoxyTriples    : nope n ohelp from me
16:36 Case_1112      : ok
16:45 FoxyTriples    : case
16:45 FoxyTriples    : wait
16:45 FoxyTriples    : dw
16:46 FoxyTriples    : anyone selling unbreaking 3
16:50 FoxyTriples    : why r no sheep spawning
16:51 FoxyTriples    : brb
17:00 FoxyTriples    : case do u hv an unbreaking 3 book
17:06 FoxyTriples    : Rip
17:06 FoxyTriples    : i love pigstep
17:12 Case_1112      : hello
17:12 FoxyTriples    : hi
17:12 FoxyTriples    : do u hv an unbreaking 3 book
17:12 Case_1112      : let me check
17:13 Case_1112      : no, sorry
17:13 FoxyTriples    : ok dw
17:13 Jonas1998DK    : i can get u unbreaking but not now
17:13 FoxyTriples    : ok
17:14 FoxyTriples    : what about channeling
17:14 Jonas1998DK    : can too
17:14 FoxyTriples    : oh thx
17:14 Jonas1998DK    : cool
17:14 Jonas1998DK    : 7 dias for elytra
17:15 FoxyTriples    : thats a good deal
17:15 Case_1112      : out
17:15 Case_1112      : now
17:15 Jonas1998DK    : jeez
17:15 FoxyTriples    : whats out now
17:18 FoxyTriples    : yes
17:19 FoxyTriples    : UNBREAKING 3
17:20 Case_1112      : omg someone keeps buying all my elytra
17:20 FoxyTriples    : Lol
17:21 Case_1112      : i need iron
17:21 FoxyTriples    : someones probably buying it and selling for more
17:21 FoxyTriples    : i hv no iron
17:21 Case_1112      : thats what i did lol
17:21 FoxyTriples    : LOL
17:21 FoxyTriples    : what is open
17:21 Case_1112      : ?
17:21 FoxyTriples    : cause u said its finally open
17:23 Case_1112      : Haxixu are you the one buying my elytras?
17:23 Jonas1998DK    : mh
17:23 FoxyTriples    : looks cool
17:24 FoxyTriples    : cosmo
17:24 Cosmobutter    : Yesir?
17:24 Case_1112      : selverfush spoted
17:25 FoxyTriples    : i accidentally hit another infested stone at shopping discrict
17:25 Jonas1998DK    : selverfush or silverfish or serverflush
17:25 FoxyTriples    : why do u guys keep using infested stone
17:25 Cosmobutter    : Ask matt
17:25 FoxyTriples    : ok
17:26 Jonas1998DK    : case
17:26 Jonas1998DK    : u left 6 ladder up here
17:27 Jonas1998DK    : do u need them?
17:27 Jonas1998DK    : il keep them i guess
17:27 Jonas1998DK    : cosmo
17:27 Jonas1998DK    : ru gonna make a shop?
17:28 Cosmobutter    : Already did
17:28 Jonas1998DK    : where?
17:28 Cosmobutter    : Elytra one
17:28 FoxyTriples    : all i want to spawn r sheep
17:28 Jonas1998DK    : thats urs
17:28 Jonas1998DK    : i tought it was nighty's
17:29 Case_1112      : I need to smelt someting
17:29 FoxyTriples    : ok
17:29 Jonas1998DK    : u can smelt them at my base for free :/
17:30 Case_1112      : thx!
17:30 Jonas1998DK    : np
17:30 Case_1112      : can I take some iron? i need some
17:30 Jonas1998DK    : sure
17:30 Jonas1998DK    : just not alot
17:30 Case_1112      : ok
17:31 Case_1112      : I toke 32 is that ok?
17:31 Jonas1998DK    : mhm
17:31 FoxyTriples    : can i pvp someone
17:31 FoxyTriples    : does anyone sell gunpowder
17:33 Jonas1998DK    : foxy
17:33 FoxyTriples    : mhm
17:33 Jonas1998DK    : do u have a shop
17:33 Jonas1998DK    : ?
17:33 FoxyTriples    : not yet
17:33 FoxyTriples    : im looking for sheep to make a wool farm
17:33 FoxyTriples    : and i need gravel for my shop
17:34 FoxyTriples    : im making a wool shop
17:34 Jonas1998DK    : nthn i can help with :/
17:34 FoxyTriples    : sure
17:34 Jonas1998DK    : ?
17:34 FoxyTriples    : do u know a good place for gravel
17:34 FoxyTriples    : ohh sorry
17:34 Jonas1998DK    : well i have some gravel i dont need
17:34 FoxyTriples    : ok how much??
17:34 Jonas1998DK    : let me get it
17:34 FoxyTriples    : ok
17:35 Jonas1998DK    : wait
17:35 FoxyTriples    : hi jpcdb
17:35 Jonas1998DK    : so if u smelt that it gives u gold?
17:35 FoxyTriples    : what?? the nether gold
17:35 Case_1112      : yah
17:35 Case_1112      : if you mine it you get nugets
17:36 Case_1112      : smellet get gold ingots
17:36 Case_1112      : also can I have my gold back plz
17:36 Jonas1998DK    : could u get out so i can fill the hole since iron golems spawn everywhere
17:36 Jonas1998DK    : what gold
17:36 QassataLoL     : hey?
17:36 FoxyTriples    : hi
17:36 Case_1112      : did you take?
17:36 Jonas1998DK    : nope
17:36 Case_1112      : good
17:36 Jonas1998DK    : ask cosmo to see my inv if u dont believe me
17:37 Jonas1998DK    : foxy
17:37 Jonas1998DK    : i have 49
17:37 FoxyTriples    : mhm
17:37 Jonas1998DK    : and 5 flint
17:37 FoxyTriples    : gravel??
17:37 Jonas1998DK    : yes
17:37 FoxyTriples    : thats better than nothing
17:37 FoxyTriples    : how much does it cost
17:37 Case_1112      : I need to buysomething called "Drugs"
17:37 Jonas1998DK    : do u need the flint
17:37 FoxyTriples    : nope
17:37 Jonas1998DK    : oh its free
17:38 FoxyTriples    : oh thx!
17:38 Jonas1998DK    : np
17:38 FoxyTriples    : i need the gravel for concrete
17:38 Jonas1998DK    : to make terracota?
17:38 FoxyTriples    : ??
17:39 Jonas1998DK    : dont u need concrete to make terracota
17:39 Jonas1998DK    : no im mistaken
17:39 Jonas1998DK    : nvm
17:40 Case_1112      : I need to buy some brewing stands Haxixu
17:41 Jonas1998DK    : i only have 1
17:41 Jonas1998DK    : but i do have blaze powder
17:41 Case_1112      : You can make more?
17:41 Jonas1998DK    : sorry
17:41 Jonas1998DK    : i dont have rods
17:41 Jonas1998DK    : only powder
17:41 Case_1112      : ok
17:42 Case_1112      : i will buy some
17:42 Case_1112      : can I buy some?
17:42 Jonas1998DK    : powder?
17:42 Case_1112      : yah
17:42 Jonas1998DK    : sure
17:43 Jonas1998DK    : 32 for a dia
17:43 Case_1112      : ok
17:43 Case_1112      : enderchest
17:43 Jonas1998DK    : i dont have ;/
17:44 Case_1112      : powder
17:46 FoxyTriples    : ima play some hypixel rn im bored
17:48 Jonas1998DK    : back
17:48 Case_1112      : gimi powder
17:49 Case_1112      : thx
17:53 DeNighty       : how did i die xd in the air
17:53 Case_1112      : lol
17:53 Jonas1998DK    : phantom
17:53 DeNighty       : And why do you spawn in the end
17:57 Jonas1998DK    : whoever wants unbreaking 3
17:57 Jonas1998DK    : ill keep it for foxys
17:57 Jonas1998DK    : y?
17:57 Jonas1998DK    : *y
17:57 Jonas1998DK    : case
17:57 Case_1112      : yah?
17:57 Jonas1998DK    : did u take 2 shopkeeper eggs?
17:58 Case_1112      : no?
17:58 Case_1112      : i don't need eggs
17:58 Jonas1998DK    : nvm
17:58 Jonas1998DK    : should i sell bamboo?
17:58 Case_1112      : yes
17:58 Jonas1998DK    : i literally have 2 large chests full
17:59 Jonas1998DK    : what is the shopkeeper max? 3?
17:59 DeNighty       : Cosmobutter
17:59 DeNighty       : Case_1112
17:59 DeNighty       : DeNighty
17:59 Case_1112      : haxixu
17:59 Case_1112      : tp to me
17:59 DeNighty       : Jonas1998DK
17:59 DeNighty       : QassataLoL
18:00 DeNighty       : therealjpcdb
18:00 Jonas1998DK    : where is this?
18:00 Case_1112      : your base is over there
18:00 Jonas1998DK    : nice tks
18:01 Case_1112      : tutel farm
18:01 Case_1112      : I don't hace sea grass tho
18:01 Jonas1998DK    : im a bit of a noob but what do u do with turtles
18:06 therealjpcdb   :  placed a sign @ Unnamed: x-855, z-365
  ALPI HOLE 
18:29 Cosmobutter    : spawn
18:29 QassataLoL placed suspicious WATER_BUCKET @ Unnamed: x-676, z-404
18:29 QassataLoL placed suspicious WATER_BUCKET @ Unnamed: x-676, z-402
18:29 QassataLoL placed suspicious WATER_BUCKET @ Unnamed: x-676, z-401
18:30 QassataLoL placed suspicious LAVA_BUCKET @ Unnamed: x-685, z-386
18:34 QassataLoL placed suspicious WATER_BUCKET @ Unnamed: x-678, z-438
18:34 QassataLoL placed suspicious LAVA_BUCKET @ Unnamed: x-697, z-471
18:35 QassataLoL placed suspicious LAVA_BUCKET @ Unnamed: x-696, z-469
18:35 QassataLoL placed suspicious LAVA_BUCKET @ Unnamed: x-697, z-471
18:35 QassataLoL placed suspicious WATER_BUCKET @ Unnamed: x-679, z-436
18:35 QassataLoL placed suspicious WATER_BUCKET @ Unnamed: x-679, z-436
18:38 Case_1112      : ?
18:39 QassataLoL     : of syphilis bro its ok
18:41 Case_1112      : looking for fishhh
18:44 Case_1112      : someone tp to me
18:45 Case_1112      : wait no everyone tp to me
18:45 Case_1112      : I have a importent ecent
18:45 Case_1112      : event
18:45 Case_1112      : anyone who comes will resive a present
18:45 Case_1112      : get a present
18:46 therealjpcdb   :  placed a sign @ Unnamed: x-832, z-328
  HQ
  <---
18:48 Case_1112 placed suspicious LAVA_BUCKET @ Unnamed: x-94, z272
18:49 Case_1112 placed suspicious LAVA_BUCKET @ Unnamed: x-88, z282
18:49 Case_1112 placed suspicious LAVA_BUCKET @ Unnamed: x-49, z280
18:49 Case_1112 placed suspicious LAVA_BUCKET @ Unnamed: x-51, z267
18:49 Case_1112 placed suspicious LAVA_BUCKET @ Unnamed: x-48, z268
18:49 Case_1112 placed suspicious LAVA_BUCKET @ Unnamed: x-45, z268
18:50 Case_1112 placed suspicious LAVA_BUCKET @ Unnamed: x-45, z279
18:50 Case_1112 placed suspicious LAVA_BUCKET @ Unnamed: x-49, z280
18:50 Case_1112 placed suspicious LAVA_BUCKET @ Unnamed: x-52, z283
18:50 Case_1112 placed suspicious LAVA_BUCKET @ Unnamed: x-54, z285
18:50 Case_1112 placed suspicious LAVA_BUCKET @ Unnamed: x-51, z286
18:50 Case_1112 placed suspicious LAVA_BUCKET @ Unnamed: x-55, z286
18:50 Case_1112 placed suspicious LAVA_BUCKET @ Unnamed: x-53, z286
18:50 Case_1112 placed suspicious LAVA_BUCKET @ Unnamed: x-55, z285
18:50 Case_1112 placed suspicious LAVA_BUCKET @ Unnamed: x-51, z282
18:50 Case_1112 placed suspicious LAVA_BUCKET @ Unnamed: x-53, z273
18:50 Case_1112 placed suspicious LAVA_BUCKET @ Unnamed: x-48, z271
18:50 Case_1112 placed suspicious LAVA_BUCKET @ Unnamed: x-48, z272
18:50 Case_1112 placed suspicious LAVA_BUCKET @ Unnamed: x-41, z269
18:50 Case_1112 placed suspicious LAVA_BUCKET @ Unnamed: x-43, z268
18:51 Case_1112 placed suspicious LAVA_BUCKET @ Unnamed: x-49, z262
18:51 Case_1112 placed suspicious LAVA_BUCKET @ Unnamed: x-48, z261
18:51 Case_1112 placed suspicious LAVA_BUCKET @ Unnamed: x-43, z259
18:51 Case_1112 placed suspicious LAVA_BUCKET @ Unnamed: x-42, z259
18:51 Case_1112 placed suspicious LAVA_BUCKET @ Unnamed: x-42, z260
18:51 Case_1112 placed suspicious LAVA_BUCKET @ Unnamed: x-65, z286
18:51 Case_1112 placed suspicious LAVA_BUCKET @ Unnamed: x-72, z284
18:51 Case_1112 placed suspicious LAVA_BUCKET @ Unnamed: x-108, z276
18:52 Case_1112 placed suspicious LAVA_BUCKET @ Unnamed: x-73, z298
18:52 Case_1112 placed suspicious LAVA_BUCKET @ Unnamed: x-73, z297
18:52 Case_1112 placed suspicious LAVA_BUCKET @ Unnamed: x-63, z290
18:52 Case_1112 placed suspicious LAVA_BUCKET @ Unnamed: x-80, z289
18:53 Case_1112 placed suspicious LAVA_BUCKET @ Unnamed: x-100, z274
18:53 Case_1112 placed suspicious LAVA_BUCKET @ Unnamed: x-101, z278
18:53 Case_1112 placed suspicious LAVA_BUCKET @ Unnamed: x-100, z273
18:53 Case_1112 placed suspicious LAVA_BUCKET @ Unnamed: x-98, z273
18:54 Case_1112 placed suspicious LAVA_BUCKET @ Unnamed: x-96, z273
18:54 Case_1112 placed suspicious LAVA_BUCKET @ Unnamed: x-100, z273
18:54 Case_1112 placed suspicious LAVA_BUCKET @ Unnamed: x-98, z273
18:54 Case_1112 placed suspicious LAVA_BUCKET @ Unnamed: x-100, z273
18:54 Case_1112 placed suspicious LAVA_BUCKET @ Unnamed: x-96, z273
18:54 Case_1112 placed suspicious LAVA_BUCKET @ Unnamed: x-98, z273
19:12 Cosmobutter    :  placed a sign @ Unnamed: x-837, z-272
  To underground
  plaza
19:15 DeNighty       : wtf
19:15 Cosmobutter    : Bruh
19:15 Cosmobutter    : How
19:15 Cosmobutter    : I didn't touch him
19:20 DeNighty       : ah cmon
19:49 Cosmobutter:  placed a sign @ Unnamed: x-832, z-330
  HQ
  >>>>
19:51 Cosmobutter:  placed a sign @ Unnamed: x-830, z-340
  Farmland
  Stables
  >>>>
19:51 Cosmobutter:  placed a sign @ Unnamed: x-830, z-322
  Cosmo's Base
  >>>>
19:51 Cosmobutter:  placed a sign @ Unnamed: x-831, z-341
  Jon + Qassata's
  Base
  <<<<
21:19 namrahnad  :  placed a sign @ Unnamed_nether: x44, z9
  TF
  LOOK INSIDE
  <-
23:43 Case_1112 placed suspicious LAVA_BUCKET @ Unnamed: x-81, z271
