01:15 KingCreeperr placed suspicious WATER_BUCKET @ Unnamed: x664, z-1855
01:15 KingCreeperr placed suspicious WATER_BUCKET @ Unnamed: x663, z-1855
01:16 KingCreeperr placed suspicious WATER_BUCKET @ Unnamed: x375, z-1869
01:17 KingCreeperr placed suspicious WATER_BUCKET @ Unnamed: x258, z-1858
01:17 KingCreeperr placed suspicious WATER_BUCKET @ Unnamed: x257, z-1858
06:45 Koolaidguy_541 : hello comso
06:45 Koolaidguy_541 : cosmo
06:45 Cosmobutter    : Dawn il vibes
06:45 Koolaidguy_541 : lol
06:48 Koolaidguy_541 : i know ur in my house
06:48 Cosmobutter    : I know you do
06:52 Cosmobutter    : Aruh carlu
06:53 Koolaidguy_541 : QED ICEMPEL glenn
07:02 Koolaidguy_541 : cosmo
07:02 Koolaidguy_541 : itzluxz opened the bee hive 1.25 days ago
07:10 Koolaidguy_541 : cosmo
07:10 Koolaidguy_541 : u removed tpr?
07:11 Cosmobutter    : Look in #change-logs
07:11 Koolaidguy_541 : k
07:11 Koolaidguy_541 : mmm
07:27 Koolaidguy_541 placed suspicious WATER_BUCKET @ Unnamed: x-260, z321
07:28 Koolaidguy_541 placed suspicious WATER_BUCKET @ Unnamed: x-260, z321
07:30 Cosmobutter    : Religion online lesson be like
07:30 Koolaidguy_541 : :((
07:30 vi0lett_       : >->
07:30 Koolaidguy_541 : ash btw
07:30 vi0lett_       : I got either math or IT next
07:30 Koolaidguy_541 : tks
07:31 vi0lett_       : ?
07:31 Koolaidguy_541 : people in my house thing
07:31 vi0lett_       : Oh
07:31 vi0lett_       : np
07:31 vi0lett_       : I killed them cause they didnt wanna listen
07:31 vi0lett_       : Did cosmo open their graves for you?
07:31 Cosmobutter    : No?
07:32 Koolaidguy_541 : theres 1 still there but nv,
07:32 Cosmobutter    : Did I have to do that?
07:32 Koolaidguy_541 : nvm
07:32 Koolaidguy_541 : haqqhom
07:32 Cosmobutter    : Where is it?
07:32 vi0lett_       : Lemme show you all 3 of em
07:32 vi0lett_       : here
07:33 Koolaidguy_541 : oof
07:33 Cosmobutter    : Keep it
07:33 Koolaidguy_541 : all my stuff bruhhh
07:33 Koolaidguy_541 : i cant
07:33 vi0lett_       : he cant take em
07:33 vi0lett_       : only you can cosmo
07:33 vi0lett_       : pick em up and drop em
07:33 Cosmobutter    : Lemme try and edit the confiq
07:33 vi0lett_       : No time
07:34 vi0lett_       : Hurry
07:34 Cosmobutter    : Frick
07:34 vi0lett_       : clear lag soon
07:34 vi0lett_       : UHOH
07:35 Koolaidguy_541 : got what i wanted
07:35 Koolaidguy_541 : tks
07:35 vi0lett_       : :D
07:35 Cosmobutter    : Atleast
07:35 vi0lett_       : .
07:35 vi0lett_       : Cosmo-
07:35 Cosmobutter    : Big brain
07:35 vi0lett_       : my water
07:35 Cosmobutter    : Oh
07:35 vi0lett_       : smal brein
07:35 Cosmobutter    : Inteligenk
07:36 Cosmobutter    : Learning from the best nob
07:36 vi0lett_       : yes
07:36 vi0lett_       : OH
07:36 vi0lett_       : Also
07:36 vi0lett_       : in here
07:36 vi0lett_       : Here
07:36 Koolaidguy_541 : ohh
07:37 vi0lett_       : oh only a block
07:37 Koolaidguy_541 : so thats why my sugar cane farm stopped working
07:37 vi0lett_       : yup
07:37 vi0lett_       : he broke it
07:37 vi0lett_ placed suspicious WATER_BUCKET @ Unnamed: x-237, z352
07:37 vi0lett_       : Why do I have a grave key
07:37 vi0lett_       : nyom
07:39 vi0lett_       : this was weixd guy who broke it
07:39 vi0lett_       : he broke a piece of glass and let a creeper explode
07:39 Koolaidguy_541 : back
07:39 Koolaidguy_541 : nice
07:40 vi0lett_       : put glass here cosmo
07:40 vi0lett_       : its too big
07:40 vi0lett_       : baby mobs can get out
07:40 vi0lett_       : still
07:40 vi0lett_       : yes
07:40 Koolaidguy_541 : aah
07:41 Koolaidguy_541 : bruhh
07:41 Koolaidguy_541 : you cant drop items while in pvp comba
07:41 vi0lett_       : Help i got the hiccups
07:42 Cosmobutter    : Bruh what is this dude
07:42 Koolaidguy_541 : sorry
07:42 Cosmobutter    : Not you
07:42 Cosmobutter    : The video
07:42 FrancescoMifsud: hi
07:42 vi0lett_       : hi
07:43 vi0lett_       : Also
07:43 vi0lett_       : uhm
07:43 vi0lett_       : Cosmo
07:43 FrancescoMifsud: btw i downloded last generation
07:43 Cosmobutter    : ?
07:43 Cosmobutter    : Ye?
07:43 vi0lett_       : I need 50k claim blocks for my nation
07:43 vi0lett_       : Lmfao
07:43 Koolaidguy_541 : wait
07:43 Koolaidguy_541 : how do i get blocks
07:43 vi0lett_       : stay active
07:43 Koolaidguy_541 : ohh
07:43 vi0lett_       : you get em by being in the server
07:43 Cosmobutter    : Do you know the command?
07:43 vi0lett_       : Nope
07:44 Cosmobutter    : brb lemme search it up
07:44 vi0lett_ placed suspicious WATER_BUCKET @ Unnamed: x-233, z324
07:46 vi0lett_       : You gotta claim these chests
07:46 Koolaidguy_541 : i need 24 more blocks
07:46 vi0lett_       : o
07:47 vi0lett_       : Just stay for like half an hour
07:47 Koolaidguy_541 : k
07:48 vi0lett_       : LMFAO
07:48 vi0lett_       : it poofed
07:49 vi0lett_       : oop-
07:49 vi0lett_       : Yeah you gave em
07:49 Cosmobutter    : There you go
07:49 vi0lett_       : thanks
07:49 Cosmobutter    : Np
07:49 vi0lett_       : time to claim
07:51 Cosmobutter    : Kool
07:51 Koolaidguy_541 : bruhh
07:52 Cosmobutter    : Where are you moving your base so I can move your mob farm
07:52 Koolaidguy_541 : everyone camping at my mob farm
07:52 Koolaidguy_541 : really???
07:52 Cosmobutter    : Yes
07:52 Koolaidguy_541 : let me find a place
07:52 vi0lett_       : Oh shit I read it wrong it was 5k not 50k lmfao
07:52 vi0lett_       : you can take 45k away
07:52 Cosmobutter    : I don't think I can
07:52 Cosmobutter    : Oof
07:52 vi0lett_       : shit
07:52 Koolaidguy_541 : the mob farm>
07:52 Koolaidguy_541 : ?
07:55 vi0lett_       : Oh well Lobiks guy exploded a creeper in my base
07:55 Cosmobutter    : Okay, your mob farm is ready to transfer
07:55 vi0lett_       : itzLuxz stole 9 diamonds from lor
07:55 Koolaidguy_541 : still travveling
07:56 vi0lett_       : and 192 torches jesus
07:59 Koolaidguy_541 : how can i fix a broken elytra?
07:59 vi0lett_       : membrane
07:59 vi0lett_       : or mending
08:02 Koolaidguy_541 : anyone have phantom membrane?
08:02 Koolaidguy_541 : "jahasra xi gralu
08:03 Cosmobutter    : Lol
08:03 Cosmobutter    : Come look at this
08:03 vi0lett_       : .
08:03 Cosmobutter    : So this does anti lag
08:03 vi0lett_       : : o
08:03 Cosmobutter    : But
08:03 vi0lett_       : I hold the powr-
08:03 vi0lett_       : DOG
08:03 Cosmobutter    : There's a dog
08:04 vi0lett_       : I HOLD THE POWER OF GODS
08:04 vi0lett_       : .
08:04 vi0lett_       : :C
08:04 vi0lett_       : You're mean
08:04 Cosmobutter    : I made this during the time of the immense bamboo farm
08:04 Cosmobutter    : Cause lag
08:04 vi0lett_       : rude
08:04 vi0lett_       : :C
08:06 vi0lett_       : Nob
08:06 QassataLoL     : lol
08:06 Cosmobutter    : Just tped myself to Y=-7500
08:06 Cosmobutter    : Feeling good
08:06 vi0lett_       : Noblet
08:06 QassataLoL     : lmao
08:07 TortaLoL       : hello guys
08:07 vi0lett_       : Hi cake
08:08 Cosmobutter    : Hi
08:08 vi0lett_ placed suspicious WATER_BUCKET @ Unnamed: x794, z633
08:09 TortaLoL       : and the difficulity is still normal lol
08:09 Cosmobutter    : Bruh
08:12 TortaLoL       : when will we recieve shopping district plots
08:12 Koolaidguy_541 : when there is the need
08:12 Cosmobutter    : Tommorow
08:12 Cosmobutter    : MAtt is doing it tho
08:13 vi0lett_       : MAtt
08:13 TortaLoL       : wdym by that
08:13 Cosmobutter    : Matt is taking care of it
08:13 Cosmobutter    : Matt is taking care of it
08:13 vi0lett_       : Matt is taking care of it
08:13 TortaLoL       : wow i needed explained to me three times
08:14 Cosmobutter    : Torta
08:14 Cosmobutter    : Matt is taking care of it
08:14 Koolaidguy_541 : LoL
08:14 vi0lett_       : yeah
08:14 TortaLoL       : never knew that
08:14 vi0lett_       : :pensive:
08:16 QassataLoL     : bennie
08:16 Cosmobutter    : Yes?
08:16 vi0lett_       : BENNIE
08:16 QassataLoL     : thing is broken
08:16 vi0lett_       : B e n n i e
08:17 QassataLoL     : H E L P
08:18 vi0lett_       : Aight imma go eat bye nobs
08:18 Cosmobutter    : Bye
08:49 FrancescoMifsud: /whisper QassataLoL 
08:50 Cosmobutter    : Cyka Bread
08:50 Koolaidguy_541 : blayat
08:50 mattyy_pastizzi: /msg QassataLoL hey daddy ;) 
08:50 QassataLoL     : /w mattyy_pastizzi aw sex 
08:50 mattyy_pastizzi: /msg QassataLoL meet me at spawn so we bang it out ;) 
08:50 Cosmobutter    : Bruh Momento
08:51 mattyy_pastizzi: /msg QassataLoL i dont think we are right for each other... Im divorcing you 
08:52 mattyy_pastizzi: Welcome!
08:52 vi0lett_       : Hi nobs
08:52 QassataLoL     : /w mattyy_pastizzi NOOO PLS DONT LEAVE ME 
08:52 Cosmobutter    : Noberrs
08:52 vi0lett_       : Matt dumb
08:52 Koolaidguy_541 : thanks you
08:52 mattyy_pastizzi: its the changing the account every week for me...
08:52 Koolaidguy_541 : NIALL
08:52 Koolaidguy_541 : HAHA
08:52 vi0lett_       : It's the dumb for me
08:52 Koolaidguy_541 : HAHAHAHAHA
08:52 Koolaidguy_541 : HAHAHAHA
08:52 Koolaidguy_541 : Dahhlu FSORMOK
08:53 mattyy_pastizzi: its the grandma's ash-es for me
08:53 mattyy_pastizzi: jk
08:53 vi0lett_       : It's the thats not even my real name for me
08:53 Koolaidguy_541 : my pussy cat's ash's
08:53 vi0lett_       : WTF
08:53 mattyy_pastizzi: 0_0
08:54 vi0lett_       : Matt is such a nob he didnt shoot a bow before
08:54 mattyy_pastizzi: i dont use bows
08:54 Koolaidguy_541 : bruhh
08:54 mattyy_pastizzi: i prefer swords
08:54 vi0lett_       : lame
08:54 Koolaidguy_541 : u literally just got the achievement today ash......
08:54 vi0lett_       : This is a new acc
08:54 Koolaidguy_541 : oh forgot ......
08:55 mattyy_pastizzi:  placed a sign @ Unnamed: x-90, z276
  Drift
08:55 Koolaidguy_541 : MATTHEW
08:55 Koolaidguy_541 : ITALIAN
08:55 Koolaidguy_541 : IT teach is asking for u
08:55 mattyy_pastizzi: tghidx ha nidhol ghad fadal 5 mins
08:55 Koolaidguy_541 : LoL
08:56 Koolaidguy_541 : bruhh
08:56 Koolaidguy_541 : ara il kamra ta james flask
08:57 Koolaidguy_541 : this grief protection is so stressful
08:57 vi0lett_       : wdym
08:57 Koolaidguy_541 : iron farm not working
08:57 Koolaidguy_541 : and i dont have enough blocks
09:04 Koolaidguy_541 : anyone have fortune III
09:04 FrancescoMifsud: me
09:05 FrancescoMifsud: no
09:05 Koolaidguy_541 : ?
09:05 FrancescoMifsud: nevermind
09:10 QassataLoL     : t
09:55 Koolaidguy_541 : cosmo
09:55 Cosmobutter    : ?
09:56 Cosmobutter    : Welcome!
09:56 vi0lett_       : Thas my friend
09:56 vi0lett_       : Camping nob
09:56 Dutch______    : no you
09:56 vi0lett_       : yes u
09:57 Dutch______    : what be rules?
09:57 vi0lett_       : check the discord rules channel
09:59 Dutch______    : i see there is no rule on hacking *growing cosern*
09:59 Cosmobutter    : There is
09:59 Cosmobutter    : Section C rule 3
10:00 Dutch______    : did you just add that lol
10:00 Cosmobutter    : Nope
10:00 Dutch______    : hmmm
10:00 Cosmobutter    : I updated the section headers tho
10:00 Dutch______    : pog
10:01 Cosmobutter    : /w vi0lett_ What are their pronouns? 
10:01 vi0lett_       : /w Cosmobutter Dutch is he/him 
10:01 vi0lett_       : /w Cosmobutter kasterial is she/her 
10:01 Dutch______    : dont mind me just speed runing
10:01 Cosmobutter    : Welcome kast btw
10:01 Cosmobutter    : Kk
10:02 Dutch______    : question is keep inevntory on?
10:02 vi0lett_       : no
10:02 Dutch______    : dang
10:02 Koolaidguy_541 : there are graves
10:02 vi0lett_       : Theres graves tho so items dont despawn
10:02 Koolaidguy_541 : tho
10:03 Dutch______    : oh ok
10:05 Dutch______    : dont kill me ._.
10:07 Dutch______    : FARIYS???
10:07 kasterial      : berries
10:07 Dutch______    : you mean vex?
10:08 Dutch______    : i need to find my stuff
10:12 Cosmobutter    : /r Need help clearing that area out with magic? 
10:12 vi0lett_       : /w Cosmobutter sure 
10:12 vi0lett_       : /w Cosmobutter too much- 
10:13 kasterial      : thank you
10:13 Cosmobutter    : Np, glad to help
10:13 vi0lett_       : dont
10:13 kasterial      : cave house
10:13 vi0lett_       : leave that-
10:13 kasterial      : sounds fun
10:13 Dutch______    : dont what?
10:13 vi0lett_       : yes
10:13 Cosmobutter    : Yes or nien?
10:13 vi0lett_       : Yeis
10:14 Cosmobutter    : Kk
10:14 Cosmobutter    : Tell me if you need anything
10:14 kasterial      : okay will do
10:14 Dutch______    : how to ecapt tp request sorry for bad english
10:14 Cosmobutter    : /r Rate my simp performance from 0/10 
10:14 Cosmobutter    : It's fine
10:14 vi0lett_       : /w Cosmobutter 100/10 simps 
10:14 Cosmobutter    : Just to /tpa <username>
10:15 Cosmobutter    : /r Danke 
10:15 vi0lett_       : /w Cosmobutter she's 17 btw Lmfao 
10:15 Dutch______    : whats ashys minecraft username?
10:15 Cosmobutter    : /r Nice 
10:15 vi0lett_       : vi0lett_
10:15 Cosmobutter    : /r Thanks for the heads up lol 
10:16 Cosmobutter    : /r I swear to god on 1st of April I'm changing the name to Simp SMP 
10:16 vi0lett_       : /w Cosmobutter YES 
10:16 Cosmobutter    : /r Either that or a Named SMP 
10:16 vi0lett_       : /w Cosmobutter Simp is better 
10:16 Cosmobutter    : /r Mhm 
10:17 Dutch______    : /msg vi0lett_ can i has dimonds plz 
10:17 Dutch______    : /msg vi0lett_ a few 
10:18 Dutch______    : /msg vi0lett_ i cant place 
10:18 Dutch______    : /msg vi0lett_ i fforgot how to un make it a block 
10:18 vi0lett_       : /w Dutch______ just put it in crafting tabl 
10:19 Dutch______    : /msg vi0lett_ bruh im slow 
10:19 vi0lett_       : /w Dutch______ yes 
10:20 Dutch______    : /msg vi0lett_ pretty much 18 
10:21 vi0lett_       : /w Cosmobutter we're in vc btw 
10:22 Cosmobutter    : /r Tough so, Dutch isn't with you though? 
10:22 vi0lett_       : /w Cosmobutter he is 
10:22 vi0lett_       : /w Cosmobutter hes camping 
10:22 Cosmobutter    : /r Oh right, I joined 
10:22 Cosmobutter    : /r But im shy 
10:23 Cosmobutter    : Ello
10:24 DeNighty       : Cosmo your muted if you didn't know
10:25 Cosmobutter    : Why does this say I placed it 12 m ago?
10:25 vi0lett_       : LMFAO
10:25 DeNighty       : LOL
10:25 Cosmobutter    : Which is not true
10:25 Dutch______    : totally unfair
10:26 DeNighty       :  placed a sign @ Unnamed: x846, z408
  nighty was here
10:26 DeNighty       :  placed a sign @ Unnamed: x847, z408
  i have lesson
  in 9 min
10:26 Cosmobutter    : Hello cake
10:26 DeNighty       : Hi feminine cake
10:26 TortaLoL       : Hello my skinny penises
10:26 DeNighty       : Pianissimo?
10:27 DeNighty       :  placed a sign @ Unnamed: x848, z408
  8 
10:27 DeNighty       :  placed a sign @ Unnamed: x848, z408
  8 now
10:27 Cosmobutter    : ?
10:28 Cosmobutter    : When dynmap fixes their bug
10:28 DeNighty       : Cosmo
10:28 DeNighty       : can i give it for her as a reward for the mines?
10:28 Cosmobutter    : ??
10:29 Cosmobutter    :  placed a sign @ Unnamed: x855, z411
  Follow god
10:30 TortaLoL       :  placed a sign @ Unnamed: x-107, z237
  NEW COMPANY
  COMING SOON
  -your thick cake
10:33 DeNighty       :  placed a sign @ Unnamed: x855, z411
  jesus gets 
  revived,
  pay respect
10:33 Cosmobutter    : You can keep that
10:33 DeNighty       : Rule 1
10:33 Cosmobutter    : :(
10:33 DeNighty       : Section B Rule 1
10:33 DeNighty       : HOLY
10:35 Cosmobutter    : *evil noises*
10:35 DeNighty       : God
10:35 DeNighty       : K gtg now cya at like 14:50
10:35 DeNighty       : gmt+2
10:36 Dutch______    : ayo whos dieing
10:36 Dutch______    : whos dieing ._.
10:38 Dutch______    : hobos?
10:39 Dutch______    : rude
10:39 Cosmobutter    : Well
10:40 Cosmobutter    : /r No cap you sound older than her 
10:40 vi0lett_       : /w Cosmobutter yeah she commit high voice 
10:40 Cosmobutter    : /r No cap you sound older than her 
10:40 Cosmobutter    : /r Wait wrong message lol 
10:41 Cosmobutter    : You have a vine farm
10:41 Cosmobutter    : Follow
10:45 TortaLoL       : anyone wants a mending book for 4 dia
10:47 Cosmobutter    : w0t
10:47 Dutch______    : furrys
10:48 Cosmobutter    : Where are they>
10:48 Cosmobutter    : Where are they?
10:48 Cosmobutter    : I'd like some
10:48 Dutch______    : some furrys?
10:48 Cosmobutter    : yes
10:48 Dutch______    : me?
10:48 Cosmobutter    : /r vi0lett_ Is he the furry you told me abt? 
10:48 vi0lett_       : /w Cosmobutter no 
10:48 vi0lett_       : /w Cosmobutter but pretty sure he is one too 
10:48 vi0lett_       : ./sethome
10:49 Cosmobutter    : /r Oooo 
10:49 TortaLoL placed suspicious WATER_BUCKET @ Unnamed: x-424, z1451
10:49 kasterial      : i did
10:49 vi0lett_       : /w Cosmobutter he wears maid outfits 
10:49 Cosmobutter    : /r Oh 
10:49 Cosmobutter    : /r Not that intruifuing 
10:49 Cosmobutter    : /r Not that intruiguing 
10:50 Cosmobutter    : ?
10:50 Cosmobutter    : What is what?
10:50 Cosmobutter    : I don't see anything :sly_smile:
10:50 TortaLoL placed suspicious WATER_BUCKET @ Unnamed: x-374, z1484
10:50 Dutch______    : dude
10:50 Cosmobutter    : dude
10:50 Cosmobutter    : hehehe
10:51 Cosmobutter    : Not anymore
10:51 Dutch______    : YOO THATS WHAT I do on my sever my man
10:51 Cosmobutter    : Pvp
10:51 Cosmobutter    : I do be vibing
10:51 Dutch______    : ye ye
10:51 vi0lett_ placed suspicious WATER_BUCKET @ Unnamed: x848, z419
10:52 Cosmobutter    : Noo
10:52 vi0lett_ placed suspicious WATER_BUCKET @ Unnamed: x827, z416
10:52 Cosmobutter    : I lost my 69 quadrillion levels that I got legitametly
10:52 mattyy_pastizzi: /msg Cosmobutter nighty didnt get the message 
10:52 vi0lett_       : L
10:52 mattyy_pastizzi: /msg Cosmobutter we leave it 
10:52 vi0lett_       : Cutely steals your stuff OwO
10:52 Cosmobutter    : Owo
10:52 Dutch______    : owo
10:52 Cosmobutter    : Cutely remembers that I have spi
10:54 Cosmobutter    : /r Had to go get bullied by my teacher 
10:54 Cosmobutter    : /r Had to go get bullied by my teachers 
10:54 TortaLoL placed suspicious WATER_BUCKET @ Unnamed: x-369, z1487
10:54 mattyy_pastizzi: /msg Cosmobutter what heppened?? 
10:54 TortaLoL placed suspicious WATER_BUCKET @ Unnamed: x-368, z1487
10:54 Cosmobutter    : /w vi0lett_ Had to go get bullied by my teacher 
10:56 TortaLoL       : cosmo fix nighty or something
10:56 mattyy_pastizzi: /msg vi0lett_ The bakery in Kolibri, who owns it? 
10:56 Cosmobutter    : Why don't you go owo with Arrow
10:56 Dutch______    : that looks like an unfinished wall
10:56 Dutch______    : i can fix that
10:56 Dutch______    : :3
10:57 TortaLoL       : huh
10:57 vi0lett_       : /w mattyy_pastizzi Eva, my friend 
10:57 mattyy_pastizzi: ashy dms
10:57 Koolaidguy_541 :  placed a sign @ Unnamed: x-89, z276
  30 Dias
  Haxixu
10:57 kasterial      : if you simp on her imma kill you on minecraft :(
10:57 TortaLoL       : kasterial cosmo simped on her
10:57 Cosmobutter    : WHO MENTIONED SIMO
10:57 Cosmobutter    : WHO MENTIONED SIMP
10:57 kasterial      : ?
10:58 kasterial      : cookie le goat
10:58 Koolaidguy_541 : SIMO
10:58 kasterial      : im the biggest simp here
10:58 TortaLoL       : sumo
10:58 Cosmobutter    : Doubt
10:58 kasterial      : in morbid studios
10:58 kasterial      : ITS TRUE
10:58 Cosmobutter    : Kast
10:58 vi0lett_       : Cosmo and Alex are simps
10:58 Cosmobutter    : I assure you
10:58 kasterial      : ask ashy
10:58 Cosmobutter    : I am THE simpw
10:58 Cosmobutter    : I am THE simp
10:58 vi0lett_       : I think Alex is a bigger simp tho
10:58 kasterial      : challenge is on
10:58 Cosmobutter    : Yes
10:58 Cosmobutter    : Challenge is on
10:58 TortaLoL       : cosmo is short
10:58 kasterial      : LOL
10:58 Cosmobutter    : There
10:58 TortaLoL       : and noob at the game
10:58 mattyy_pastizzi: hes taller than you torta...
10:58 Cosmobutter    : I win
10:58 kasterial      : I BET COSMO IS LIKE 4'11
10:59 TortaLoL       : 4'7
10:59 Cosmobutter    : Did discord just go down for me only?
10:59 TortaLoL       : no
10:59 TortaLoL placed suspicious WATER_BUCKET @ Unnamed: x-424, z1453
11:00 Dutch______    : ill take them if you dont want them
11:00 Dutch______    : NO
11:00 Dutch______    : GIVE THEM TO MEEEE
11:00 kasterial      : no need to simp on ashy she's my girlfriend already (;
11:00 Cosmobutter    : !
11:00 Koolaidguy_541 : !
11:00 Dutch______    : lesbin comfierd
11:00 TortaLoL       : cosmo is a transgenda
11:00 kasterial      : yes
11:01 Dutch______    : /msg vi0lett_ plz give me the netherite 
11:01 Cosmobutter    : Im not torta
11:01 Dutch______    : /msg vi0lett_ idc its netherite lol 
11:01 kasterial      : imagine using creative mode to simp on ashy atleast i work hard for what i give her
11:01 Dutch______    : /msg vi0lett_ 2? 
11:01 TortaLoL       : bro
11:01 Cosmobutter    : Stilll simping
11:02 Dutch______    : /msg vi0lett_ ok 
11:02 kasterial      : i simp on everyone
11:02 kasterial      : ABOVE THE AGE OF 15
11:02 vi0lett_       : Alex simped on Prince
11:02 Cosmobutter    : Sad face
11:02 Cosmobutter    : Oh LMAO
11:02 Dutch______    : /msg vi0lett_ yay thanks 
11:02 vi0lett_       : bc he sounds like corpse
11:02 kasterial      : Because that's what you call pedophilia if i date 13 year olds
11:03 TortaLoL placed suspicious WATER_BUCKET @ Unnamed: x-378, z1484
11:04 Dutch______    : for my next projcte ill need a water temple and lots and lots of neatherack sand and glass lol
11:04 Dutch______    : lol
11:05 QassataLoL     : WTF
11:05 Dutch______    : /msg vi0lett_ dang i thought it was me 
11:06 Koolaidguy_541 : FTW
11:06 mattyy_pastizzi: Ash..
11:06 TortaLoL placed suspicious WATER_BUCKET @ Unnamed: x-419, z1471
11:06 vi0lett_       : ?
11:06 TortaLoL placed suspicious WATER_BUCKET @ Unnamed: x-418, z1471
11:06 mattyy_pastizzi: Why did you push Qassata in the endermen?
11:06 vi0lett_       : Wdym
11:06 Cosmobutter    : Uwu
11:06 mattyy_pastizzi: Thats what he is saying
11:06 Koolaidguy_541 : Matt why did u talk
11:06 vi0lett_       : I didn't ?
11:06 mattyy_pastizzi: Ok
11:06 vi0lett_       : Check where his grave is
11:06 Cosmobutter    : What's your proof Matt?
11:06 mattyy_pastizzi: Boq
11:07 mattyy_pastizzi: Hes telling me
11:07 vi0lett_       : I came from outside not inside
11:07 Cosmobutter    : Bruh
11:07 vi0lett_       : So i wouldve pushed him away
11:07 mattyy_pastizzi: idk tbh
11:07 StepSmiley     : /w cosmo pls give me perms 
11:08 Cosmobutter    : Hi simley
11:08 Cosmobutter    : Still sad you rejected me
11:09 Dutch______    : thats my house
11:09 Koolaidguy_541 : SMILEY FROM BRUSSELS
11:09 Dutch______    : oh
11:09 Dutch______    : i didnt know
11:09 Dutch______    : well if you think about it this could be the enter place?
11:09 Dutch______    : rent a boat store/house
11:10 Dutch______    : ye?
11:10 Dutch______    : i can build a dock
11:10 Koolaidguy_541 : dock ommk
11:10 Dutch______    : ok
11:12 vi0lett_       : Alex simp
11:12 mattyy_pastizzi: who tf is alex?
11:12 vi0lett_       : kasterial
11:12 mattyy_pastizzi: ah ok
11:12 vi0lett_       : She big simp
11:13 vi0lett_       : cake guy joined
11:14 Cosmobutter    : Cake
11:14 vi0lett_       : Wait cosmo's here?
11:14 Cosmobutter    : Nope
11:15 StepSmiley     : do you have an ender chest?
11:15 mattyy_pastizzi: want me to help?
11:15 Dutch______    : sure
11:15 Cosmobutter    : Its here
11:15 mattyy_pastizzi: all the way glass??
11:15 StepSmiley     : o
11:15 mattyy_pastizzi: good like this?
11:15 Dutch______    : ye
11:15 mattyy_pastizzi: great!
11:16 FrancescoMifsud: helo
11:16 kasterial      : hi
11:16 QassataLoL     : bongu
11:16 FrancescoMifsud placed suspicious WATER_BUCKET @ Unnamed: x-834, z-384
11:16 Dutch______    : thanks
11:18 kasterial      :  placed a sign @ Unnamed: x833, z410
  Potato
11:18 vi0lett_       :  placed a sign @ Unnamed: x834, z409
  Potato
11:18 kasterial      :  placed a sign @ Unnamed: x835, z408
  Weat
11:18 mattyy_pastizzi: /msg Cosmobutter not me wanting to roll back his base... 
11:18 kasterial      :  placed a sign @ Unnamed: x843, z415
  Carrots
11:19 kasterial      :  placed a sign @ Unnamed: x843, z418
  Ashy and alex
  's Build
11:19 kasterial      :  placed a sign @ Unnamed: x843, z419
  Ask for permissio
11:20 vi0lett_       :  placed a sign @ Unnamed: x843, z418
  Ash and Alex's 
  House
11:21 Dutch______    : sever lag?
11:21 Dutch______    : ye
11:21 mattyy_pastizzi: ye its lagging for me
11:21 vi0lett_       :  placed a sign @ Unnamed: x843, z419
  Ask for
  permission to go
  inside
11:21 Dutch______    : i need wood for docks
11:21 kasterial      : matt
11:21 kasterial      : stop
11:21 mattyy_pastizzi: ye?
11:22 mattyy_pastizzi: haha ok
11:22 mattyy_pastizzi: was just joking around lmao
11:22 Cosmobutter    : /w vi0lett_ Wait 
11:22 Cosmobutter    : /w vi0lett_ You're actually with Alex? 
11:22 kasterial      :  placed a sign @ Unnamed: x859, z414
  1.Wood
  2.Iron
11:23 vi0lett_       : /w Cosmobutter nope 
11:23 kasterial      :  placed a sign @ Unnamed: x859, z417
  1.
  2.
11:23 Cosmobutter    : /r Oh lol, I caw your sign 
11:23 vi0lett_       : /w Cosmobutter yeah she asked if we can be roomates 
11:23 kasterial      :  placed a sign @ Unnamed: x859, z414
  1. WOOD
11:23 kasterial      :  placed a sign @ Unnamed: x859, z415
  2. Iron
11:23 kasterial      :  placed a sign @ Unnamed: x859, z417
  1. Stone
11:24 kasterial      :  placed a sign @ Unnamed: x859, z418
  2. armor
11:24 Cosmobutter    : /r Ah 
11:32 Koolaidguy_541 : tks
11:32 kasterial      :  placed a sign @ Unnamed: x859, z418
  2. random
  & food
11:32 Koolaidguy_541 : ru sure u didnt paste it anywhere?
11:32 vi0lett_       : Cosmo
11:32 Cosmobutter    : ?
11:33 vi0lett_       : can you tp me to -0 64 6640
11:33 Cosmobutter    : Overworld?
11:33 vi0lett_       : mhm
11:33 Cosmobutter    : And you're in overworld too?
11:33 Dutch______    : /msg Cosmobutter can you help me with under water base 
11:33 Cosmobutter    : /w dut Sure, later tho 
11:33 Dutch______    : /msg Cosmobutter oh ok 
11:33 Cosmobutter    : Anyways bye again
11:34 vi0lett_       : huh
11:34 vi0lett_       : Oh shit
11:34 vi0lett_       : I meant
11:34 vi0lett_       : -0 64 -6640
11:34 Koolaidguy_541 : BRUHH
11:34 vi0lett_       : yes thanks
11:34 Koolaidguy_541 : cosmo
11:34 Dutch______    : /msg Cosmobutter how do you clam ground? 
11:35 Koolaidguy_541 : whats that ash?
11:35 Cosmobutter    : /w Dutch______ Look in #change-logs 
11:35 Dutch______    : /msg Cosmobutter or land? 
11:35 kasterial      : what's what?
11:35 vi0lett_       : It's a home I set before I changed accounts
11:35 Koolaidguy_541 : can i see?
11:35 vi0lett_       : Its a coral reef
11:36 Koolaidguy_541 : cool
11:39 Dutch______    : whelp ima go play on 2b2t bye
11:39 kasterial placed suspicious WATER_BUCKET @ Unnamed: x161, z-6676
11:42 kasterial      : t
11:43 kasterial      : t
11:44 vi0lett_ placed suspicious TROPICAL_FISH_BUCKET @ Unnamed: x859, z417
11:44 vi0lett_ placed suspicious TROPICAL_FISH_BUCKET @ Unnamed: x859, z416
11:44 vi0lett_ placed suspicious TROPICAL_FISH_BUCKET @ Unnamed: x859, z416
11:44 vi0lett_ placed suspicious TROPICAL_FISH_BUCKET @ Unnamed: x859, z416
11:45 vi0lett_ placed suspicious TROPICAL_FISH_BUCKET @ Unnamed: x859, z416
11:45 vi0lett_ placed suspicious TROPICAL_FISH_BUCKET @ Unnamed: x859, z416
11:45 vi0lett_ placed suspicious TROPICAL_FISH_BUCKET @ Unnamed: x859, z416
11:45 vi0lett_ placed suspicious TROPICAL_FISH_BUCKET @ Unnamed: x859, z418
11:46 vi0lett_ placed suspicious TROPICAL_FISH_BUCKET @ Unnamed: x859, z416
11:46 Koolaidguy_541 : FUCKKKKK
11:46 Koolaidguy_541 : I JUST LOST ALL my iron
11:46 vi0lett_       : F
11:46 vi0lett_ placed suspicious TROPICAL_FISH_BUCKET @ Unnamed: x859, z415
11:46 Koolaidguy_541 : 48 blocks :((
11:46 vi0lett_ placed suspicious WATER_BUCKET @ Unnamed: x859, z415
11:46 vi0lett_ placed suspicious WATER_BUCKET @ Unnamed: x859, z415
11:46 vi0lett_ placed suspicious WATER_BUCKET @ Unnamed: x859, z415
11:46 vi0lett_ placed suspicious WATER_BUCKET @ Unnamed: x859, z415
11:46 vi0lett_ placed suspicious WATER_BUCKET @ Unnamed: x859, z415
11:46 vi0lett_ placed suspicious WATER_BUCKET @ Unnamed: x858, z415
11:47 vi0lett_ placed suspicious WATER_BUCKET @ Unnamed: x857, z416
11:47 vi0lett_ placed suspicious WATER_BUCKET @ Unnamed: x857, z415
11:47 vi0lett_ placed suspicious WATER_BUCKET @ Unnamed: x858, z414
11:47 vi0lett_ placed suspicious WATER_BUCKET @ Unnamed: x858, z413
11:47 vi0lett_ placed suspicious WATER_BUCKET @ Unnamed: x858, z412
11:48 kasterial placed suspicious TROPICAL_FISH_BUCKET @ Unnamed: x840, z412
11:48 vi0lett_ placed suspicious TROPICAL_FISH_BUCKET @ Unnamed: x860, z419
11:48 kasterial placed suspicious TROPICAL_FISH_BUCKET @ Unnamed: x842, z418
11:48 kasterial placed suspicious TROPICAL_FISH_BUCKET @ Unnamed: x839, z426
11:48 kasterial placed suspicious WATER_BUCKET @ Unnamed: x832, z426
11:48 kasterial placed suspicious TROPICAL_FISH_BUCKET @ Unnamed: x831, z417
11:49 Koolaidguy_541 : noo
11:49 Koolaidguy_541 : 15 stacks of glass gone too
11:49 kasterial placed suspicious TROPICAL_FISH_BUCKET @ Unnamed: x859, z416
11:49 kasterial placed suspicious TROPICAL_FISH_BUCKET @ Unnamed: x860, z420
11:50 kasterial placed suspicious TROPICAL_FISH_BUCKET @ Unnamed: x858, z415
11:50 kasterial placed suspicious TROPICAL_FISH_BUCKET @ Unnamed: x859, z416
11:50 vi0lett_ placed suspicious TROPICAL_FISH_BUCKET @ Unnamed: x860, z418
11:50 vi0lett_ placed suspicious TROPICAL_FISH_BUCKET @ Unnamed: x861, z420
11:51 vi0lett_ placed suspicious TROPICAL_FISH_BUCKET @ Unnamed: x860, z418
11:59 Koolaidguy_541 : what does impaling do?
11:59 vi0lett_       : No idea
12:08 vi0lett_       : Cosmo short
12:08 Cosmobutter    : Ashy dum
12:09 vi0lett_       : Cosmo nob
12:09 Koolaidguy_541 : mummy long
12:09 Cosmobutter    : Ashy purple
12:09 vi0lett_       : Cosmo pink
12:09 Cosmobutter    : Ew!
12:09 vi0lett_       : yesyes
12:10 Koolaidguy_541 : phisics Claasususa
12:17 Koolaidguy_541 : nice
12:18 Koolaidguy_541 : oof
12:20 FrancescoMifsud: hello
12:23 FrancescoMifsud: sleep pls
12:24 Cosmobutter    : F
12:24 kasterial      : WHAT
12:24 kasterial      : HOW DID ME DIE
12:24 Koolaidguy_541 : me died somehow
12:25 FrancescoMifsud placed suspicious WATER_BUCKET @ Unnamed: x-819, z-211
12:25 kasterial      : i lost all my stuff
12:30 Koolaidguy_541 : agweed
12:33 Koolaidguy_541 : minecarts get removed?
12:33 FrancescoMifsud: hello
12:33 Cosmobutter    : Hi
12:33 FrancescoMifsud: yes
12:33 FrancescoMifsud: they do
12:34 FrancescoMifsud: hopper minecarts dont i think
12:35 StepSmiley     : /w Cosmobutter can i have end crystal and whatever you put under it 
12:35 Cosmobutter    : /w StepSmiley You know they explode? 
12:35 StepSmiley     : yaya
12:36 Cosmobutter    : Fine
12:36 StepSmiley     : /w Cosmobutter atop exploding 
12:38 StepSmiley     : /w Cosmobutter loight bblue dye 
12:39 FrancescoMifsud: cosmo
12:40 Cosmobutter    : Yes daddy?
12:40 vi0lett_       : wtf
12:40 Cosmobutter    : *Yes?
12:40 vi0lett_       : Cosmo simping for fran?
12:40 FrancescoMifsud: i mined dimons and didnt reseve them
12:40 Cosmobutter    : FCK no
12:40 FrancescoMifsud: not clear lag
12:40 Cosmobutter    : I'd simp for everyone else
12:40 Cosmobutter    : Check your inv
12:41 FrancescoMifsud: i swear
12:41 vi0lett_       : Cosmo simpinggg
12:41 FrancescoMifsud: tp to me
12:41 vi0lett_       : even more than Alex
12:41 kasterial      : idc
12:43 vi0lett_       : Cosmo short
12:43 FrancescoMifsud: cosmo
12:43 FrancescoMifsud: come here
12:43 Cosmobutter    : Make a ticket
12:44 kasterial      : im the biggest simp look
12:45 vi0lett_       : omg!11!!1!!!!
12:45 kasterial      : LOL
13:15 FrancescoMifsud: haxixu get in call
13:15 Koolaidguy_541 : ma nistax
13:21 FrancescoMifsud: look at your ping
13:21 FrancescoMifsud: 69
14:21 Ni4ll          : barri
15:03 Case_1112 placed suspicious WATER_BUCKET @ Unnamed: x1, z260
15:08 Case_1112      : hello
15:13 Case_1112      :  placed a sign @ Unnamed: x-108, z268
  Case_1112
15:33 QassataLoL     : stop
15:33 therealjpcdb   : no
15:33 QassataLoL     : please
15:33 therealjpcdb   : they are yours
15:33 QassataLoL     : its ok
15:33 QassataLoL     : theyre not
15:33 Case_1112      : ?
15:33 therealjpcdb   : you gave me ores
15:34 QassataLoL     : well keep them
15:34 QassataLoL     : :)
15:34 therealjpcdb   : hey u in a vc
15:34 QassataLoL     : nope
15:35 therealjpcdb   : call??
15:35 QassataLoL     : yea i texted you
15:41 Case_1112      : sleep plz
15:50 therealjpcdb   : u there
15:50 QassataLoL     : yep
15:51 therealjpcdb   : cant hear u
15:58 QassataLoL     : lol
15:58 QassataLoL     : second time today
15:58 QassataLoL     : hey bennie
15:58 Cosmobutter    : Yas kween?
16:00 Case_1112      : omfg so mucg mobs
16:00 FoxyTriples    : no
16:00 FoxyTriples    : mob cab lol
16:00 Case_1112      : thx
16:00 Cosmobutter    : Case
16:00 Cosmobutter    : Look in general
16:00 Case_1112      : yes?
16:00 Cosmobutter    : Qas
16:00 Cosmobutter    : ./trust TheRealJPCDB
16:01 Case_1112      : fuck
16:01 Case_1112      : cosmos can you burn it down?
16:01 Cosmobutter    : Sure...
16:01 Case_1112      : i don't have a flint handy
16:02 FoxyTriples    : case
16:02 FoxyTriples    : look in ur inv
16:03 Case_1112      : thx
16:03 FoxyTriples    : np
16:03 Case_1112      : wgen can i start building
16:03 FoxyTriples    : tommorow
16:03 Cosmobutter    : Ask matty
16:04 Case_1112      : selling loyalty III
16:04 QassataLoL     : i need sum for these hoes
16:04 QassataLoL     : these hoes aint loyal
16:04 Case_1112      : lol
16:05 Case_1112      : wat cosmos
16:05 Case_1112      : wait
16:05 Case_1112      : cosmos
16:05 Cosmobutter    : ?
16:05 Case_1112      : i put my 9 dias in front of the shop
16:05 Case_1112      : it's gone now
16:05 Case_1112      : off
16:06 Case_1112      : oof
16:06 Case_1112      : I lost 9 dias
16:06 FoxyTriples    : RIP
16:06 Cosmobutter    : Check you inv my man
16:06 Case_1112      : ohh
16:06 Case_1112      : it's in there
16:06 Case_1112      : thx
16:07 Case_1112      : armor is shine
16:07 FoxyTriples    : thx
16:07 Case_1112      : i have a txt
16:07 FoxyTriples    : whats txt
16:08 Case_1112      : texture pack
16:08 FoxyTriples    : oh
16:08 FoxyTriples    : i do too
16:08 FoxyTriples    : what txt
16:08 Case_1112      : avpbr
16:08 FoxyTriples    : nice
16:14 Case_1112      : nice house
16:14 FoxyTriples    : thx
16:14 Case_1112      : need help?
16:14 FoxyTriples    : nah im fine unless u want to
16:16 Case_1112      : eff 4 shovel????
16:16 FoxyTriples    : yh
16:16 Case_1112      : bruh
16:16 FoxyTriples    : what??
16:16 Case_1112      : silk touch too???
16:16 FoxyTriples    : mhm
16:18 Case_1112      : gtg bye
16:18 FoxyTriples    : cya
16:23 FoxyTriples placed suspicious WATER_BUCKET @ Unnamed: x883, z-1645
16:23 FoxyTriples placed suspicious WATER_BUCKET @ Unnamed: x882, z-1645
16:23 FoxyTriples placed suspicious WATER_BUCKET @ Unnamed: x884, z-1645
16:23 FoxyTriples placed suspicious WATER_BUCKET @ Unnamed: x881, z-1645
16:24 FoxyTriples placed suspicious WATER_BUCKET @ Unnamed: x881, z-1646
16:24 FoxyTriples placed suspicious WATER_BUCKET @ Unnamed: x882, z-1646
16:24 FoxyTriples placed suspicious WATER_BUCKET @ Unnamed: x883, z-1646
16:24 FoxyTriples placed suspicious WATER_BUCKET @ Unnamed: x884, z-1646
16:24 FoxyTriples placed suspicious WATER_BUCKET @ Unnamed: x884, z-1646
16:24 FoxyTriples placed suspicious WATER_BUCKET @ Unnamed: x885, z-1645
16:24 FoxyTriples placed suspicious WATER_BUCKET @ Unnamed: x885, z-1646
16:24 FoxyTriples placed suspicious WATER_BUCKET @ Unnamed: x880, z-1645
16:24 FoxyTriples placed suspicious WATER_BUCKET @ Unnamed: x880, z-1646
16:24 FoxyTriples placed suspicious WATER_BUCKET @ Unnamed: x884, z-1647
16:24 FoxyTriples placed suspicious WATER_BUCKET @ Unnamed: x880, z-1647
16:24 FoxyTriples placed suspicious WATER_BUCKET @ Unnamed: x880, z-1648
16:24 FoxyTriples placed suspicious WATER_BUCKET @ Unnamed: x881, z-1648
16:24 FoxyTriples placed suspicious WATER_BUCKET @ Unnamed: x882, z-1648
16:24 FoxyTriples placed suspicious WATER_BUCKET @ Unnamed: x883, z-1648
16:24 FoxyTriples placed suspicious WATER_BUCKET @ Unnamed: x884, z-1648
16:24 FoxyTriples placed suspicious WATER_BUCKET @ Unnamed: x885, z-1648
16:24 FoxyTriples placed suspicious WATER_BUCKET @ Unnamed: x885, z-1647
16:24 FoxyTriples placed suspicious WATER_BUCKET @ Unnamed: x883, z-1647
16:24 FoxyTriples placed suspicious WATER_BUCKET @ Unnamed: x881, z-1647
16:24 FoxyTriples placed suspicious WATER_BUCKET @ Unnamed: x881, z-1647
16:24 FoxyTriples placed suspicious WATER_BUCKET @ Unnamed: x882, z-1647
16:28 Cosmobutter    : http://bit.ly/mcgpuser
16:28 FoxyTriples    : ??
16:28 FoxyTriples placed suspicious WATER_BUCKET @ Unnamed: x884, z-1647
16:30 FoxyTriples    : hello
16:30 kasterial      : hi, i'm confused with the language in vc.
16:30 Cosmobutter    : /w QassataLoL Give /abandonclaim 
16:31 FoxyTriples placed suspicious WATER_BUCKET @ Unnamed: x884, z-1644
16:31 FoxyTriples placed suspicious WATER_BUCKET @ Unnamed: x883, z-1644
16:31 FoxyTriples placed suspicious WATER_BUCKET @ Unnamed: x882, z-1644
16:31 FoxyTriples placed suspicious WATER_BUCKET @ Unnamed: x881, z-1644
16:31 kasterial      :  placed a sign @ Unnamed: x847, z411
  1 ender
  2 Armor
16:33 FoxyTriples placed suspicious WATER_BUCKET @ Unnamed: x885, z-1648
16:37 kasterial      :  placed a sign @ Unnamed: x850, z411
  Nether items
  And Armor
16:37 kasterial      :  placed a sign @ Unnamed: x851, z411
  Alex's chests
16:37 kasterial      :  placed a sign @ Unnamed: x853, z411
  e
16:38 kasterial      :  placed a sign @ Unnamed: x853, z411
  Random Potions
  Storage
16:38 kasterial      :  placed a sign @ Unnamed: x854, z411
  Alex's chests
16:38 kasterial      :  placed a sign @ Unnamed: x838, z418
  Ashy's and Alex's
  Farm
16:39 kasterial      : cosmo
16:40 FoxyTriples placed suspicious WATER_BUCKET @ Unnamed: x877, z-1632
16:44 kasterial      :  placed a sign @ Unnamed: x855, z415
  Fishing pool
16:44 kasterial      :  placed a sign @ Unnamed: x859, z421
  Alex and ash's
  Ask for 
  permission
16:47 FoxyTriples    : wb
16:48 kasterial      : LLAMAS
16:49 mattyy_pastizzi: /msg Cosmobutter you made a istake. that base was good, and this is the opposite haha 
16:50 Cosmobutter    : /w mattyy_pastizzi I didn't like that base anyways 
16:50 mattyy_pastizzi: /msg Cosmobutter ok ok 
16:50 FoxyTriples    : can someone tp to me so i can test something
16:51 FoxyTriples    : ok
16:51 mattyy_pastizzi: hey
16:51 FoxyTriples    : hi
16:51 mattyy_pastizzi: you still need to test something?
16:51 FoxyTriples    : yup
16:52 mattyy_pastizzi: /msg Cosmobutter hes just stealing at this point. taking all hi potions u nejk 
16:52 mattyy_pastizzi: okk
16:52 FoxyTriples    : can u open these wooden doors
16:52 FoxyTriples    : yes u can
16:52 mattyy_pastizzi: wait
16:52 FoxyTriples    : ...
16:53 mattyy_pastizzi: nah there is no claim
16:53 FoxyTriples    : there is a claim
16:53 kasterial      : HI!
16:53 mattyy_pastizzi: doors still open with claiming btw
16:53 FoxyTriples    : oh
16:53 FoxyTriples    : rip
16:53 mattyy_pastizzi: theses chest for example i cant
16:53 kasterial      : i have nothing to do..
16:53 FoxyTriples    : oh
16:53 mattyy_pastizzi: maybe iron doors with buttons...
16:53 FoxyTriples    : yh
16:54 FoxyTriples    : it looks bad tho
16:55 mattyy_pastizzi: /msg Cosmobutter im sad for fran bhalissa 
16:55 mattyy_pastizzi: /msg Cosmobutter ha jisraqlu balla affarjiet 
16:55 Cosmobutter    : /r Ehh Haqqu 
16:55 Cosmobutter    : Kat
16:55 Cosmobutter    : You asked about the lang in VC?
16:55 FoxyTriples    : /msg Matt hi 
16:55 mattyy_pastizzi: /msg Cosmobutter im taking frans stuff and giving thyem to him 
16:55 kasterial      : kat?
16:55 Cosmobutter    : /r Ok...... 
16:55 Cosmobutter    : Kast
16:56 Cosmobutter    : Srry
16:56 kasterial      : you said my name irl
16:56 kasterial      : LOL
16:56 Cosmobutter    : LOL
16:56 kasterial      : I'm fine with the language.
16:56 kasterial      : where are you guys?
16:56 Cosmobutter    : It's maltese
16:56 Cosmobutter    : Budget Italian with Arabic on top
16:57 FoxyTriples    : LOL
16:57 kasterial      : Damn
16:59 FoxyTriples    : how can i see how much more claimed land i have
17:00 FoxyTriples    : ik now
17:00 Cosmobutter    :  placed a sign @ Unnamed: x-834, z-305
  Iron
17:01 kasterial      : you guys want to see me and ashy's fish?
17:01 mattyy_pastizzi: sure ig
17:01 FoxyTriples    : why not??
17:01 mattyy_pastizzi: cool haha
17:01 kasterial      : their names..
17:01 kasterial      : LOL
17:01 mattyy_pastizzi: ones name is tampon...
17:01 FoxyTriples    : LOL
17:01 kasterial      : its red and white
17:01 mattyy_pastizzi: haha
17:01 mattyy_pastizzi: gg
17:02 kasterial      : can you tp me to where you are?
17:04 FoxyTriples    : can i pvp someone im bored
17:04 FoxyTriples    : wb
17:04 FoxyTriples    : anyone??
17:07 FoxyTriples    : wb
17:08 vi0lett_       : Hi nobs
17:08 Cosmobutter    :  placed a sign @ Unnamed: x-834, z-305
  Netherite
17:08 borderline_    : bye
17:08 FoxyTriples    : cya
17:08 kasterial      : ?
17:08 borderline_    : cya
17:08 kasterial      : bye
17:08 kasterial      : andy
17:08 mattyy_pastizzi: /msg therealjpcdb go in xeba injoranti private so we discuss everything about shops and stuff 
17:08 FoxyTriples    : no borderline i was saying bye to u lol
17:08 borderline_    : ?
17:08 mattyy_pastizzi: /msg QassataLoL join priv in xerba injoranti now 
17:08 FoxyTriples    : u said bye
17:08 kasterial      : andy, hi
17:08 borderline_    : hi
17:08 kasterial      : its alex dumb
17:09 FoxyTriples    : whos alex
17:09 Cosmobutter    : /w QassataLoL I think matt is planning against me, tell me what he tells you 
17:09 kasterial      : me
17:09 vi0lett_       : kasterial
17:09 FoxyTriples    : ??
17:09 borderline_    : /w ashy look 
17:09 kasterial      : i am alex.
17:09 FoxyTriples    : hol' up
17:09 kasterial      : cookie le goat on disco
17:09 borderline_    : /w ashy is this guy stupid 
17:09 vi0lett_       : /w borderline_ probably 
17:09 FoxyTriples    : u said u were called kat...
17:09 kasterial      : andy lor alex and ashy know eachother from morbid studios.
17:09 vi0lett_       : Her real name is Kat
17:09 kasterial      : kat is my irl name
17:09 vi0lett_       : We call her Alex
17:09 kasterial      : yes
17:09 borderline_    : /w ashy great 
17:09 FoxyTriples    : ok??
17:10 borderline_    : /w ashy you lost another account 
17:10 borderline_    : /w ashy can you help me get rid of this before you go btw 
17:10 vi0lett_       : /w borderline_ sure 
17:10 kasterial      : ashy
17:10 vi0lett_       : ?
17:10 kasterial      : where are you
17:10 borderline_    : /w ashy not the first layer tho 
17:10 FoxyTriples    : wait
17:10 vi0lett_       : in the base
17:10 FoxyTriples    : what happens if i claim the enderman farm lol
17:10 kasterial      : ?
17:10 vi0lett_       : I kill you
17:10 Cosmobutter    : You get punished
17:10 kasterial      : no
17:11 FoxyTriples    : i wont
17:11 borderline_    : it'd be really funny if you did
17:11 FoxyTriples    : not for me
17:11 kasterial      : andy nob
17:11 FoxyTriples    : id go to prison for like 10000000000y
17:11 borderline_    : you really just tried to do that
17:11 FoxyTriples    : but if i was in prison i couldnt unclaim it LOL
17:11 vi0lett_       : you could
17:11 FoxyTriples    : how
17:11 FoxyTriples    : i would hv no items
17:11 vi0lett_       : ./abandonallclaims
17:12 Cosmobutter    :  placed a sign @ Unnamed: x-834, z-305
  Shroomlights
17:12 FoxyTriples    : and i wouldnt be able to type quick enough
17:12 StepSmiley     : /w Cosmobutter call? 
17:12 vi0lett_       : you can do the command from anywhere
17:12 borderline_    : /w ashy now i have to fucking recount this 
17:12 vi0lett_       : And Cosmo can /sudo you
17:12 vi0lett_       : so
17:12 FoxyTriples    : ik but i wouldnt be able to type quick enough
17:12 vi0lett_       : no escape
17:12 Cosmobutter    : /w StepSmiley Join a random VC in the server, I'll move you 
17:12 FoxyTriples    : what does /sudo do?/
17:12 vi0lett_       : Forces you to do a command/ type a message
17:12 FoxyTriples    : oh
17:13 StepSmiley     : /w Cosmobutter in 
17:13 kasterial      : look at me
17:13 vi0lett_       : LMFAO
17:13 kasterial placed suspicious WATER_BUCKET @ Unnamed: x783, z402
17:13 vi0lett_       : .
17:13 kasterial      : pro
17:13 kasterial placed suspicious WATER_BUCKET @ Unnamed: x783, z402
17:13 borderline_    : ez way to break pvp system
17:13 Cosmobutter    : /w therealjpcdb Can smiley live with m? 
17:13 Cosmobutter    : /w therealjpcdb Can smiley live with me? 
17:13 FoxyTriples    : i wasnt gonna do it i was just say it would be funny
17:13 FoxyTriples    : why r these enderman just waliking into each other
17:14 vi0lett_       : /w borderline_ anyway his username is Dutch_______ 
17:14 borderline_    : /w ashy i know 
17:14 vi0lett_       : /w borderline_ so ik who he is 
17:14 kasterial      : MLG WATER
17:14 kasterial placed suspicious WATER_BUCKET @ Unnamed: x784, z409
17:14 kasterial placed suspicious WATER_BUCKET @ Unnamed: x784, z409
17:14 vi0lett_       : Alex stop you're breaking the torches
17:14 borderline_    : we're gonna get harassed at night
17:14 borderline_    : lessgoo
17:14 vi0lett_       : Mk imma go
17:14 borderline_    : no
17:14 kasterial      : bye ashy
17:15 kasterial      : andy
17:15 vi0lett_       : Andy speedbridge I dare you
17:15 borderline_    : ok
17:15 vi0lett_       : thats pretty shit
17:15 vi0lett_       : But I can do it shittier
17:15 borderline_    : i havent been practising
17:15 FoxyTriples    : i can scaffold
17:15 FoxyTriples    : wb case
17:15 vi0lett_       : LMFAO
17:16 Case_1112      : hello world!
17:16 FoxyTriples    : what i can ash
17:16 borderline_    : how can i not be protected from pvp
17:16 vi0lett_       : Okay bye
17:16 vi0lett_       : Idk
17:16 borderline_    : what
17:16 borderline_    : lame
17:16 borderline_    : also griefing
17:16 borderline_    : ?????!!1!1
17:16 FoxyTriples    : bruh why do u think i cant scaffold
17:18 FoxyTriples    : i accidentally grindstoned my god sword
17:18 mattyy_pastizzi: 0_)
17:18 Case_1112      : oof
17:18 Cosmobutter    : F in the chat for foxy
17:18 FoxyTriples    : yes
17:18 Case_1112      : F
17:19 FoxyTriples    : BRUH
17:19 FoxyTriples    : I DONT WANT BANE 4
17:19 kasterial      : bane?
17:19 FoxyTriples    : BoA
17:19 kasterial      : like the snake?
17:19 FoxyTriples    : Bruh
17:19 kasterial      : a boa is a snake
17:19 FoxyTriples    : bane of arthropods
17:20 kasterial      : OOF
17:20 mattyy_pastizzi:  placed a sign @ Unnamed: x-96, z263
  therealjpcdb
  & QassataLoL
17:20 FoxyTriples    : ._.
17:20 mattyy_pastizzi:  placed a sign @ Unnamed: x-96, z263
  FrancescoMifsud
  11 diamonds
17:21 Case_1112      : it works better
17:21 kasterial      : WHO TOOK MY BUCKETS
17:21 StepSmiley     : /w why 
17:21 kasterial      : who took My buckets?
17:21 StepSmiley     : /w Cosmobutter why 
17:21 Case_1112      : if you set them on fire for a little bit
17:21 Cosmobutter    : /r ? 
17:21 Ni4ll          : cosmo add me to vc
17:21 StepSmiley     : /w Cosmobutter s 
17:21 kasterial      : ok
17:21 Case_1112      : watch me how to do it
17:21 FoxyTriples    : ok let me get lvl 30
17:21 Case_1112      : ok
17:22 FoxyTriples    : JUST LOOTING 2
17:22 FoxyTriples    : bruh
17:23 QassataLoL     :  placed a sign @ Unnamed: x-83, z297
  e
17:23 StepSmiley     : /w Cosmobutter can i have some torches pls 
17:23 Case_1112      : wtf
17:23 FoxyTriples    : hi
17:23 Case_1112      : i have looting 2
17:23 FoxyTriples    : rip
17:23 Case_1112      : we can combien
17:23 kasterial      : HEY
17:24 kasterial      : DONT GO WITHOUT PERMISSION
17:24 FoxyTriples    : no i grindstoned it
17:24 Case_1112      : rop
17:24 StepSmiley     : /w Cosmobutter thx 
17:24 Case_1112      : rip
17:24 borderline_    : you cant intimidate
17:24 kasterial      : out
17:24 borderline_    : ._.
17:24 borderline_    : ok man
17:25 FoxyTriples    : oh sharp 4 and sweeping 3
17:25 Case_1112      : nice
17:25 FoxyTriples    : book time
17:25 Case_1112      : i have sharp 4
17:25 Case_1112      : book
17:25 FoxyTriples    : nrn
17:26 QassataLoL     :  placed a sign @ Unnamed: x-57, z300
  Qassata and
  therealjpcdb
  6 diamonds
17:26 FoxyTriples    : wb
17:26 Case_1112      : i got knowck 2
17:26 FoxyTriples    : eww knockback=trash
17:27 Case_1112      : no
17:27 FoxyTriples    : yh
17:27 Case_1112      : lets try
17:27 Case_1112      : sorry
17:27 FoxyTriples    : BRUH
17:27 FoxyTriples    : I HAD 29 LVLS
17:27 Case_1112      : noo
17:27 FoxyTriples    : j \i0e0thb9-rfzzkfjdoghzbkfmdhgnaierd
17:27 mattyy_pastizzi: Case why did you build on your plot??
17:27 Case_1112      : i thought ir can
17:27 mattyy_pastizzi: haha dw
17:27 DeNighty       : Bruhh
17:27 Case_1112      : because it's after a week
17:28 DeNighty       : It ends tomorrow AND you have to pay your bids
17:28 Cosmobutter    :  placed a sign @ Unnamed: x-98, z276
  Just Cosmo
  256 Dia
17:28 mattyy_pastizzi: ye
17:28 DeNighty       : Before doing anything on the plot
17:28 QassataLoL     :  placed a sign @ Unnamed: x-57, z300
  QassataLoL and 
  therealjpcdb
  10 diamonds
17:29 mattyy_pastizzi: If ya read the rules, you would've known that you have to wait for staff to tell you to build :)
17:29 Case_1112      : oh
17:29 Case_1112      : ok
17:29 FoxyTriples    : i need 11 more lvls
17:30 QassataLoL     :  placed a sign @ Unnamed: x-97, z276
  QassataLoL
  300 diamonds
17:30 FoxyTriples    : oh ur trying to get an endermite
17:30 Case_1112      : yah
17:31 Case_1112      : ohhh
17:31 FoxyTriples    : /msg Case_1112 btw u have permission on my claim 
17:31 Case_1112      : thx
17:31 FoxyTriples    : np
17:32 FoxyTriples    : sorry
17:32 Case_1112      : it's ok
17:32 FoxyTriples    : well at least u didnt lose 29 lvls
17:32 Ni4ll          : im brb pls no kill im in pvp
17:33 Case_1112      : foxy
17:33 FoxyTriples    : mhm
17:33 Case_1112      : need pearls
17:33 DeNighty       : Plot 9 & 10 still unbidded
17:33 FoxyTriples    : nope
17:35 FoxyTriples    : go sub to J1nxx on yt
17:35 Case_1112      : ad
17:35 FoxyTriples    : LOL
17:35 FoxyTriples    : its not my channel
17:35 Case_1112      : advertisments not allowed
17:35 Case_1112      : bannnn
17:35 FoxyTriples    : wait rlly
17:35 Case_1112      : jkjk
17:36 DeNighty       : They are not allowed.
17:36 FoxyTriples    : oh srry :(
17:36 DeNighty       : No social media, minecraft servers, or discord servers
17:36 DeNighty       : .warp spawn
17:36 Ni4ll          : bro move back
17:36 FoxyTriples    : IM ON 1 heart
17:36 Case_1112      : lol
17:37 FoxyTriples    : LET ME GET less than 1 lvl
17:37 FoxyTriples    : LET ME GET like 2 xp
17:37 kasterial placed suspicious WATER_BUCKET @ Unnamed: x848, z424
17:37 kasterial placed suspicious WATER_BUCKET @ Unnamed: x849, z421
17:37 kasterial placed suspicious WATER_BUCKET @ Unnamed: x846, z411
17:37 kasterial placed suspicious WATER_BUCKET @ Unnamed: x848, z413
17:38 FoxyTriples    : thank you
17:38 FoxyTriples    : BRO
17:38 kasterial placed suspicious WATER_BUCKET @ Unnamed: x849, z424
17:39 kasterial placed suspicious WATER_BUCKET @ Unnamed: x847, z423
17:39 FoxyTriples    : LET ME USE IT
17:39 FoxyTriples    : ._.
17:39 Ni4ll          : no <3
17:39 Case_1112      : foxyyy
17:39 FoxyTriples    : mhm
17:39 Case_1112      : come
17:39 FoxyTriples    : 1 sec
17:39 Case_1112      : get a name tag
17:39 Case_1112      : fasttt
17:39 FoxyTriples    : ok??
17:39 Cosmobutter    : Warped him to water
17:39 FoxyTriples    : who??
17:39 Case_1112      : if this de psawns i will quit
17:39 Cosmobutter    : Niall
17:40 Case_1112      : fast
17:40 FoxyTriples    : oh
17:40 Case_1112      : rename a name tag
17:40 kasterial      : holy cow.
17:40 Case_1112      : tp to me
17:40 kasterial      : oh no.
17:40 Case_1112      : NOWWWWWWWWWW
17:40 FoxyTriples    : what to
17:40 kasterial      : how do i fix this?
17:40 Case_1112      : anything
17:40 FoxyTriples    : I NEED AN ANVIL
17:40 Case_1112      : here
17:40 Case_1112      : doawn there
17:40 Case_1112      : fasttt
17:40 kasterial      : oops?
17:41 FoxyTriples    : YES
17:41 Case_1112      : yess
17:41 FoxyTriples    : but minecarts despawn with clear lagg case
17:41 Case_1112      : yes
17:41 Case_1112      : get some trap doors
17:42 kasterial      : andy
17:42 kasterial      : i have a question
17:42 kasterial      : nvm he left
17:42 mattyy_pastizzi: what is andy's ign in mc?
17:42 Cosmobutter    : Violett
17:42 kasterial      : borderline
17:42 kasterial      : no thats ashy
17:42 kasterial      : lol
17:42 mattyy_pastizzi: haha
17:42 Cosmobutter    : Oh bruh
17:42 mattyy_pastizzi: thanks
17:42 Cosmobutter    : Nob moment
17:42 FoxyTriples    : but case it will jump out
17:43 kasterial      : imagine forgetting the person you simp on's
17:43 kasterial placed suspicious TROPICAL_FISH_BUCKET @ Unnamed: x849, z421
17:43 mattyy_pastizzi: Case did someone from staff gice you permission to make changes to the farm??
17:43 Cosmobutter    : --Atleast I dated her
17:43 kasterial placed suspicious TROPICAL_FISH_BUCKET @ Unnamed: x850, z416
17:43 FoxyTriples    : no
17:43 kasterial placed suspicious TROPICAL_FISH_BUCKET @ Unnamed: x849, z420
17:43 FoxyTriples    : case no one gave u perms did they
17:44 kasterial      : nah you didnt
17:44 kasterial      : LOL.
17:44 Case_1112      : noo
17:44 kasterial      : She once called me baby (;
17:44 kasterial placed suspicious WATER_BUCKET @ Unnamed: x858, z413
17:44 FoxyTriples    : bruh
17:44 Cosmobutter    : BRUH
17:44 kasterial placed suspicious TROPICAL_FISH_BUCKET @ Unnamed: x850, z420
17:44 Cosmobutter    : Send
17:44 Cosmobutter    : Proof
17:44 FoxyTriples    : i just wasted a name tag
17:44 Ni4ll          : cool
17:44 Cosmobutter    : Or
17:44 Cosmobutter    : I
17:44 Cosmobutter    : Am
17:44 kasterial placed suspicious TROPICAL_FISH_BUCKET @ Unnamed: x849, z420
17:44 Cosmobutter    : Going
17:44 Cosmobutter    : To
17:44 Case_1112      : fuck
17:44 FoxyTriples    : BRUH
17:44 Cosmobutter    : Shutdown
17:44 Cosmobutter    : The
17:44 kasterial      : LMAO
17:44 Ni4ll          : move pls
17:44 Cosmobutter    : Mother
17:44 Case_1112      : fuck clear lag
17:44 Cosmobutter    : Fucking
17:44 Cosmobutter    : Server
17:44 Case_1112      : someone
17:44 Ni4ll          : ?
17:44 Ni4ll          : weirdo
17:44 Case_1112      : remove clear lag on minecrafts
17:45 kasterial placed suspicious TROPICAL_FISH_BUCKET @ Unnamed: x849, z421
17:45 Case_1112      : fuck
17:45 FoxyTriples    : WHY DID U KILL THE ENDERMITE!!!!
17:45 Case_1112      : clear lag
17:45 mattyy_pastizzi: Done Case :)
17:45 Ni4ll          : i didnt
17:45 FoxyTriples    : BRUH
17:45 kasterial placed suspicious TROPICAL_FISH_BUCKET @ Unnamed: x850, z417
17:45 FoxyTriples    : U DID
17:45 TortaLoL placed suspicious WATER_BUCKET @ Unnamed: x-379, z1448
17:45 Ni4ll          : no
17:45 FoxyTriples    : YES
17:45 FoxyTriples    : WE SAW
17:45 FoxyTriples    : U JUST STADDED IT IN THE BACK
17:45 FoxyTriples    : HOW DARE YOU KILL BANANA
17:45 TortaLoL placed suspicious WATER_BUCKET @ Unnamed: x-447, z1448
17:45 Ni4ll          : consent?
17:45 Case_1112      : fuck
17:45 Ni4ll          : hm?
17:45 mattyy_pastizzi: case...
17:45 Ni4ll          : CONSENT?
17:45 Case_1112      : cosent to kill my pet?
17:45 FoxyTriples    : says u
17:45 mattyy_pastizzi: Was it consentful?
17:45 FoxyTriples    : u were hitting me
17:45 Ni4ll          : no
17:45 Ni4ll          : it wasnt
17:46 Case_1112      : nail kill my pet
17:46 Case_1112      : wasted my name tag
17:46 FoxyTriples    : u hum
17:46 Case_1112      : tp to me
17:46 FoxyTriples    : MY NAME TAG
17:46 mattyy_pastizzi: 0_0
17:46 Case_1112      : yes
17:46 DeNighty       : bruh my comp just went brrrr
17:46 FoxyTriples    : lol
17:46 DeNighty       : decided to update discord, change the resolution and fps
17:47 mattyy_pastizzi: foxy
17:47 Ni4ll          : bruh your sword is weak asf
17:47 FoxyTriples    : mhm
17:47 Ni4ll          : case
17:47 mattyy_pastizzi: just saw you hit niall
17:47 Case_1112      : is clear lag gone?
17:47 FoxyTriples    : IT WAS A HIT WITH MY FISH
17:47 Ni4ll          : u better get a new one
17:47 mattyy_pastizzi: he didnt do anything now
17:47 FoxyTriples    : AND A MISCLICK
17:47 FoxyTriples    : OIMG
17:47 mattyy_pastizzi: gtg
17:47 FoxyTriples    : THIS GUY
17:47 Case_1112      : is the fucking clear lag goneeeeeeee
17:47 Case_1112      : ????????
17:47 TortaLoL placed suspicious WATER_BUCKET @ Unnamed: x-430, z1479
17:47 FoxyTriples    : sorry case
17:47 kasterial      : bet my house is cooler than yours
17:48 mattyy_pastizzi: endermite not working
17:48 Case_1112      : wtf
17:48 TortaLoL placed suspicious WATER_BUCKET @ Unnamed: x-376, z1447
17:49 TortaLoL placed suspicious WATER_BUCKET @ Unnamed: x-429, z1455
17:49 Case_1112      : is clear lag gonee
17:49 FoxyTriples    : nop
17:49 Case_1112      : f
17:49 mattyy_pastizzi: Case I removed the endermite
17:49 mattyy_pastizzi: Doesn't work
17:49 Case_1112      : i'm jumping into the void
17:49 FoxyTriples    : WHY
17:49 kasterial placed suspicious WATER_BUCKET @ Unnamed: x859, z413
17:50 kasterial placed suspicious WATER_BUCKET @ Unnamed: x856, z414
17:50 kasterial placed suspicious WATER_BUCKET @ Unnamed: x859, z414
17:50 FoxyTriples    : unmmm
17:50 FoxyTriples    : unconsentful
17:50 kasterial placed suspicious TROPICAL_FISH_BUCKET @ Unnamed: x858, z414
17:50 kasterial placed suspicious TROPICAL_FISH_BUCKET @ Unnamed: x846, z414
17:50 kasterial placed suspicious TROPICAL_FISH_BUCKET @ Unnamed: x858, z415
17:50 Cosmobutter    : Who mentioned griefing
17:50 Case_1112      : nighty why is this not working
17:50 kasterial placed suspicious TROPICAL_FISH_BUCKET @ Unnamed: x860, z415
17:50 FoxyTriples    : nighty left
17:51 kasterial placed suspicious TROPICAL_FISH_BUCKET @ Unnamed: x860, z419
17:51 Case_1112      : ?
17:51 kasterial placed suspicious TROPICAL_FISH_BUCKET @ Unnamed: x859, z419
17:51 kasterial placed suspicious TROPICAL_FISH_BUCKET @ Unnamed: x859, z418
17:51 kasterial placed suspicious WATER_BUCKET @ Unnamed: x854, z425
17:51 kasterial placed suspicious WATER_BUCKET @ Unnamed: x854, z424
17:51 kasterial placed suspicious WATER_BUCKET @ Unnamed: x844, z414
17:52 Case_1112      : no
17:52 FoxyTriples    : /minecraft:msg Case_1112 Niall was being so annoying ngl 
17:53 Case_1112      : yes
17:53 Cosmobutter    : /w mattyy_pastizzi Im gonna do it loooooooool 
17:53 Case_1112      : no
17:53 FoxyTriples    : NAILL stop
17:53 Ni4ll          : bro stop
17:53 mattyy_pastizzi: /msg Cosmobutter yas kween 
17:53 FoxyTriples    : RIP
17:53 Case_1112      : wtf
17:53 FoxyTriples    : wb nighty
17:53 DeNighty       : Restarted my comp cuz had some issues
17:54 FoxyTriples    : ahhh
17:54 kasterial      : i need help..
17:54 Case_1112      : i needt 1 more lev
17:54 FoxyTriples    : sm
17:54 DeNighty       : Yes kasterial?
17:54 Case_1112      : sorrty
17:54 FoxyTriples    : dw
17:54 kasterial      : need help
17:55 DeNighty       : ?
17:55 kasterial      : :(
17:55 kasterial      : how to stop water
17:55 DeNighty       : U need help?
17:55 DeNighty       : uh
17:55 mattyy_pastizzi: /msg Cosmobutter ban now 
17:55 mattyy_pastizzi: /msg Cosmobutter jekk ha jqazzez im going to do it 
17:55 kasterial placed suspicious WATER_BUCKET @ Unnamed: x857, z418
17:55 Cosmobutter    : /r I made him deaf but he can still talk 
17:55 kasterial placed suspicious WATER_BUCKET @ Unnamed: x857, z418
17:55 DeNighty placed suspicious WATER_BUCKET @ Unnamed: x856, z418
17:55 DeNighty placed suspicious TROPICAL_FISH_BUCKET @ Unnamed: x850, z417
17:55 mattyy_pastizzi: /msg Cosmobutter ok 
17:56 Case_1112      : the more enderman there are the more they will spawn
17:56 DeNighty       : i jsut stole a fish and put it back, feeling gud
17:56 kasterial placed suspicious WATER_BUCKET @ Unnamed: x859, z413
17:56 kasterial placed suspicious WATER_BUCKET @ Unnamed: x859, z414
17:56 mattyy_pastizzi: /msg Cosmobutter dont you have any commands to see his inv? 
17:56 kasterial placed suspicious WATER_BUCKET @ Unnamed: x859, z414
17:56 kasterial placed suspicious WATER_BUCKET @ Unnamed: x859, z414
17:56 kasterial placed suspicious WATER_BUCKET @ Unnamed: x859, z414
17:56 kasterial placed suspicious WATER_BUCKET @ Unnamed: x859, z414
17:56 kasterial placed suspicious WATER_BUCKET @ Unnamed: x859, z414
17:56 FoxyTriples    : thats cool
17:56 Ni4ll          : GIVE ME MY STUFF BACK FFS
17:56 Case_1112      : don't kill them all
17:56 kasterial placed suspicious WATER_BUCKET @ Unnamed: x859, z414
17:56 Cosmobutter    : /r I do 
17:56 Ni4ll          : KEEP ON FUCKING GREIFING ME
17:56 FoxyTriples    : how??
17:56 mattyy_pastizzi: /msg Cosmobutter check to see jekk mghamilx bhal l-ahhar darba 
17:56 Cosmobutter    : /w mattyy_pastizzi Softmuted him 
17:56 mattyy_pastizzi: /msg Cosmobutter ok 
17:56 Cosmobutter    : /w mattyy_pastizzi He can speak, but no one except me will see his messages 
17:56 DeNighty       : I have override I can come in ;D
17:57 mattyy_pastizzi: /msg Cosmobutter ok ok grazzi 
17:57 DeNighty placed suspicious WATER_BUCKET @ Unnamed: x853, z454
17:57 mattyy_pastizzi: /msg Cosmobutter imma kif dejjem hu? jibda glied fil voj? 
17:57 Cosmobutter    : /r Ik lol 
17:58 kasterial placed suspicious TROPICAL_FISH_BUCKET @ Unnamed: x858, z415
17:58 mattyy_pastizzi: /msg Cosmobutter miskin ha jibki 
17:58 mattyy_pastizzi: /msg Cosmobutter imma tan nejk hi dejjem iwehhel fin nies 
17:58 Cosmobutter    : /r vera 
17:59 Case_1112      : how to get soul speed
17:59 FoxyTriples    : trading
17:59 FoxyTriples    : piglins
17:59 Case_1112      : ok
17:59 Cosmobutter    : Wb matt
17:59 mattyy_pastizzi: hey
17:59 FoxyTriples    : matt never left
18:00 mattyy_pastizzi: i was vanish then i left
18:00 FoxyTriples    : hmmmmm
18:00 mattyy_pastizzi: went afk
18:00 FoxyTriples    : ok
18:02 mattyy_pastizzi: /msg TortaLoL niall qed jghid kontrijja go vc? 
18:02 Case_1112      : need to borrow gold armor
18:04 Case_1112      : i wasted 1 stack of gold for ston
18:05 FoxyTriples    : dear god plz give me looting 3, sharp 4 and
18:05 FoxyTriples    : rip
18:05 therealjpcdb   : /msg Cosmobutter mattew is admin abuseing 
18:05 Case_1112      : pray
18:05 FoxyTriples    : YES
18:05 Cosmobutter    : /r What is he doing 
18:05 FoxyTriples    : WaP
18:05 FoxyTriples    : worship and prayer
18:05 therealjpcdb   : /msg Cosmobutter he took all of nialls stuff 
18:06 Cosmobutter    : /r He didn't 
18:06 mattyy_pastizzi: /msg therealjpcdb niall is talking about me in vc? 
18:06 therealjpcdb   : /msg Cosmobutter he took all of his stuff opened his grave and took every thing 
18:06 Cosmobutter    : /r Again that's a lie 
18:08 mattyy_pastizzi: /msg Cosmobutter probabli jgeregr fuqi qieghed dak go vc 
18:08 Cosmobutter    : /r Hafna 
18:08 mattyy_pastizzi: /msg Cosmobutter ghal xi haga li maghmiltx 
18:08 Cosmobutter    : /w mattyy_pastizzi Hafna 
18:08 Cosmobutter    :  placed a sign @ Unnamed: x-847, z-276
  Cosmo's Private
  Room
18:08 FoxyTriples    : wb
18:09 Cosmobutter    :  placed a sign @ Unnamed: x-847, z-276
  Cosmo's room
18:09 mattyy_pastizzi: Currently restoring the end :)
18:09 FoxyTriples    : wdym??
18:10 mattyy_pastizzi: There are a lot of holes so im patching them up
18:11 FoxyTriples    : oh
18:12 Cosmobutter    : /r mattyy_pastizzi They all want you removed from mod 
18:12 Cosmobutter    : /r mattyy_pastizzi They all will leave if I don't demote you :/ 
18:13 mattyy_pastizzi: /msg Cosmobutter demote me then 
18:13 Cosmobutter    : /r U sure? 
18:13 mattyy_pastizzi: /msg Cosmobutter even tho i did nothing 
18:13 mattyy_pastizzi: /msg Cosmobutter yes 
18:13 FoxyTriples    : NOOO
18:13 FoxyTriples    : sharp 4 and fire aspect
18:15 mattyy_pastizzi: /msg Cosmobutter who told you to demote me? 
18:16 Cosmobutter    : /r Jpcdb, Kevin, Niall 
18:16 Cosmobutter    : /r Carl 
18:16 mattyy_pastizzi: /msg Cosmobutter jon mghamiltu xejn, kevin lanqas, u niall lanqas 
18:16 mattyy_pastizzi: /msg Cosmobutter u cark lanqas 
18:16 Cosmobutter    : /r Naf 
18:16 mattyy_pastizzi: /msg Cosmobutter try and ask them why pls 
18:17 mattyy_pastizzi: /msg Cosmobutter crying bhalissa 
18:17 Cosmobutter    : /r Ik 
18:17 Cosmobutter    : /r I hate it when poeple say you're abusing because they want power 
18:17 mattyy_pastizzi: /msg Cosmobutter ik hi 
18:19 Cosmobutter    : /r I think I know what to do 
18:19 mattyy_pastizzi: /msg Cosmobutter niall told them he asked me for his stuff back. and i said no 
18:20 Cosmobutter    : /r I'm gonna keep you mod 
18:20 mattyy_pastizzi: /msg Cosmobutter no dont it will be bad for the server 
18:20 mattyy_pastizzi: /msg Cosmobutter you agreed with nialls story? 
18:20 Cosmobutter    : /r Don't want you to stop playing tho 
18:20 Cosmobutter    : /r Def no 
18:20 mattyy_pastizzi: /msg Cosmobutter thats what kevin said 
18:20 Cosmobutter    : /r Bruh 
18:21 Cosmobutter    : /r As I said, I'm keeping you mod 
18:21 FoxyTriples    : NOIOOOOO
18:21 FoxyTriples    : i jj=ust threw away my sword
18:22 FoxyTriples    : NOOOOOOOOOOOOOOOO
18:26 DeNighty       : yo wtf is this day, so many weird things happening
18:26 Cosmobutter    : /w DeNighty DeNighty Matty is resigning 
18:26 DeNighty       : /msg cosmo why 
18:27 Cosmobutter    : /w DeNighty Cause poeple want him to, poeple think he abused. 
18:27 Cosmobutter    : /w DeNighty I don't agree with it 
18:27 DeNighty       : /msg cosmo i dont think he abused, but y did he leave da server 
18:27 Cosmobutter    : /w DeNighty Cause I told him that poeple were against me 
18:27 Cosmobutter    : /w DeNighty Cause I told him that poeple were against *him 
18:28 DeNighty       : /msg cosmo And he left? 
18:28 DeNighty       : /msg cosmo What has this server become UwU 
18:28 Cosmobutter    : /r Yes, let's move him to the GC 
18:28 Cosmobutter    : /r Yes, let's move this 
18:28 DeNighty       : /msg cosmo gc? 
18:45 FoxyTriples    : NOOOOO
18:45 FoxyTriples    : i lost my god sword and my god pick
18:45 Koolaidguy_541 : been trough the pain....
18:46 Koolaidguy_541 : how tho
18:46 FoxyTriples    : stupid hopper thing
18:46 Koolaidguy_541 : ?
18:47 FoxyTriples    : enderman
18:47 Koolaidguy_541 : ohh
18:47 Koolaidguy_541 : can say the same for that....
18:47 FoxyTriples    : we should have a way to deactivate the hoppers if u die on them
18:53 QassataLoL     :  placed a sign @ Unnamed: x-83, z297
  QassataLoL
  14 Diamonds
18:55 QassataLoL     :  placed a sign @ Unnamed: x-79, z286
  Francesco and 
  therealjpcdb
  30 Diamonds
18:56 QassataLoL     :  placed a sign @ Unnamed: x-82, z297
  w
18:56 FrancescoMifsud:  placed a sign @ Unnamed: x-79, z286
  e
18:57 QassataLoL     :  placed a sign @ Unnamed: x-83, z297
  QassataLoL
  ---------------
  15 Diamonds
  ---------------
18:57 FrancescoMifsud:  placed a sign @ Unnamed: x-79, z286
  JPCDB and 
  FrancescoMifsud
  30 dias
19:22 DeNighty       : rip i died
19:22 namrahnad      : ok
19:25 namrahnad      :  placed a sign @ Unnamed: x-79, z286
  namrahnad
  40 diamomds
19:25 namrahnad      :  placed a sign @ Unnamed: x-79, z285
  Sorry
  broke the sign
19:27 namrahnad      :  placed a sign @ Unnamed: x-79, z286
  ---------------
  namrahnad
  35 diamonds
  ---------------
19:38 FoxyTriples: hi
19:38 Case_1112  : hi
19:39 FoxyTriples: i lost my god sword
19:39 FoxyTriples: and my god pick
19:39 Case_1112  : fucl
19:39 FoxyTriples: yup
19:39 FoxyTriples: fucl
19:41 Case_1112  : holy ff
19:41 FoxyTriples: what??
19:41 Case_1112  : sharp V
19:41 FoxyTriples: WOW
19:41 FoxyTriples: NICE
19:41 Case_1112  : look
19:41 FoxyTriples: JEEZ
19:41 Case_1112  : thx
19:41 FoxyTriples: np
19:41 FoxyTriples: sorry
19:42 FoxyTriples: ive wated about 10 diamonds trying to get my sword back
19:42 FoxyTriples: wasted*
19:42 Case_1112  : =(
19:42 FoxyTriples: ive got like 19 diamonds left
19:43 FoxyTriples: LOOK AT THIS SWORD
19:43 FoxyTriples: 1 enchant btw
19:43 Case_1112  : nice
19:43 FoxyTriples: this has sharp 4
19:43 Case_1112  : i know get a enchantment book
19:43 Case_1112  : don't grind
19:43 FoxyTriples: i wont
19:43 FoxyTriples: i just need mending
19:43 FoxyTriples: Wb
19:43 Case_1112  : one menont
19:44 FoxyTriples: Pick time
19:44 Case_1112  : lol
19:45 Case_1112  : i need one more level
19:45 FoxyTriples: ok
19:45 FoxyTriples: sm
19:46 FoxyTriples: im done
19:46 FoxyTriples: No i got forune
19:46 FoxyTriples: i need slik
19:46 vi0lett_   : forune
19:46 FoxyTriples: shush
19:46 FoxyTriples: waffle
19:46 FoxyTriples: i dum
19:47 Case_1112  : look
19:47 FoxyTriples: NICE
19:47 FoxyTriples: OMG
19:47 FoxyTriples: I am so sorry
19:47 Case_1112  : what
19:47 FoxyTriples: clear lag
19:48 Case_1112  : fuckkkkkk
19:48 Case_1112  : nooooooooooooooooooooooooooooooooooooooooooooooooooooooooooooooooooooooooooooooooooooooooooooooooooooooooooooooooooooooooooooooooooooooooooooooo
19:48 vi0lett_   : What happened
19:48 Case_1112  : my god sowrd got despawned
19:48 Case_1112  : clear lag
19:48 Case_1112  : fuck
19:49 FoxyTriples: sorry
19:49 Case_1112  : ley me hit you until it breacks
19:49 Case_1112  : olmosyw
19:50 Case_1112  : almost
19:50 FoxyTriples: ok
19:50 FoxyTriples: cosmo
19:50 Cosmobutter: Yes?
19:50 vi0lett_   : Cosmo short
19:50 FoxyTriples: can u give case his sword
19:50 FoxyTriples: clear lagg made it disappear
19:50 vi0lett_   : I need a shit ton of dirt
19:51 FoxyTriples: he showed me it and when i gave it back cllear lagg made it go poof
19:51 Cosmobutter: What's the enchts?
19:51 FoxyTriples: it was all fully enchanted
19:51 FoxyTriples: everything max
19:51 Cosmobutter: Gave
19:51 Case_1112  : omg
19:51 Case_1112  : thx
19:51 Cosmobutter: Gave
19:51 Cosmobutter: Bruh nvm
19:51 FoxyTriples: Thx
19:51 Case_1112  : wait
19:52 FoxyTriples: wdym??
19:52 Case_1112  : you frogot knock back2
19:52 vi0lett_   : Does anybody have a shit ton of dirt
19:52 FoxyTriples: anyone got a silk touch book??
19:52 Case_1112  : i do
19:52 FoxyTriples: i can get u a lot of dirt
19:52 FoxyTriples: how much case
19:53 Case_1112  : i don't need dirt
19:53 vi0lett_   : I do
19:53 FoxyTriples: no im talking to ash
19:53 FoxyTriples: how much is a lot
19:53 FoxyTriples: how much case
19:53 Case_1112  : free
19:53 FoxyTriples: thx
19:53 Cosmobutter: Don't you all have a huge dirt vein
19:53 Case_1112  : i'm not going to apply knock back
19:53 FoxyTriples: ok
19:54 Case_1112  : omg
19:54 FoxyTriples: feels good to have my stuff back
19:54 FoxyTriples: what case??
19:54 Case_1112  : so much xpp
19:54 FoxyTriples: oh phew
19:54 FoxyTriples: i thought u threw it in the hoppers
19:54 Case_1112  : llo
19:54 Case_1112  : lol
19:55 Case_1112  : buying looting 3
19:55 FoxyTriples: am i allowed to make a sytem where you can power off the last hopper on the 3x3 grid so that if u die on the hoppers then you can get all ur stuff back
19:55 Case_1112  : ok
19:55 Cosmobutter: Don't
19:55 FoxyTriples: ok
19:56 FoxyTriples: why
19:56 vi0lett_   : Who has dirt >:(
19:56 Cosmobutter: Cause it's gonna complicate things, I'd rather give people than do that
19:56 FoxyTriples: ok
19:56 FoxyTriples: ill help get dirt ash
19:57 Cosmobutter: Nobbers
19:57 vi0lett_   : I wanna
19:57 vi0lett_   : like
19:57 vi0lett_   : fill the map
19:57 vi0lett_   : Cosmo cmere
19:57 Cosmobutter: Yessir?
19:57 vi0lett_   : I wanna fill this map
19:57 vi0lett_   : the water
19:57 vi0lett_   : with dirt
19:58 vi0lett_   : -
19:58 FoxyTriples: are grass blocks ok??
19:58 vi0lett_   : He ZOOMED
19:58 vi0lett_   : Jesus fuck
19:58 vi0lett_   : Yeah foxy
19:58 FoxyTriples: phew
19:58 vi0lett_   : any dirt is good
19:58 FoxyTriples: coarse dirt lol
19:58 vi0lett_   : no notthat
19:58 vi0lett_   : .
19:58 FoxyTriples: podzol
19:59 FoxyTriples: mycelium
19:59 vi0lett_   : ._.
19:59 FoxyTriples: im not getting those
19:59 FoxyTriples: or am i..
20:00 vi0lett_   : Cosmo has gone fookin bonkers
20:00 Cosmobutter: Mhm
20:00 FoxyTriples: i got ur dirt
20:00 vi0lett_   : gib
20:00 FoxyTriples: can i put it in a chest
20:01 FoxyTriples: i have no permisiion
20:01 vi0lett_   : oh
20:01 vi0lett_   : Just drop
20:01 FoxyTriples: done
20:01 vi0lett_   : thanks
20:01 vi0lett_   : C:
20:01 FoxyTriples: np
20:01 FoxyTriples: need more??
20:01 FoxyTriples: WOW
20:01 vi0lett_   : not rn
20:01 FoxyTriples: Im poor as well so tysm
20:02 vi0lett_   : Cosmo commited dum
20:02 FoxyTriples: wb
20:02 vi0lett_   : Now this
20:02 vi0lett_   : imma claim the land
20:03 Cosmobutter: Hehe
20:03 vi0lett_   : hold on
20:03 vi0lett_   : wait here
20:03 vi0lett_   : I need to find the corner
20:03 Cosmobutter: Ok
20:03 Cosmobutter: Did you not notice the mycelium
20:04 FoxyTriples: YESS!!
20:04 FoxyTriples: Mycielium resistance
20:04 Case_1112  : yess
20:04 FoxyTriples: case im mining
20:04 Case_1112  : ok
20:04 FoxyTriples: holy
20:04 Case_1112  : ?
20:04 FoxyTriples: thats scared the life out of me
20:04 FoxyTriples: lava
20:04 FoxyTriples: come down
20:05 FoxyTriples: im lvl 11 now
20:05 FoxyTriples: OH
20:05 FoxyTriples: DIAMONDS
20:05 Case_1112  : omg
20:05 FoxyTriples: 6
20:05 FoxyTriples: !!!!
20:05 FoxyTriples: holy
20:05 vi0lett_   : Ok i think im done
20:05 Case_1112  : i'm going to show you a hack thats allowed
20:05 FoxyTriples: ??....
20:05 FoxyTriples: WTF
20:05 FoxyTriples: oh u just did /home
20:06 Case_1112  : no
20:06 FoxyTriples: YES
20:06 Case_1112  : grabbing somthing
20:06 FoxyTriples: oh
20:07 FoxyTriples: case
20:07 FoxyTriples: what is this hack??
20:07 FoxyTriples: i dont think its allowed
20:07 Case_1112  : cosmos said so
20:07 FoxyTriples: ok
20:07 FoxyTriples: what is it
20:08 Case_1112  : wait
20:08 FoxyTriples: ok....
20:09 FoxyTriples: ohhh lava
20:09 Case_1112  : looks
20:09 FoxyTriples: what
20:09 Case_1112  : go in there
20:09 FoxyTriples: oh this
20:09 FoxyTriples: x ray
20:09 Case_1112  : hows the view
20:09 FoxyTriples: good lol
20:10 Case_1112  : me turn
20:10 FoxyTriples: *cosmo frantiacally typing /ban FoxyTriples*
20:10 Cosmobutter: What?
20:10 FoxyTriples: casue i x rayed lol
20:10 Cosmobutter: You didn't
20:10 Case_1112  : i found dimonds
20:10 FoxyTriples: with the composter
20:10 FoxyTriples: NO WAY
20:10 Cosmobutter: Ok
20:10 Cosmobutter: No longer allowed lamo
20:10 Cosmobutter: *lmao
20:10 FoxyTriples: lol
20:11 Case_1112  : look
20:11 FoxyTriples: fair enough
20:11 Case_1112  : piston
20:11 FoxyTriples: *case secretly with an xray texure pack on be like :)*
20:11 Case_1112  : lol
20:12 FoxyTriples: case its not allowed anymore
20:12 Case_1112  : i saw dimonds somewhere here
20:12 FoxyTriples: cosmo is stalking us in spec lol
20:12 Case_1112  : lol
20:12 Cosmobutter: Yupppppppppppppppppppppppppp
20:13 FoxyTriples: TAKE UR PISTON
20:13 vi0lett_   : Foxy I may need more dirt
20:13 vi0lett_   : >->
20:13 FoxyTriples: bruh
20:13 FoxyTriples: ima keep mining for now srry
20:13 vi0lett_   : All good
20:14 vi0lett_   : Can someone sleep
20:15 Cosmobutter: Gtg
20:15 FoxyTriples: cya
20:15 Cosmobutter: Cya all
20:15 vi0lett_   : bye nob
20:16 FoxyTriples: case do u hv fortune 3
20:16 Case_1112  : yes
20:16 FoxyTriples: good
20:16 FoxyTriples: if u want to go down again
20:17 Case_1112  : gimi level
20:17 Case_1112  : lever
20:19 FoxyTriples: strip mine is the best
20:20 FoxyTriples: umm
20:20 FoxyTriples: HOLY AN 8 VIEN
20:20 Case_1112  : ?
20:20 FoxyTriples: diamonds
20:21 Case_1112  : nice
20:21 Case_1112  : wait...
20:21 FoxyTriples: well split at the end
20:21 FoxyTriples: we will*
20:21 Case_1112  : x-ray????
20:21 FoxyTriples: no
20:21 FoxyTriples: i was strip mining
20:21 FoxyTriples: there was already a mini mine going this way as well
20:21 Case_1112  : gtg
20:21 FoxyTriples: cya
20:21 Case_1112  : you keep the dias
20:21 FoxyTriples: u sure??
20:22 Case_1112  : yes
20:22 FoxyTriples: ok then if u say so thx
20:22 FoxyTriples: BYYEEEE!! case
20:23 FoxyTriples: MORE DIAMONDS
20:23 FoxyTriples: I look sus now :(
20:24 FoxyTriples: oh only 4 rip
20:24 FoxyTriples: mission dirt is a go
20:24 vi0lett_   : Can I give you some shulkers so its easier?
20:24 FoxyTriples: sure
20:25 FoxyTriples: thx
20:25 vi0lett_   : np
20:25 FoxyTriples: ill give them back
20:25 FoxyTriples placed suspicious WATER_BUCKET @ Unnamed: x1088, z-1777
20:25 FoxyTriples placed suspicious WATER_BUCKET @ Unnamed: x1088, z-1780
20:26 FoxyTriples: brb ill be 10 mins
20:27 mattyy_pastizzi: heyy
20:28 vi0lett_       : Matt nob
20:28 mattyy_pastizzi: in a good mood suddenly
20:28 vi0lett_       : Heh wonder why
20:28 mattyy_pastizzi: like your new tag btw
20:28 FoxyTriples    : hi matt
20:28 vi0lett_       : C:
20:28 mattyy_pastizzi: Hey foxy!
20:28 FoxyTriples    : im doing my violin rn
20:28 FoxyTriples    : ill be 10 mins
20:28 mattyy_pastizzi: doing?
20:28 FoxyTriples    : playing
20:28 mattyy_pastizzi: ah ok
20:28 mattyy_pastizzi: have fun!
20:28 FoxyTriples    : thx
20:34 mattyy_pastizzi: ngl kinda excited for bidding to end
20:35 vi0lett_       : same
20:35 vi0lett_       : I wanna be able to buy shit
20:35 mattyy_pastizzi: good news Evana said shell bid when she logs on
20:35 vi0lett_       : Oo
20:35 mattyy_pastizzi: to get a bakery :)
20:36 FoxyTriples    : yh im excited too
20:36 FoxyTriples    : ik eactly what my shop is gonna be
20:36 FoxyTriples    : exactly*
20:38 mattyy_pastizzi: cool
20:39 FoxyTriples    : ig
20:40 FoxyTriples    : OH
20:40 FoxyTriples    : that was close
20:41 FoxyTriples    : almost lost one of ur shulkers
20:41 vi0lett_       : ._.
20:41 FoxyTriples    : dw i hhave it
20:41 vi0lett_       : Oke
20:41 mattyy_pastizzi: haha
20:41 vi0lett_       : After I finish my thing i'll give you smt
20:41 FoxyTriples    : i need to get shulkers
20:41 FoxyTriples    : ok
20:41 FoxyTriples    : im not dont yet tho
20:44 FoxyTriples    : almost 1 full shulker
20:44 mattyy_pastizzi: full of what?
20:44 FoxyTriples    : dirt
20:44 mattyy_pastizzi: ok
20:44 FoxyTriples    : its for ash
20:44 mattyy_pastizzi: ah ok
20:44 vi0lett_       : nyom
20:44 vi0lett_       : yummy dort
20:44 mattyy_pastizzi: dort good
20:44 FoxyTriples    : my shovel is half way done
20:45 FoxyTriples    : wb
20:46 mattyy_pastizzi: ye Evana aint placing a bid
20:46 vi0lett_       : why so
20:46 mattyy_pastizzi: she doesnt have 9 diamonds she said
20:46 FoxyTriples    : who is evana
20:46 vi0lett_       : I can lend her some
20:46 vi0lett_       : tell her
20:46 mattyy_pastizzi: she owns a bakery in Kolibri
20:46 FoxyTriples    : oh
20:47 FoxyTriples    : whats their ign
20:47 vi0lett_       : VioletWishh or smt
20:47 mattyy_pastizzi: Evana / Ranboo something
20:47 FoxyTriples    : oh
20:47 FoxyTriples    : t1 full box
20:48 mattyy_pastizzi: she said shell bid
20:48 FoxyTriples    : ash let me finish
20:48 vi0lett_       : Oke
20:49 FoxyTriples    : woah ur ping is in narnia
20:49 mattyy_pastizzi: She should be joining any min now
20:49 vi0lett_       : ye im cool
20:49 mattyy_pastizzi: Evana
20:51 FoxyTriples    : almost done
20:51 vi0lett_       : :D
20:51 FoxyTriples    : yh and my shovel is almost done too
20:52 vi0lett_       : Do you have mending on it?
20:52 FoxyTriples    : nop
20:52 FoxyTriples    : i ahve 3 netherite blocks tho
20:52 mattyy_pastizzi: Hey
20:52 FoxyTriples    : hi
20:52 vi0lett_       : Ill give you one
20:52 vi0lett_       : Eva nob
20:52 FoxyTriples    : nah its fine ash
20:52 VioletWishh    : lol
20:53 mattyy_pastizzi: eva do /warp spawn rq
20:53 VioletWishh    : oki
20:53 mattyy_pastizzi: gonna show you the shopping district
20:53 VioletWishh    : oo thank u
20:53 vi0lett_       : Eva eat you gon die
20:53 mattyy_pastizzi: ye haha
20:53 VioletWishh    : loll yea i probs shiuld
20:53 vi0lett_       : shiuld <3
20:53 VioletWishh    : i left it in my chest in my bakery house
20:54 VioletWishh    : o thx
20:54 VioletWishh    : oki ready
20:54 FoxyTriples    : ash
20:54 vi0lett_       : ?
20:54 FoxyTriples    : im on 40 dura
20:54 FoxyTriples    : ill repair it
20:54 vi0lett_       : want a mending book?
20:54 mattyy_pastizzi: let me show you empty plots
20:54 FoxyTriples    : nah
20:54 VioletWishh    : oki
20:54 mattyy_pastizzi: but you can place a bid on any plot
20:55 mattyy_pastizzi: we have 4 empty plots
20:55 VioletWishh    : hmmm
20:55 mattyy_pastizzi: or you can have a look around the other plots too
20:56 VioletWishh    : ill have this one
20:56 mattyy_pastizzi: Great
20:56 mattyy_pastizzi: how much are you gonna bid on it?
20:56 mattyy_pastizzi: 9 dia?
20:56 VioletWishh    : yea
20:56 mattyy_pastizzi: ook
20:56 mattyy_pastizzi: thanks
20:56 VioletWishh    : np
20:56 mattyy_pastizzi: youre helping out a lot
20:56 VioletWishh    : glad i am lol
20:56 mattyy_pastizzi: i told you a bunch of times in dms haha
20:56 VioletWishh    : yea loll
20:56 mattyy_pastizzi:  placed a sign @ Unnamed: x-46, z281
  VioletWishh
  9 Diamonds
20:57 vi0lett_       : Foxy how's the dirt going
20:57 FoxyTriples    : i gtg now ill give u what i got
20:57 vi0lett_       : oke
20:57 mattyy_pastizzi: cya foxy!
20:57 FoxyTriples    : bye
20:58 VioletWishh    : oki i gotta head out now too i think got hw but thx for the plot lol
20:58 FoxyTriples    : ones in my chest
20:58 mattyy_pastizzi: dont choke <3
20:58 FoxyTriples    : cya
20:58 mattyy_pastizzi: haha
20:58 vi0lett_       : thanks
20:58 vi0lett_       : :D
20:58 FoxyTriples    : whoops
20:59 VioletWishh    : why do i not have permission to use my own chests
20:59 mattyy_pastizzi: idk
20:59 VioletWishh    : hmm
20:59 vi0lett_       : OH
20:59 mattyy_pastizzi: maybe ash put a claim
20:59 vi0lett_       : there
20:59 VioletWishh    : o
20:59 VioletWishh    : oki thx
20:59 mattyy_pastizzi: or you can do /ignoreclaims
20:59 vi0lett_       : She cant
20:59 vi0lett_       : shes a member
20:59 mattyy_pastizzi: oh ok
21:00 vi0lett_       : mods can do that
21:00 mattyy_pastizzi: oh i thought everyone has it
21:00 vi0lett_       : whatsthepointofclaimsthen
21:00 mattyy_pastizzi: me nob
21:00 mattyy_pastizzi: haha
21:00 vi0lett_       : Matt go sleep I think youre high
21:00 mattyy_pastizzi: oki
21:00 mattyy_pastizzi: bye
21:00 vi0lett_       : bye nob
21:00 mattyy_pastizzi: like for real kinda late
21:00 mattyy_pastizzi: bye
21:48 Case_1112 placed suspicious LAVA_BUCKET @ Unnamed: x1442, z-2500
21:53 Case_1112 placed suspicious LAVA_BUCKET @ Unnamed: x1431, z-2527
