10:07 Koolaidguy_541: is anyone in vanish mode ?
10:07 DeNighty      : yeah i was
10:07 Cosmobutter   : Same
10:07 Koolaidguy_541: lol
10:07 Koolaidguy_541: tab said 3 online players when i was the "only" one
10:07 Koolaidguy_541: cosmo can u tp to me
10:07 Cosmobutter   : One sec
10:08 Koolaidguy_541: /w Cosmobutter can u spawn a sheep since someone killed it pls 
10:08 Cosmobutter   : /r Aren't you moving your base? 
10:08 Koolaidguy_541: /w Cosmobutter yeah 
10:12 Koolaidguy_541: what is grief prevention?
10:12 Cosmobutter   : You'll see
10:14 FoxyTriples   : haircut over
10:20 Koolaidguy_541: ./call ?
10:21 mattyy_pastizzi: join vc
10:21 Koolaidguy_541 : k
10:21 Koolaidguy_541 : no i meant what does /call do
10:21 FoxyTriples    : its tpa
10:21 mattyy_pastizzi: ah ok
10:22 mattyy_pastizzi: yes to ask someone to tpa
10:22 FoxyTriples    : its the same as tpahere or tpa
10:26 FoxyTriples    : /msg mattyy_pastizzi do i still hv vip access to ur shop lol 
10:29 FoxyTriples    : hi
10:55 FoxyTriples    : umm
10:55 FoxyTriples    : my sword just dissapeared
11:03 FoxyTriples    : wb
11:30 FoxyTriples    : anyone selling an unbreaking 3 book
11:31 FoxyTriples    : or a mending one
11:31 Koolaidguy_541 : yes
11:31 Koolaidguy_541 : tp to me
11:31 Koolaidguy_541 : 1 dia
11:31 FoxyTriples    : for
11:31 Koolaidguy_541 : mending
11:31 FoxyTriples    : ok
11:31 FoxyTriples    : do u hv an echest
11:31 Koolaidguy_541 : up
11:31 FoxyTriples    : do u hv unbreaking 3??
11:32 Koolaidguy_541 : no
11:32 FoxyTriples    : ok
11:37 FoxyTriples    : wb
11:37 mattyy_pastizzi: thanks
11:37 FoxyTriples    : np
11:44 QassataLoL placed suspicious WATER_BUCKET @ Unnamed: x-967, z-909
11:44 QassataLoL placed suspicious WATER_BUCKET @ Unnamed: x-977, z-899
12:05 Cosmobutter    : Matt
12:05 Cosmobutter    : We can hear u
12:06 mattyy_pastizzi: cant talk thats why
12:06 Cosmobutter    : Ah
12:10 mattyy_pastizzi: a mine
12:10 mattyy_pastizzi: cos jon said u dont have one
12:15 mattyy_pastizzi:  placed a sign @ Unnamed: x-862, z-381
  ---------------
  Personal
  Mine
  ---------------
12:15 mattyy_pastizzi: byr gtg
12:19 Cosmobutter    :  placed a sign @ Unnamed: x-862, z-382
  a
12:32 DeNighty       : Lobiks is Blacklisted?
12:32 Cosmobutter    : Yes
12:33 DeNighty       : Well your at 2000 pink
12:33 DeNighty       : ping
12:33 DeNighty       : now 4200
12:34 DeNighty       : niw 3200
12:34 Cosmobutter    :  placed a sign @ Unnamed_the_end: x-31, z-196
  On
  Aut
  Off
12:34 Cosmobutter    :  placed a sign @ Unnamed_the_end: x-31, z-196
  On
  Off
12:35 Cosmobutter    :  placed a sign @ Unnamed_the_end: x-31, z-194
  Auto-Kill
12:57 FoxyTriples    : hi
12:58 FoxyTriples    : nighty do u hv an unbreaking 3 book i could but
12:58 FoxyTriples    : buy*#
13:04 FoxyTriples    : hiii
13:04 FrancescoMifsud: hi
13:06 FoxyTriples    : plz dont sleep
13:08 FoxyTriples    : u can sleep now
13:08 FoxyTriples    : Welcome!
13:08 vi0lett_       : Ayo
13:08 vi0lett_       : It is I
13:08 vi0lett_       : Ash
13:08 FoxyTriples    : bruh srrly
13:09 FoxyTriples    : rlly??
13:09 FoxyTriples    : how many accounts do u need
13:09 vi0lett_       : The other one expired
13:09 FoxyTriples    : can u just renew ur account or whatever
13:09 vi0lett_       : I can but it wasnt working for some stupid reason
13:09 FoxyTriples    : oh
13:10 FrancescoMifsud: you can renew it
13:10 FrancescoMifsud: i think
13:10 vi0lett_       : "This account is not available for use anymore. Unfortunately this is permanent, please feel free to get a new one!"
13:10 FoxyTriples    : rip
13:10 FrancescoMifsud: that sucks
13:10 vi0lett_       : yup
13:11 vi0lett_       : Anyway imma be back when cosmo can giv items back
13:11 FrancescoMifsud: when cosmo is online ask him for your stuff
13:18 vi0lett_       : Ellu
13:18 Cosmobutter    : Nice skin
13:19 vi0lett_       : thank
13:19 Cosmobutter    : Np
13:19 Cosmobutter    : There
13:19 vi0lett_       : c:
13:19 Cosmobutter    : Enjoy :3
14:10 KingCreeperr   : uwu
14:10 KingCreeperr   : kill me
14:11 vi0lett_       : WTH
14:53 Case_1112      : i think i found a hacker
14:53 Koolaidguy_541 : who?
14:54 Case_1112      : tpa
14:54 Koolaidguy_541 : well
14:54 Case_1112      : he gave me 64 blocks of netherite
14:54 Koolaidguy_541 : she/he got rollbacked
14:55 Case_1112      : ok
14:55 Koolaidguy_541 : cause
14:55 Koolaidguy_541 : she stole basically everything from me
14:55 Case_1112      : oh
14:55 Case_1112      : anyways anyone want netherite
14:55 Koolaidguy_541 : yes
14:56 Koolaidguy_541 : nice
14:56 Koolaidguy_541 : tks
14:57 Case_1112      : what are you doing?
14:57 Koolaidguy_541 : whos Ondrakoke
14:57 Case_1112      : don't know
14:57 Koolaidguy_541 : well she/he stole chorus fruit
14:57 Case_1112      : wtf
15:02 Koolaidguy_541 : this grief protection is bad
15:02 Koolaidguy_541 : its not letting me operate my pistons
15:20 Koolaidguy_541 : just found my old armour :DD
15:25 Koolaidguy_541 : WHat THE FUCKIN HELL
15:45 Koolaidguy_541 : i just lost all my netherite tools
15:45 FoxyTriples    : how??
15:45 Koolaidguy_541 : ./sell
15:45 Koolaidguy_541 : :)
15:45 Koolaidguy_541 : :(
15:45 FoxyTriples    : rip i had that happen too
15:45 FoxyTriples    : but when i was in a much more basic stage
15:46 FoxyTriples    : ig u have a lot of money now
15:46 Koolaidguy_541 : mmh
15:46 FoxyTriples    : do u know what it means if ur sign writing is green
15:47 Koolaidguy_541 : ?
15:48 FoxyTriples    : for shopping district
15:48 FoxyTriples    : /msg DeNighty 
15:48 FoxyTriples    : /msg DeNighty Plz help 
15:49 FoxyTriples    :  placed a sign @ Unnamed: x-113, z271
  Sign that Foxy
  accidentally 
  broke. srry :(
15:58 FoxyTriples    : nice
15:58 Koolaidguy_541 : tks
17:11 FoxyTriples    : HELP
17:12 FoxyTriples    : HELP
17:13 FoxyTriples    : HELP!!!
17:13 FoxyTriples    : HELP
17:33 namrahnad      :  placed a sign @ Unnamed: x-11, z248
  tf is this
  -namrahnad
17:51 ArrowIsa       : UwU
17:51 Cosmobutter    : OwO
17:51 Case_1112      : oWo
17:51 ArrowIsa       : long time no see
17:51 Case_1112      : lol
17:52 stealthninga9  : DeNighty can you help me with something?
17:52 Cosmobutter    : Hes afk you idioten
17:52 Case_1112      : cosmos can you replace the andvikle here?
17:52 Cosmobutter    : Coming case
17:52 Case_1112      : thx
17:55 Case_1112      : buying a shulker for netherite
19:04 FoxyTriples    : has nighty been afk this entire time
19:06 FoxyTriples    : looks good
19:06 Cosmobutter    : Thanks
19:06 FoxyTriples    : np
19:07 FoxyTriples    : cosmo
19:07 FoxyTriples    : actually dw
19:09 mattyy_pastizzi: back
19:09 FoxyTriples    : hi
19:09 Cosmobutter    :  placed a sign @ Unnamed: x134, z124
  Water
19:09 mattyy_pastizzi: hey
19:09 FoxyTriples    : here
19:09 mattyy_pastizzi: ah ok no worries
19:09 FoxyTriples    : Why did u use infested stone
19:09 mattyy_pastizzi:  placed a sign @ Unnamed: x-114, z271
  6. Tell Matt what
  your shop is
  going to look
  like
19:09 mattyy_pastizzi: i didnt know it was infested
19:09 mattyy_pastizzi: lmao
19:09 FoxyTriples    : lol
19:09 Cosmobutter    :  placed a sign @ Unnamed: x135, z125
  Water
  Do not destroy
19:09 FoxyTriples    : PVP SKILLZ
19:10 mattyy_pastizzi: ah hey cosmo
19:10 FoxyTriples    : YES
19:10 FoxyTriples    : IM STILL IN THE LEAD
19:10 mattyy_pastizzi: haha
19:12 FoxyTriples    : So GuYs ThIs Is Day 2 Of My SuRvIvAl SeIrIs. I dId SoMe MiNiNg OfF cAmErA
19:12 mattyy_pastizzi: haha
19:12 mattyy_pastizzi: always the same
19:12 FoxyTriples    : thats all i see on reddit
19:12 mattyy_pastizzi: haha
19:13 FoxyTriples    : bruh why is nighty afk all the time
19:13 mattyy_pastizzi: coding
19:13 FoxyTriples    : ahh
19:13 FoxyTriples    : Nighty Afk gonna take some strawberries away
19:13 FoxyTriples    : can i pvp someone
19:14 mattyy_pastizzi: im bad haha
19:14 FoxyTriples    : sm
19:22 FoxyTriples    : im at the world border
19:22 mattyy_pastizzi: ik i see you
19:23 FoxyTriples    : vanish sneakiny
19:23 mattyy_pastizzi: haha
19:23 FoxyTriples    : i went looking for cows
19:23 mattyy_pastizzi: can iest kick on you rq??
19:23 FoxyTriples    : sure??
19:23 FoxyTriples    : ._.
19:23 mattyy_pastizzi: works
19:23 mattyy_pastizzi: thanks
19:24 FoxyTriples    : np
19:24 FoxyTriples    : /msg mattyy_pastizzi vanish 
19:24 FoxyTriples    : LOL
19:24 mattyy_pastizzi: ?
19:24 FoxyTriples    : I JUST TPR INTO KOLIBRI
19:24 mattyy_pastizzi: haha
19:25 mattyy_pastizzi: new??
19:25 FoxyTriples    : hello
19:25 FoxyTriples    : no matt it would have said say welcome to KingDark0101
19:25 mattyy_pastizzi: ik ik
19:25 mattyy_pastizzi: thats if hes new tho thats why
19:26 FoxyTriples    : btw vanish isnt completely hidden
19:27 FoxyTriples    : RIP
19:29 mattyy_pastizzi: Reminder youll be kicked soon
19:29 mattyy_pastizzi: Just join after a few mins :)
19:33 FoxyTriples: HELLO
19:33 mattyy_pastizzi: hey
19:33 FoxyTriples    : im waiting for drowned to spawn#
19:33 mattyy_pastizzi: ah ok
19:34 KingDark0101   : bruh
19:34 FoxyTriples    : what
19:34 mattyy_pastizzi: King Dark please do not break trees at spawn
19:36 mattyy_pastizzi: tp KingDark0101
19:36 FoxyTriples    : lol
19:36 mattyy_pastizzi: do not break trees please
19:36 mattyy_pastizzi: And to mine do /warp Publicmine
19:37 FoxyTriples    : /msg mattyy_pastizzi I bet hes soo confused rn 
19:38 FoxyTriples    : i just leant how to make a squid farm
19:39 mattyy_pastizzi: cool!
19:39 FoxyTriples    : no an inc sac farm
19:39 FoxyTriples    : guardians kill squids
19:39 FoxyTriples    : I feel like ilmango
19:41 FoxyTriples    : WOW
19:42 FoxyTriples    : 3 diamonds from a buired treasure chest
19:42 mattyy_pastizzi: cool
19:42 KingDark0101   : wow what
19:42 FoxyTriples    : bruh
19:42 FoxyTriples    : boi im rich with a certain item
19:42 mattyy_pastizzi: he jusy said he got 3 diamonds from a burried treasure
19:42 FoxyTriples    : yh
19:42 KingDark0101   : Oh ok
19:44 FoxyTriples    : brb
19:45 mattyy_pastizzi: koki
19:51 FoxyTriples    : I LOVE THORNS
19:51 FoxyTriples    : it kept me alive on .5 of a heart
19:51 Cosmobutter    : Lol
19:51 Cosmobutter    : I responded to your suggestion
19:51 FoxyTriples    : ok
19:51 FoxyTriples    : oh lol whoops
19:52 FoxyTriples placed suspicious WATER_BUCKET @ Unnamed: x-1418, z563
19:52 FoxyTriples    : OMG
19:52 FoxyTriples    : im doing the pro nehter portal thing
19:52 FoxyTriples placed suspicious LAVA_BUCKET @ Unnamed: x-1416, z564
19:52 FoxyTriples placed suspicious LAVA_BUCKET @ Unnamed: x-1416, z564
19:53 FoxyTriples placed suspicious WATER_BUCKET @ Unnamed: x-1418, z563
19:53 FoxyTriples placed suspicious WATER_BUCKET @ Unnamed: x-1417, z563
19:53 FoxyTriples placed suspicious LAVA_BUCKET @ Unnamed: x-1416, z564
19:53 FoxyTriples placed suspicious LAVA_BUCKET @ Unnamed: x-1416, z564
19:53 FoxyTriples placed suspicious WATER_BUCKET @ Unnamed: x-1418, z564
19:53 Cosmobutter    : Noice
19:53 FoxyTriples placed suspicious WATER_BUCKET @ Unnamed: x-1418, z563
19:54 FoxyTriples placed suspicious LAVA_BUCKET @ Unnamed: x-1418, z564
19:54 FoxyTriples placed suspicious LAVA_BUCKET @ Unnamed: x-1417, z564
19:54 FoxyTriples    : oh btw i can make an infinite lava source
19:54 Cosmobutter    : !
19:54 FoxyTriples    : thats right
19:54 Cosmobutter    : How
19:54 FoxyTriples    : tp to me
19:54 FoxyTriples placed suspicious LAVA_BUCKET @ Unnamed: x-1429, z578
19:55 FoxyTriples    : wait a dam minute
19:56 FoxyTriples    : ive been lied to
19:56 Cosmobutter    : YT = Clickbait
19:56 FoxyTriples placed suspicious LAVA_BUCKET @ Unnamed: x-1434, z583
19:57 FoxyTriples    : NOOOO
19:57 FoxyTriples    : oh
19:57 FoxyTriples    : im so dumb they swithced lava and water textures in the video
19:58 FoxyTriples placed suspicious LAVA_BUCKET @ Unnamed: x-1434, z583
19:58 FoxyTriples placed suspicious LAVA_BUCKET @ Unnamed: x-1434, z583
19:58 Cosmobutter    : Ehh
19:58 Cosmobutter    : Monetization
19:58 FoxyTriples    : no it was a 30 second vid
19:58 Cosmobutter    : Then clickbait
19:58 FoxyTriples    : :'(
19:59 Cosmobutter    : I mean
19:59 Cosmobutter    : If you want an infite lava source
19:59 FoxyTriples    : ig i should hv expected it
19:59 Cosmobutter    : The nether exists
19:59 FoxyTriples    : hmm ig
19:59 FoxyTriples    : OMG
19:59 FoxyTriples    : i still need to find a fox
20:00 FoxyTriples    : why was netherite over that on my priorities list
20:00 Cosmobutter    : There's over 600x10^1000 Blocks of Lava within the 12m border
20:00 FoxyTriples    : jeez
20:00 FoxyTriples    : whoops
20:00 Cosmobutter    : Anyways
20:00 Cosmobutter    : Cya
20:00 FoxyTriples    : CYA
20:09 FoxyTriples    : wb
20:09 KingDark0101   : hey
20:11 KingDark0101   : what you doing
20:11 FoxyTriples    : trident looking
20:11 KingDark0101   : lol
20:11 FoxyTriples    : ig??
20:11 KingDark0101   : ??
20:11 FoxyTriples    : i dont get how its funny but sure
20:11 FoxyTriples    : what r u doing
20:12 KingDark0101   : ab to die
20:12 FoxyTriples    : oof
20:13 FoxyTriples    : wb
20:14 KingDark0101   : le go lava
20:18 FoxyTriples    : nice
20:19 Case_1112      : selling enchantment books
20:19 FoxyTriples    : what ones??
20:19 FoxyTriples    : wb haxixu
20:19 Case_1112      : tp
20:20 FoxyTriples    : but im at a good place for drowned
20:20 Case_1112      : i have all the books yall ever want
20:20 FoxyTriples    : ok ill tpr somewhere
20:20 FoxyTriples    : nah ill tp to u case dw
20:20 Case_1112      : ok
20:21 FoxyTriples    : how much??
20:21 FoxyTriples    : i need unbreaking 3
20:21 Case_1112      : ok
20:21 Case_1112      : ops
20:22 FoxyTriples    : what??
20:22 Case_1112      : put my last one on my armor
20:22 FoxyTriples    : oh well
20:22 Case_1112      : you can have that for free
20:22 FoxyTriples    : i dont need any netherite
20:22 FoxyTriples    : i have 3 blocks bro
20:22 FoxyTriples    : wb
20:22 FoxyTriples    : do u hv sould speed case
20:23 Case_1112      : no
20:23 Case_1112      : it's rare
20:23 FoxyTriples    : ok
20:23 Case_1112      : wait
20:25 FoxyTriples    : rip
20:25 KingDark0101   : bruhhhhh
20:25 FoxyTriples    : gtg byeeee
20:31 Case_1112      : selling loyalty III
20:35 Case_1112      : buying tridnets
20:35 Case_1112      : nvm
20:35 Case_1112      : i'm the only one
20:42 Case_1112      :  placed a sign @ Unnamed: x-11, z248
  AFK Chamber
  /nuclear bunker
21:59 KingCreeperr   : poopy butt
23:21 KingCreeperr placed suspicious WATER_BUCKET @ Unnamed: x921, z-1758
23:21 KingCreeperr placed suspicious WATER_BUCKET @ Unnamed: x922, z-1757
23:21 KingCreeperr placed suspicious WATER_BUCKET @ Unnamed: x922, z-1757
23:21 KingCreeperr placed suspicious WATER_BUCKET @ Unnamed: x922, z-1757
23:21 KingCreeperr placed suspicious WATER_BUCKET @ Unnamed: x922, z-1757
23:21 KingCreeperr placed suspicious WATER_BUCKET @ Unnamed: x922, z-1757
23:21 KingCreeperr placed suspicious WATER_BUCKET @ Unnamed: x922, z-1757
23:21 KingCreeperr placed suspicious WATER_BUCKET @ Unnamed: x922, z-1757
23:21 KingCreeperr placed suspicious WATER_BUCKET @ Unnamed: x922, z-1757
23:21 KingCreeperr placed suspicious WATER_BUCKET @ Unnamed: x922, z-1757
23:21 KingCreeperr placed suspicious WATER_BUCKET @ Unnamed: x922, z-1757
23:21 KingCreeperr placed suspicious WATER_BUCKET @ Unnamed: x922, z-1757
23:21 KingCreeperr placed suspicious WATER_BUCKET @ Unnamed: x922, z-1757
23:21 KingCreeperr placed suspicious WATER_BUCKET @ Unnamed: x922, z-1757
23:21 KingCreeperr placed suspicious WATER_BUCKET @ Unnamed: x922, z-1757
