06:49 Koolaidguy_541 : carmena mikallef
06:49 StepSmiley     : im stuck in mine/cosmo's base :(
06:50 Koolaidguy_541 : smiley
06:51 StepSmiley     : ohhhhh
06:51 StepSmiley     : wt
06:58 Koolaidguy_541 : smiely?
06:59 Koolaidguy_541 : who do i have to ask if i can live here?
07:00 Koolaidguy_541 : wb
07:00 vi0lett_       : Hi Foxy nob
07:01 FoxyTriples    : thx i just came on to check my bid lol
07:01 FoxyTriples    : hi
07:01 FoxyTriples    : YES
07:01 vi0lett_       : ?
07:01 FoxyTriples    : Still in the lead
07:01 vi0lett_       : nice
07:01 Koolaidguy_541 : when does it end?
07:01 FoxyTriples    : 2PM gmt
07:01 FoxyTriples    : today
07:02 FoxyTriples    : i bet someone will do an ebay strat and bid 1 dia more than someone at like 13:55 or something
07:02 vi0lett_       : 9 dia is minimum
07:02 FoxyTriples    : ik
07:03 FoxyTriples    : i said 1 dia more
07:03 FoxyTriples    : MORE
07:03 vi0lett_       : Oh im blind
07:03 FoxyTriples    : lol
07:03 FoxyTriples    : so i bidd 9 and they bid 10 at the last second basically
07:03 Koolaidguy_541 : u should do it the other way round
07:03 vi0lett_       : Theres a bunch of empty plots I dont think its worth it
07:04 FoxyTriples    : ik but ill be at shool
07:04 FoxyTriples    : school*
07:04 FoxyTriples    : anyway i gtg byee. Im not too worried tho cause other plots are availible so ppl will bid on those. CYA!!
07:04 vi0lett_       : Bye nob
07:08 Koolaidguy_541 : /w vi0lett_ what do u have against me? 
07:08 vi0lett_       : /w Koolaidguy_541 ??? 
07:08 Koolaidguy_541 : /w vi0lett_ why wont i be a good mod if i was? 
07:08 vi0lett_       : /w Koolaidguy_541 wdym 
07:10 vi0lett_       : /w Koolaidguy_541 hello? 
07:12 StepSmiley     :  placed a sign @ Unnamed: x-834, z-304
  wood
07:12 StepSmiley     :  placed a sign @ Unnamed: x-834, z-304
  tree
07:12 StepSmiley     :  placed a sign @ Unnamed: x-834, z-304
  tree
07:13 Koolaidguy_541 placed suspicious WATER_BUCKET @ Unnamed: x-2906, z2508
07:14 StepSmiley     : anyone got brown dye
07:14 vi0lett_       : ye
07:15 StepSmiley     : thx
07:16 Koolaidguy_541 placed suspicious WATER_BUCKET @ Unnamed: x-2900, z2499
07:19 Koolaidguy_541 : bruh is sir
07:20 Koolaidguy_541 placed suspicious WATER_BUCKET @ Unnamed: x-2906, z2506
07:20 Koolaidguy_541 placed suspicious WATER_BUCKET @ Unnamed: x-2906, z2507
07:21 StepSmiley     : cosmo need perms to claim
07:22 StepSmiley     :  placed a sign @ Unnamed: x-834, z-304
  tree
07:22 StepSmiley     :  placed a sign @ Unnamed: x-834, z-304
  wood/levs
07:22 Cosmobutter    :  placed a sign @ Unnamed: x-834, z-304
  Wood
07:22 Cosmobutter    :  placed a sign @ Unnamed: x-834, z-304
  Wood / Leaves
07:23 StepSmiley     : cosmo come
07:23 StepSmiley     : pls
07:24 StepSmiley     : thx
07:25 Koolaidguy_541 placed suspicious WATER_BUCKET @ Unnamed: x-2907, z2491
07:26 Koolaidguy_541 placed suspicious WATER_BUCKET @ Unnamed: x-2907, z2491
07:28 Koolaidguy_541 : anyone have trapdoors
07:28 Koolaidguy_541 : i ned about 22
07:35 Koolaidguy_541 placed suspicious WATER_BUCKET @ Unnamed: x-2898, z2500
07:39 Koolaidguy_541 placed suspicious WATER_BUCKET @ Unnamed: x-2915, z2500
07:43 Koolaidguy_541 : ?
07:43 Koolaidguy_541 : why fran
07:43 FrancescoMifsud: consentful
07:43 cooolzter      : consentful
07:45 Koolaidguy_541 placed suspicious WATER_BUCKET @ Unnamed: x-2912, z2500
07:46 Koolaidguy_541 placed suspicious WATER_BUCKET @ Unnamed: x-2911, z2499
07:46 Koolaidguy_541 placed suspicious WATER_BUCKET @ Unnamed: x-2911, z2499
07:46 Koolaidguy_541 placed suspicious WATER_BUCKET @ Unnamed: x-2910, z2500
07:47 Koolaidguy_541 placed suspicious WATER_BUCKET @ Unnamed: x-2915, z2500
07:47 Koolaidguy_541 placed suspicious WATER_BUCKET @ Unnamed: x-2909, z2500
07:47 Koolaidguy_541 placed suspicious WATER_BUCKET @ Unnamed: x-2910, z2499
07:49 Koolaidguy_541 placed suspicious WATER_BUCKET @ Unnamed: x-2915, z2500
07:50 Koolaidguy_541 placed suspicious WATER_BUCKET @ Unnamed: x-2910, z2500
07:50 Koolaidguy_541 placed suspicious WATER_BUCKET @ Unnamed: x-2915, z2499
07:50 Koolaidguy_541 placed suspicious WATER_BUCKET @ Unnamed: x-2910, z2500
07:57 Koolaidguy_541 placed suspicious WATER_BUCKET @ Unnamed: x-2900, z2588
08:05 StepSmiley     : /w Cosmobutter can i have nametag 
08:05 StepSmiley     : random jus=nk
08:06 StepSmiley     : /w Cosmobutter thx 
08:06 StepSmiley     : /w Cosmobutter in PSCD 
08:06 Cosmobutter    : Coolzter
08:06 Cosmobutter    : Min int?
08:06 cooolzter      : neil
08:06 Cosmobutter    : Ah ok
08:06 Koolaidguy_541 : bruhh
08:06 StepSmiley     : /w Cosmobutter should I brace myself 
08:06 vi0lett_       : yall speaking wahetawfsghytgvw
08:06 Koolaidguy_541 : maltesish
08:06 Cosmobutter    : Min int is basically step one in maltese
08:07 cooolzter      : haxixu
08:07 Koolaidguy_541 : mhm
08:07 cooolzter      : tini sword
08:07 Koolaidguy_541 : inzabbab
08:07 cooolzter      : likle last time
08:07 Koolaidguy_541 : ben destroyed them
08:10 vi0lett_       : shit
08:10 QassataLoL     : lol
08:10 vi0lett_       : was trying to kill the zombie
08:10 vi0lett_       : sorry
08:10 FrancescoMifsud: qassata get in call
08:13 QassataLoL     :  placed a sign @ Unnamed: x-66, z299
  Francesco and 
  therealjpcdb
  20 Diamonds
08:14 StepSmiley     : anyone have a name tag?
08:43 QassataLoL     : whats this?
08:43 Cosmobutter    : Was the iron farm
08:43 QassataLoL     : oh kool
08:43 Cosmobutter    : Made it smooth so it looks better
08:43 QassataLoL     : thanks
08:43 Cosmobutter    : Np
08:45 Cosmobutter    :  placed a sign @ Unnamed: x-857, z-305
  A
08:50 QassataLoL     :  placed a sign @ Unnamed: x-66, z299
  therealjpcdb and
  Francesco 
  ---------------
  12 Diamonds
09:00 Cosmobutter    :  placed a sign @ Unnamed: x-834, z-304
  Working Stations
09:01 Cosmobutter    :  placed a sign @ Unnamed: x-834, z-304
  Other Rare Items
09:01 Cosmobutter    :  placed a sign @ Unnamed: x-834, z-303
  Armor
09:07 StepSmiley     : /w Cosmobutter can I have 3 nametags plz 
09:41 Cosmobutter    :  placed a sign @ Unnamed: x-834, z-303
  Iron
09:41 QassataLoL     : hey ben
09:41 Cosmobutter    :  placed a sign @ Unnamed: x-834, z-303
  Shroomlights
09:41 Cosmobutter    : ?
09:41 QassataLoL     : hello
09:41 Cosmobutter    :  placed a sign @ Unnamed: x-834, z-302
  Netherite
09:41 Cosmobutter    : Oh hello
09:46 QassataLoL     : CALM DOWN STEPSMILEY YOURE HURTING MEEE
09:56 StepSmiley     : /w Cosmobutter need fireworks pllllllllllllssssssssssssss 
09:56 StepSmiley     : /w Cosmobutter plsplsplsplsp 
09:56 StepSmiley     : /w Cosmobutter plsplsplsplsplspls 
09:56 Cosmobutter    : /r StepSmiley Check your inv 
09:57 StepSmiley     : /w Cosmobutter thx 
10:20 borderline_ placed suspicious WATER_BUCKET @ Unnamed: x811, z396
10:21 borderline_ placed suspicious WATER_BUCKET @ Unnamed: x797, z396
10:47 borderline_ placed suspicious WATER_BUCKET @ Unnamed: x773, z529
10:47 borderline_ placed suspicious WATER_BUCKET @ Unnamed: x804, z504
10:51 borderline_ placed suspicious WATER_BUCKET @ Unnamed: x838, z424
10:51 mattyy_pastizzi: Hey
10:52 mattyy_pastizzi: hallo
10:53 QassataLoL     : /w matt caal? 
10:53 QassataLoL     : /w matt call? 
10:54 mattyy_pastizzi: /msg QassataLoL cant ghax ommi lessons u jekk najjat bspank for me 
10:54 QassataLoL     : ok
10:55 mattyy_pastizzi: ...
10:55 QassataLoL     : youll never know my secrets matthew
10:55 mattyy_pastizzi: 0_0
10:58 mattyy_pastizzi: gonna bid
10:58 QassataLoL     : you?
10:58 mattyy_pastizzi:  placed a sign @ Unnamed: x-96, z263
  mattyy_pastizzi
  11 diamonds
10:58 mattyy_pastizzi: ye
10:58 mattyy_pastizzi: i only have 11 di
10:59 mattyy_pastizzi: bye gtg
11:01 mattyy_pastizzi: back
11:02 FrancescoMifsud: MATT
11:02 mattyy_pastizzi: AW
11:02 FrancescoMifsud: can you give me my potions back
11:02 mattyy_pastizzi: ehe iva mur il base
11:02 mattyy_pastizzi: /msg FrancescoMifsud hbejtom ghax hafom jon 
11:02 FrancescoMifsud: ste naqa
11:02 FrancescoMifsud: tpls
11:03 mattyy_pastizzi: mur base
11:03 mattyy_pastizzi: ghax dhaltom go shulker
11:04 mattyy_pastizzi: caw
11:11 Cosmobutter: VC smiley?
11:11 StepSmiley : k
11:17 borderline_: nice
11:19 FrancescoMifsud: priv chat
11:21 StepSmiley     : stop
11:21 FrancescoMifsud: is this your bbase
11:22 StepSmiley     : leave
11:23 FrancescoMifsud: ok
12:57 FrancescoMifsud: cosmo
12:57 Cosmobutter    : ?
12:57 FrancescoMifsud: ehh
12:58 FrancescoMifsud: I taught you were afk
13:47 TortaLoL placed suspicious WATER_BUCKET @ Unnamed: x-456, z1407
13:47 TortaLoL placed suspicious WATER_BUCKET @ Unnamed: x-499, z1444
13:50 Cosmobutter    : /r therealjpcdb Come here 
13:50 Cosmobutter    : /w therealjpcdb Come here 
13:50 Cosmobutter    : /r Let me show you 
13:50 Cosmobutter    : /r Smt 
13:59 Cosmobutter    : Hello
13:59 mattyy_pastizzi: hey
13:59 mattyy_pastizzi: this is all bc of me
13:59 mattyy_pastizzi: im sorry
13:59 QassataLoL     : what?
13:59 mattyy_pastizzi: everyone leaving
13:59 mattyy_pastizzi: i shouldnt have gone helping niall
14:00 mattyy_pastizzi: fran i have the potions
14:07 mattyy_pastizzi: JON
14:07 mattyy_pastizzi: can you take frans potions then give them to him pls?
14:07 mattyy_pastizzi: or luca?
14:07 mattyy_pastizzi: thanks ghax gtg
14:30 Cosmobutter    :  placed a sign @ Unnamed: x-46, z272
  256 diamonds
  Cosmobutter
14:37 QassataLoL placed suspicious WATER_BUCKET @ Unnamed: x51, z292
14:56 QassataLoL     :  placed a sign @ Unnamed: x-45, z272
  peepee
15:04 DeNighty       :  placed a sign @ Unnamed: x-110, z263
  ---------------
  Plot payer:
  Case_1112
  ---------------
15:05 DeNighty       :  placed a sign @ Unnamed: x-97, z263
  ---------------
  Plot payer:
  mattyy_pastizzi
  ---------------
15:05 DeNighty       :  placed a sign @ Unnamed: x-99, z276
  ---------------
  Plot payer:
  Cosmobutter
  ---------------
15:05 DeNighty       :  placed a sign @ Unnamed: x-88, z276
  ---------------
  Plot payer:
  Haxixu
  ---------------
15:06 DeNighty       :  placed a sign @ Unnamed: x-79, z287
  ---------------
  Plot payer:
  namrahnad
  ---------------
15:06 DeNighty       :  placed a sign @ Unnamed: x-83, z298
  ---------------
  Plot Claimed by
  QassatLoL
  ---------------
15:10 namrahnad      : who do i pay for the plot?
15:10 Cosmobutter    : Nighty or maatt
15:10 namrahnad      : ok
15:11 namrahnad      : Can you see the cost. I think I put 35
15:11 namrahnad      : im not sure tho
15:12 mattyy_pastizzi: here :)
15:13 mattyy_pastizzi: Anyone who wants to pay me the diamonds, you can :0
15:13 namrahnad      : I will
15:13 namrahnad      : rn
15:13 therealjpcdb   : how much mat
15:14 mattyy_pastizzi: how much did you bid?
15:14 namrahnad      : 35
15:14 mattyy_pastizzi: ok i have 34
15:14 mattyy_pastizzi: ok thanks
15:14 therealjpcdb   : 12
15:14 mattyy_pastizzi: you can start building now namrah
15:15 therealjpcdb   : join vc
15:15 mattyy_pastizzi: cant
15:15 therealjpcdb   : ok
15:15 mattyy_pastizzi: soon gtg
15:16 mattyy_pastizzi: Thx
15:16 therealjpcdb   : np
15:16 mattyy_pastizzi: bye yall
15:16 therealjpcdb   : byee
15:16 mattyy_pastizzi: Namrah and Jpcdb you guys can build on your plots :0
15:16 mattyy_pastizzi: :)
15:16 mattyy_pastizzi: Have a great time!
15:16 therealjpcdb   : can i build ??
15:20 namrahnad      : So Since I paid I can Start on Sunday?
15:20 namrahnad      : After The announcement
15:21 therealjpcdb   : can we build ??
15:44 Case_1112 placed suspicious LAVA_BUCKET @ Unnamed: x-109, z265
15:45 Case_1112      : srry
15:45 therealjpcdb   : dw
15:45 Case_1112      : i use lava as light source sometime i set people on fire
15:47 Case_1112      : hello
15:47 FoxyTriples    : hi
15:47 FoxyTriples    : im just gonna get a snack rq brb
15:47 Case_1112      : ok
15:49 Case_1112 placed suspicious LAVA_BUCKET @ Unnamed: x883, z-1639
15:50 FoxyTriples    : im back
15:50 Case_1112      : hello
15:50 FoxyTriples    : hi
15:50 Case_1112      : don't get your keboard dirty
15:51 Case_1112      : lol
15:51 FoxyTriples    : lol i wont
15:51 Case_1112      : i made my self a house
15:51 Case_1112      : look
15:51 FoxyTriples    : ohh
15:51 FoxyTriples    : very cosy
15:51 Case_1112      : 1 by 2
15:51 FoxyTriples    : imaculate
15:51 FoxyTriples    : whats this??
15:52 Case_1112      : thats for lightu=ing
15:52 FoxyTriples    : ooh
15:52 Case_1112      : my shader is dark
15:52 FoxyTriples    : i changed the code so my game is always very bright
15:52 Case_1112      : cheat
15:52 FoxyTriples    : Im waaaayyy better than nighty at coding for that
15:52 FoxyTriples    : how nighty coded in 12 netherite blocks
15:53 Case_1112      : enderchest?
15:53 FoxyTriples    : wdym??
15:53 FoxyTriples    : where is it??
15:53 FoxyTriples    : WTF
15:53 FoxyTriples    : oh ur putting it in my home
15:53 Case_1112      : yah
15:53 FoxyTriples    : me dum
15:54 Case_1112      : you thought i would just yeeeet it
15:54 FoxyTriples    : kinda..
15:54 FoxyTriples    : i got 7 ingots
15:54 FoxyTriples    : and 2 blocks#
15:54 Case_1112      : i have 31
15:54 FoxyTriples    : 31 blocks
15:54 Case_1112      : yah
15:54 FoxyTriples    : ??
15:54 FoxyTriples    : HOW
15:54 FoxyTriples    : proove
15:55 FoxyTriples    : HOLY
15:55 Case_1112      : someone gave it to me sa a chrimas present
15:55 FoxyTriples    : and i thought i was rich..
15:55 Case_1112      : think they are cheating
15:55 FoxyTriples    : oh
15:55 FoxyTriples    : what was their name
15:55 Case_1112      : i frgot
15:55 Case_1112      : i'm bad with names
15:55 FoxyTriples    : Lobiks??
15:55 Case_1112      : no
15:55 FoxyTriples    : oh
15:56 Case_1112      : here is a present
15:56 FoxyTriples    : thx
15:56 FoxyTriples    : wow
15:56 FoxyTriples    : thx
15:56 Case_1112      : too much rocketssss
15:56 FoxyTriples    : want anything back
15:56 Case_1112      : there
15:57 Case_1112      : no
15:57 FoxyTriples    : u sure
15:57 Case_1112      : yah
15:57 Case_1112      : omg
15:57 FoxyTriples    : ima mine them now
15:57 Case_1112      : wait
15:57 FoxyTriples    : what??
15:57 FoxyTriples    : i got fortune 3
15:57 Case_1112      : you have fotrune 3?
15:57 Case_1112      : ok
15:58 FoxyTriples    : phew
15:58 Case_1112      : how much?
15:58 FoxyTriples    : 47
15:58 FoxyTriples    : from 18
15:58 Case_1112      : nice
15:58 FoxyTriples    : pretty pog
15:58 Case_1112      : more than triple
15:58 FoxyTriples    : thatll pay off the morgage
15:58 Case_1112      : lol
15:58 Case_1112      : no no
15:58 FoxyTriples    : no u keep
15:59 Case_1112      : i was just messing around
15:59 FoxyTriples    : ok
15:59 Case_1112      : thx
15:59 FoxyTriples    : np
15:59 Case_1112      : i have 5 blocks now
15:59 FoxyTriples    : nice
15:59 FoxyTriples    : o got 7
15:59 Case_1112      : do you have a shop plot?
15:59 FoxyTriples    : yh
16:00 Case_1112      : i have one 2
16:00 FoxyTriples    : nice
16:00 Case_1112      : idk what to sell
16:00 FoxyTriples    : i have 6 blocks and 7 diamonds
16:00 FoxyTriples    : oh ik what im selling
16:00 Case_1112      : nice
16:00 Case_1112      : what
16:00 FoxyTriples    : cant say ssrry
16:00 FoxyTriples    : youll see
16:00 Case_1112      : ?
16:00 Case_1112      : ok
16:01 FoxyTriples    : WHERSE MY ARROW
16:01 FoxyTriples    : NO
16:01 FoxyTriples    : JOKEY
16:01 FoxyTriples    : jockey
16:01 Case_1112      : need to do something fro==or sience
16:01 FoxyTriples    : oh
16:01 Case_1112      : ok
16:01 Case_1112      : glow
16:01 FoxyTriples    : LOOK
16:02 FoxyTriples    : jockey
16:02 Case_1112      : nice
16:02 FoxyTriples    : eww proj pot 4
16:02 Case_1112      : lol
16:02 FoxyTriples    : /msg Case_1112 Join the private vc 
16:02 Case_1112      : ok
16:03 Case_1112      : done
16:03 FoxyTriples    : /msg Case_1112 Im talking rn now 
16:03 Case_1112      : can't hear
16:03 FoxyTriples    : /msg Case_1112 bruh the day my wifi is trash 
16:04 FoxyTriples    : /msg Case_1112 I had push to talk LOL 
16:04 Case_1112      : /whisper FoxyTriples I can hear other people but not you 
16:04 Case_1112      : lol
16:04 Case_1112      : omg
16:04 FoxyTriples    : thats me
16:05 Case_1112      : you sound like a 3 year-old no affence
16:05 FoxyTriples    : lol i got a trash mic
16:05 Case_1112      : asmr moment
16:05 FoxyTriples    : lol
16:05 Case_1112      : omg the keyboard sound
16:06 Case_1112      : is that you?
16:06 FoxyTriples    : me
16:06 FoxyTriples    : tlaking yes
16:06 Case_1112      : hmm...
16:06 Case_1112      : sus
16:06 FoxyTriples    : im talking quiet for some reason
16:06 Case_1112      : lol
16:06 FoxyTriples    : i am tho
16:07 Case_1112      : lol
16:07 Case_1112      : is that a pink sheeepp
16:07 Case_1112      : no it's technoblade
16:07 FoxyTriples    : lol
16:08 Case_1112      : stop
16:08 Case_1112      : mute
16:09 Case_1112      : your keboard
16:09 FoxyTriples    : mute my keyboard??
16:09 Case_1112      : no
16:09 Case_1112      : your mic
16:09 Case_1112      : thx
16:09 FoxyTriples    : done
16:09 FoxyTriples    : np
16:11 Case_1112      : i need carrets
16:11 FoxyTriples    : i got some
16:11 FoxyTriples    : ??
16:11 Case_1112      : lol
16:11 FoxyTriples    : im just lucky
16:12 Case_1112 placed suspicious LAVA_BUCKET @ Unnamed: x848, z-1690
16:12 Case_1112 placed suspicious LAVA_BUCKET @ Unnamed: x848, z-1692
16:12 Case_1112 placed suspicious LAVA_BUCKET @ Unnamed: x846, z-1692
16:12 FoxyTriples    : ??
16:12 Case_1112 placed suspicious LAVA_BUCKET @ Unnamed: x846, z-1692
16:12 FoxyTriples    : bruh
16:12 Case_1112 placed suspicious LAVA_BUCKET @ Unnamed: x847, z-1686
16:13 Case_1112 placed suspicious LAVA_BUCKET @ Unnamed: x847, z-1687
16:13 FoxyTriples    : francessco and jpcd bid over me at the last minutw
16:13 Case_1112 placed suspicious LAVA_BUCKET @ Unnamed: x847, z-1685
16:13 Case_1112      : noo
16:13 FoxyTriples    : I Literally said that someoen would do that as well this morning
16:13 Case_1112      : you can use my plot
16:13 FoxyTriples    : no its finw
16:13 Case_1112      : i don't have anything to sell
16:13 FoxyTriples    : nah dw
16:13 Case_1112      : ok
16:14 Case_1112 placed suspicious LAVA_BUCKET @ Unnamed: x925, z-1755
16:14 Case_1112 placed suspicious LAVA_BUCKET @ Unnamed: x924, z-1755
16:15 Case_1112 placed suspicious LAVA_BUCKET @ Unnamed: x923, z-1755
16:15 FoxyTriples    : jpcdb why did u bid over me other plots were availible :(
16:16 FoxyTriples    : ill just buy one for 17 diamonds
16:16 FoxyTriples    : which is a lot
16:48 TortaLoL placed suspicious WATER_BUCKET @ Unnamed: x-107, z279
17:05 QassataLoL placed suspicious WATER_BUCKET @ Unnamed: x473, z-454
17:35 QassataLoL placed suspicious WATER_BUCKET @ Unnamed: x-83, z295
17:35 QassataLoL placed suspicious WATER_BUCKET @ Unnamed: x-83, z295
17:35 QassataLoL placed suspicious WATER_BUCKET @ Unnamed: x-83, z295
17:35 QassataLoL placed suspicious WATER_BUCKET @ Unnamed: x-83, z295
17:35 QassataLoL placed suspicious WATER_BUCKET @ Unnamed: x-83, z295
17:35 QassataLoL placed suspicious WATER_BUCKET @ Unnamed: x-83, z295
17:53 QassataLoL     : t
17:53 Cosmobutter    : t
18:04 DeNighty       :  placed a sign @ Unnamed: x-46, z270
  ---------------
  Plot payer:
  TortaLoL
18:05 DeNighty placed suspicious WATER_BUCKET @ Unnamed: x-826, z-396
18:05 DeNighty placed suspicious WATER_BUCKET @ Unnamed: x-822, z-394
18:06 DeNighty       :  placed a sign @ Unnamed: x-823, z-397
  hello
  i just
  griefed
  your base
18:06 DeNighty       :  placed a sign @ Unnamed: x-823, z-396
  idk who i am
18:06 DeNighty       :  placed a sign @ Unnamed: x-820, z-398
  hello
18:07 DeNighty placed suspicious WATER_BUCKET @ Unnamed: x-827, z-397
18:07 therealjpcdb   : this u nighty
18:07 DeNighty       : no
18:07 DeNighty placed suspicious WATER_BUCKET @ Unnamed: x-839, z-397
18:09 DeNighty       : afk gng eat
18:13 DyNaMiC_BrInGeR: drown
18:19 DeNighty       : BACK
18:19 DeNighty       : caps
18:23 DyNaMiC_BrInGeR: ara il king tas ses
18:23 Alpipanda      : i am back no jesu pls
18:23 Cosmobutter    : Sec B rule 10
18:23 Cosmobutter    : Children
18:23 Cosmobutter    : Childrens
18:23 Alpipanda      : i like children
18:23 Cosmobutter    : In want sense?
18:24 Alpipanda      : boq
18:24 QassataLoL     : in all of tem
18:24 Alpipanda      : yes
18:24 DyNaMiC_BrInGeR: /pm Alpipanda tpa me alpi 
18:24 DyNaMiC_BrInGeR: ejja sabih tieghi
18:25 DyNaMiC_BrInGeR: alpi
18:25 Alpipanda      : yes
18:25 DyNaMiC_BrInGeR: you have to pay rent
18:25 DeNighty       : alpi
18:25 Alpipanda      : i broke
18:25 Alpipanda      : 1 sec
18:25 DeNighty       : you have to pay rent
18:25 DyNaMiC_BrInGeR: of gbsdv stab
18:25 Alpipanda      : is that good?
18:25 DeNighty       : ./mute @e all sux
18:26 DyNaMiC_BrInGeR: s
18:26 therealjpcdb   : join vc
18:26 Alpipanda      : ok
18:31 DyNaMiC_BrInGeR:  placed a sign @ Unnamed: x-856, z-417
  hrajt tahti
18:31 DyNaMiC_BrInGeR:  placed a sign @ Unnamed: x-855, z-410
  alpi pole
18:34 therealjpcdb   :  placed a sign @ Unnamed: x-854, z-410
  ALPI 
  POLE
18:36 DeNighty       : if you dare give the skulls to anyone, BAN
18:36 DyNaMiC_BrInGeR: no u
18:37 DeNighty       : NO
18:37 DeNighty       : I'm scuba diving
18:43 DeNighty       : Anything to the power of 0 is 1, Any if the number is 0 it is 0, so wut is 0^0
18:43 DeNighty       : Undefined
18:43 Cosmobutter    : Infinity
18:43 DeNighty       : 6 *0 = infinit
18:44 Cosmobutter    : Or rather
18:44 DeNighty       : 69
18:44 DeNighty       : num / 0 = ctazy
18:44 DeNighty       : 1 / 0 = infinity
18:44 Cosmobutter    : 1*10^10000*10000^10000
18:44 DeNighty       : 2 / 0 = infinity
18:44 Cosmobutter    : That's infinity
18:44 DeNighty       : case explain those netherite blocks near the villager
18:45 Case_1112      : nighty
18:45 DeNighty       : ?
18:45 Case_1112      : i came to pay
18:45 DeNighty       : 9 dia
18:45 Case_1112      : ?
18:46 DeNighty       : Ok, you can start building on the plot
18:46 Case_1112      : thx
18:51 Case_1112 placed suspicious LAVA_BUCKET @ Unnamed: x-5, z258
18:51 Case_1112 placed suspicious LAVA_BUCKET @ Unnamed: x-3, z258
18:52 Case_1112      : sleep
18:53 mattyy_pastizzi:  placed a sign @ Unnamed: x-97, z263
  mattyy_pastizzi
  11 diamonds
18:55 mattyy_pastizzi: /msg Cosmobutter wth u told jon him and luca can merge their shops togetehr from the top? 
18:57 Case_1112      : anyone have spruce
18:58 DeNighty       : *cries*
18:58 therealjpcdb   : u good
18:58 DeNighty       : IM RICH
18:58 Case_1112      : yes
19:00 DeNighty       : *kills*
19:02 DeNighty       : ./warn QassataLoL Griefing shopping District bridge
19:02 mattyy_pastizzi: Nice Case!
19:03 Case_1112      : thx
19:04 Case_1112 placed suspicious LAVA_BUCKET @ Unnamed: x-106, z266
19:05 DeNighty       :  placed a sign @ Unnamed: x-95, z288
  a
19:06 Case_1112 placed suspicious LAVA_BUCKET @ Unnamed: x-107, z268
19:06 Case_1112 placed suspicious LAVA_BUCKET @ Unnamed: x-107, z258
19:07 Case_1112 placed suspicious LAVA_BUCKET @ Unnamed: x-111, z267
19:08 Case_1112      : I need a little more spruce wood anyone have some?
19:08 DeNighty       : WHO WANTS TO, START A REVOLUTION!
19:09 Case_1112      : me
19:09 DeNighty       : Traitor
19:09 Case_1112      : i didn't ask for what
19:09 Case_1112      : I would if it was about bannanas
19:12 mattyy_pastizzi: /msg Cosmobutter do we tell them we do any changes so there wont be a corridor in the air? like make changes to the shops 
19:13 Cosmobutter    : /r Yes 
19:13 Cosmobutter    : /r Yes 
19:16 DeNighty       : GUUYSSSSSS
19:16 mattyy_pastizzi: yyyeeessss
19:16 DeNighty       : fucking caps lock plugin
19:17 DeNighty       : i give up
19:17 namrahnad      : Can I biuld Yet?
19:17 DeNighty       : Pay your bid
19:17 namrahnad      : i did
19:18 mattyy_pastizzi: He did already
19:18 DeNighty       : to who
19:18 DeNighty       : oh
19:18 namrahnad      : MAtt
19:18 DeNighty       : ok
19:18 namrahnad      : can i
19:18 mattyy_pastizzi: ye ye
19:18 namrahnad      : good
19:18 mattyy_pastizzi: gave you the go ahead before :)
19:18 namrahnad      : Nice
19:19 mattyy_pastizzi: /msg Cosmobutter these mfs this bad at building? 
19:19 Cosmobutter    : /r LMAO 
19:19 mattyy_pastizzi:  placed a sign @ Unnamed: x-97, z263
  mattyy_pastizzi
  11 dia
19:19 DeNighty       : ?
19:22 DeNighty       : gimme gamemode perms
19:22 Cosmobutter    : NIEN
19:22 DeNighty       : ja
19:22 Cosmobutter    : Nien
19:22 DeNighty       : Yes Da Tak Ja Sheesh?
19:23 DeNighty       : I just need fly mode ;-;
19:23 mattyy_pastizzi: IM A UNICORN
19:24 namrahnad      :  placed a sign @ Unnamed: x-83, z287
  namrahnad's
  plot
19:24 mattyy_pastizzi: namrah
19:24 DeNighty       : marah
19:24 mattyy_pastizzi: im a unicorn
19:24 namrahnad      : ye
19:24 DeNighty       : namrah
19:24 mattyy_pastizzi: neigh
19:24 namrahnad      : how
19:24 DeNighty       : its called abuse
19:24 DeNighty       : :O
19:25 mattyy_pastizzi: its fun
19:25 DeNighty       : COCAIN
19:25 mattyy_pastizzi: not aboos
19:25 DeNighty       : Cocanat
19:34 DeNighty  : I kicked myself, feeling good
19:38 Case_1112 : rip
19:38 DeNighty  : *dies*
19:40 Case_1112 placed suspicious LAVA_BUCKET @ Unnamed: x-113, z266
19:45 namrahnad : Gn Girl, Ill see you tomorrow
19:48 Case_1112 placed suspicious LAVA_BUCKET @ Unnamed: x-108, z262
19:49 Cosmobutter:  placed a sign @ Unnamed: x-101, z278
  WIP
19:51 Cosmobutter:  placed a sign @ Unnamed: x-834, z-302
  Diamonds
19:52 DeNighty   : cosmo
19:52 Cosmobutter: ?
19:52 DeNighty   : look at my ss
19:54 Case_1112 placed suspicious LAVA_BUCKET @ Unnamed: x-105, z261
19:54 Case_1112 placed suspicious LAVA_BUCKET @ Unnamed: x-105, z261
19:56 mattyy_pastizzi: everything good case>
19:56 mattyy_pastizzi: ??
19:56 Case_1112      : yes
19:56 mattyy_pastizzi: great
19:56 Case_1112 placed suspicious LAVA_BUCKET @ Unnamed: x-109, z275
19:56 mattyy_pastizzi: If you have any problems or questions tell me
19:57 Case_1112 placed suspicious LAVA_BUCKET @ Unnamed: x-106, z261
19:57 Case_1112      : gtg
19:57 Case_1112      : bye
19:58 DeNighty       : Cys!
19:58 DeNighty       : Cya
20:00 QassataLoL placed suspicious WATER_BUCKET @ Unnamed: x-834, z-380
20:01 DeNighty       : /t pcos 
20:01 mattyy_pastizzi: /msg Cosmobutter aw control giving jon u hekk affarjiet min creative ta 
20:02 Cosmobutter    : /r kk 
20:02 mattyy_pastizzi: /msg Cosmobutter ghax darna jduru kolla ghalik 
20:02 mattyy_pastizzi: /msg Cosmobutter admin aboos haha 
20:02 Cosmobutter    : /r Hija orrajy 
20:02 Cosmobutter    : /r Hija orrajt 
20:02 DeNighty       : 'ma go sleep cya
20:02 Cosmobutter    : Cya
20:05 mattyy_pastizzi: warp shop is in btw
20:06 FoxyTriples    : ik
20:06 mattyy_pastizzi: clear
20:07 FoxyTriples    : can i pay plz
20:07 mattyy_pastizzi:  placed a sign @ Unnamed: x-46, z280
  VioletWishh
20:08 mattyy_pastizzi: these 2 plots are empty
20:08 FoxyTriples    : ill pick this one
20:08 mattyy_pastizzi: ok
20:08 mattyy_pastizzi: gracias
20:08 mattyy_pastizzi: you can start building
20:08 FoxyTriples    : np in spanish
20:09 FoxyTriples    : Gtg now ill dm u what itll look like and sell
20:09 mattyy_pastizzi: ok dw
20:09 mattyy_pastizzi: no need
20:24 QassataLoL placed suspicious WATER_BUCKET @ Unnamed: x-65, z299
20:24 QassataLoL placed suspicious WATER_BUCKET @ Unnamed: x-65, z299
20:24 QassataLoL placed suspicious WATER_BUCKET @ Unnamed: x-65, z299
20:25 QassataLoL placed suspicious WATER_BUCKET @ Unnamed: x-77, z296
20:28 Case_1112      : hello
20:29 Cosmobutter    : Hi
20:37 Case_1112      : sleep
20:38 FrancescoMifsud: case do you have any arrows
20:38 FrancescoMifsud: ppls
20:40 mattyy_pastizzi:  placed a sign @ Unnamed: x-55, z299
  Foxy Triples
20:40 Case_1112      : anyone have 10 logs?
20:40 Case_1112      : spruce
20:40 mattyy_pastizzi: cant give you from creativew sorry
20:40 mattyy_pastizzi: and dont have any normally
20:40 Case_1112      : ok
20:41 therealjpcdb   : help me plz
20:41 mattyy_pastizzi: ?
20:41 therealjpcdb   : i messed up
20:41 mattyy_pastizzi: what?
20:42 mattyy_pastizzi: want me to move him?
20:42 therealjpcdb   : yes
20:42 mattyy_pastizzi: where?
20:42 therealjpcdb   : of the way
20:42 therealjpcdb   : because i put it down by mistke
20:43 mattyy_pastizzi: you have to wait for cosmo to come back sorry
20:43 mattyy_pastizzi: i do not have perms to move hiim
20:43 therealjpcdb   : its ok
20:43 therealjpcdb   : gtg byee
20:43 mattyy_pastizzi: me too
20:43 mattyy_pastizzi: bye case
20:43 therealjpcdb   : byee
