23:58 Case_1112      : hellod
23:58 namrahnad      : hello
00:12 Case_1112      : guss who
00:12 namrahnad      : who
00:12 Case_1112      : boo
00:12 namrahnad      : boo
00:12 namrahnad placed suspicious WATER_BUCKET @ Unnamed: x-61, z291
00:12 Case_1112      : fuck him
00:12 namrahnad placed suspicious WATER_BUCKET @ Unnamed: x-62, z291
00:12 namrahnad placed suspicious WATER_BUCKET @ Unnamed: x-60, z294
00:54 namrahnad      :  placed a sign @ Unnamed: x-82, z288
  Welcome
  This is the
  Special Order
  Segment
00:55 namrahnad      :  placed a sign @ Unnamed: x-82, z287
  Put your IGN,
  Requested Items
  And Price wanted
  Ex. ->
00:55 namrahnad      :  placed a sign @ Unnamed: x-82, z286
  namrahnad
  64 Tnt
  5 Diamonds
00:56 namrahnad      :  placed a sign @ Unnamed: x-82, z285
  If I color your
  Order Green
  I allow it, If not
  It will be red
00:57 namrahnad      :  placed a sign @ Unnamed: x-82, z284
  If it has a
  Different color
  This sign will show
  the meanings
00:58 namrahnad      :  placed a sign @ Unnamed: x-82, z287
  Label the sign
  IGN
  Item and amount
  Cost
01:00 namrahnad      :  placed a sign @ Unnamed: x-82, z286
  If colored by me
  Green= On It
  Red= Denied
  Black=Unread
01:00 namrahnad      :  placed a sign @ Unnamed: x-82, z285
  Estimated time is
  1-2 days
  Larger orders
  will take longer
01:01 namrahnad      :  placed a sign @ Unnamed: x-77, z286
  ---------------
  Place Signs
  Here
  ---------------
01:02 namrahnad      :  placed a sign @ Unnamed: x-77, z286
  Ex.
  namrahnad
  64 sand
  1 Diamond
01:03 namrahnad      :  placed a sign @ Unnamed: x-82, z286
  I will color them
  Green=Good
  Red=Denied
  Blue=Ready
01:09 namrahnad      :  placed a sign @ Unnamed: x-82, z284
  IF YOU
  CANCEL AFTER I
  GET SOME YOU
   WILL PAY FAIRLY
01:37 namrahnad      :  placed a sign @ Unnamed: x-85, z287
  e
01:48 namrahnad placed suspicious TROPICAL_FISH_BUCKET @ Unnamed: x-82, z284
01:48 namrahnad placed suspicious WATER_BUCKET @ Unnamed: x-82, z284
01:48 namrahnad placed suspicious WATER_BUCKET @ Unnamed: x-81, z284
01:48 namrahnad placed suspicious WATER_BUCKET @ Unnamed: x-82, z285
01:48 namrahnad placed suspicious WATER_BUCKET @ Unnamed: x-81, z289
03:23 namrahnad      :  placed a sign @ Unnamed_nether: x-13, z-13
  Can you make
  a path to the
  roof 
  ^
06:30 DeNighty       : hi
06:30 Cosmobutter    : Hey
06:37 DeNighty       : whats the random tick speed?
06:40 DeNighty       :  placed a sign @ Unnamed: x-101, z251
  ---------------
  Shopping District
  Rules
  ---------------
06:41 DeNighty       :  placed a sign @ Unnamed: x-101, z250
  1. Do not build
  on your plot
  if you haven't
  payed your bid
06:41 DeNighty       :  placed a sign @ Unnamed: x-101, z251
  2. Only pay
  your bids to
  Mattyy, or 
  DeNighty
06:42 DeNighty       : Welcome!
06:42 greyisgay      : Its is I
06:42 greyisgay      : Ash
06:42 DeNighty       : Who said that?
06:42 greyisgay      : M e
06:42 DeNighty       : Your not Ash.
06:42 greyisgay      : I am\
06:42 greyisgay      : on another account
06:42 greyisgay      : >->
06:42 DeNighty       : Who am I?
06:43 greyisgay      : Nighty
06:43 DeNighty       : other
06:43 greyisgay      : aka Strawberry boye
06:43 DeNighty       : ok fine
06:43 greyisgay      : EasyMC was down
06:43 greyisgay      : and everyone lost their accounts
06:43 DeNighty       :  placed a sign @ Unnamed: x-101, z252
  3. If you haven't
  payed before
06:44 DeNighty       : You have a mc account?
06:44 greyisgay      : lolno
06:44 DeNighty       :  placed a sign @ Unnamed: x-101, z252
  3. You have to
  pay before
  28 / 03 / 21
  9am GMT
06:44 greyisgay      : But anyway
06:45 greyisgay      : I saw this gay username
06:45 DeNighty       : Yeah?
06:45 greyisgay      : and I had to
06:45 DeNighty       : .-.
06:45 DeNighty       : >-<
06:45 greyisgay      : I mean look at it
06:45 greyisgay      : Its so gay
06:45 DeNighty       : Who's your senpai?
06:45 greyisgay      : Mei Aihara
06:45 DeNighty       : wtf
06:45 DeNighty       : ah
06:45 DeNighty       : get it
06:45 DeNighty       : HYE MEI
06:45 DeNighty       : HEY MEI!
06:45 DeNighty       : COME ONLINE
06:45 greyisgay      : No its an anime character
06:46 Cosmobutter    : Grey?
06:46 Cosmobutter    : You're ash?
06:46 greyisgay      : Yes it is i
06:46 DeNighty       :  placed a sign @ Unnamed: x-101, z250
  4. The shopping
  district bid
  payment will
  be burned.
06:46 DeNighty       : Yeah she is
06:46 DeNighty       :  placed a sign @ Unnamed: x-101, z251
  5. 
06:46 greyisgay      : Mei Aihara best girl
06:46 DeNighty       :  placed a sign @ Unnamed: x-101, z251
  5. Tell Cosmo, 
  DeNighty, or Matt
  what you will be
  selling
06:47 DeNighty       : Frick I still didn't write the shopkeeper paragraph <->
06:47 greyisgay      : Nob <->
06:47 DeNighty       :  placed a sign @ Unnamed: x-101, z252
  6. Do Not Build
  outside your plot
  or on the
  shopping district
06:47 greyisgay      : Cosmo
06:47 Cosmobutter    : ?
06:47 greyisgay      : I also took a screenshot of my enderchest before leaving
06:48 greyisgay      : So I can send it to you to gimme my items
06:48 Cosmobutter    : Okie
06:48 DeNighty       : hi karl jacobs
06:48 StepSmiley     : it's Carl
06:48 DeNighty       :  placed a sign @ Unnamed: x-101, z250
  7. Price 
06:48 DeNighty       : Carl Gacobs
06:48 Cosmobutter    : /r StepSmiley Lol xallek 
06:48 Cosmobutter    : /w StepSmiley Lol xallek 
06:48 greyisgay      : Cosmo can I has my items
06:49 Cosmobutter    : I'm preparing them
06:49 greyisgay      : oke
06:49 StepSmiley     : /w Cosmobutter I still need a shop since this was supposed to be both of ours 
06:49 DeNighty       :  placed a sign @ Unnamed: x-101, z250
  7. Price your
  products at a
  reasonable price
  or tell staff
06:49 StepSmiley     : /w Cosmobutter ? 
06:49 Cosmobutter    : /w greyisgay Nice skin btw 
06:49 Cosmobutter    : /w greyisgay And name ofc 
06:50 greyisgay      : /w Cosmobutter yes gay name 
06:50 greyisgay      : And my inv items
06:50 DeNighty       :  placed a sign @ Unnamed: x-101, z251
  8. Do not connect
  plots, or go down
  11 blocks, Rule 6
  still applies!
06:51 DeNighty       :  placed a sign @ Unnamed: x-101, z252
  9. 
06:51 StepSmiley     : /w Cosmobutter what am I gonna do 
06:51 Cosmobutter    : /r Nothing 
06:51 Cosmobutter    : /r wait wrong whisper 
06:51 Cosmobutter    : /w StepSmiley Nothing 
06:51 StepSmiley     : /w Cosmobutter wdym nothing 
06:52 StepSmiley     : /w Cosmobutter you simp 
06:52 DeNighty       :  placed a sign @ Unnamed: x-101, z252
  9. Only build on
  your plot if you
  have perms from
  Matt, or DeNighty
06:52 Cosmobutter    : /r And you simp for your gf 
06:52 DeNighty       : Perfect
06:53 StepSmiley     : /w Cosmobutter you just abruptly abbandoned me 
06:53 Cosmobutter    : /r Ik.. 
06:54 StepSmiley     : /w Cosmobutter as the admin you have to help me at least 
06:54 DeNighty       :  placed a sign @ Unnamed: x-107, z253
  Check Rules
  here
  <--------------
06:54 Cosmobutter    : /r Okay so 
06:54 StepSmiley     : /w Cosmobutter so what 
06:54 Cosmobutter    : /r Tell matt that I told you can take any plot you want for 40 diamonds 
06:54 DeNighty       :  placed a sign @ Unnamed: x-102, z258
  Credits:
  Mattyy
  DeNighty
06:55 greyisgay      : Cosmo
06:55 Cosmobutter    : ?
06:55 StepSmiley     : /w Cosmobutter all I have is netherithe 
06:55 greyisgay      : can you get rid of my old claim here
06:55 Cosmobutter    : Done
06:56 DeNighty       :  placed a sign @ Unnamed: x-102, z259
  Cosmobutter
  Ash
  TortaLoL
  (Suggester)
06:56 DeNighty       : **Credits: TortaLoL (Suggester)**
06:56 greyisgay      : and can I have claim blocks
06:56 greyisgay      : >->
06:57 Cosmobutter    : There
06:57 Cosmobutter    : You have an admin claim now
06:57 DeNighty       :  placed a sign @ Unnamed: x-102, z258
  ---------------
  CREDITS GO TO
  --->
  ---------------
06:57 Cosmobutter    : But it's yours
06:57 greyisgay      : wdym
06:57 StepSmiley     : /w Cosmobutter can you change some of my netherite pls 
06:57 DeNighty       :  placed a sign @ Unnamed: x-101, z258
  ---------------
  CREDITS GO TO:
  ---------------
06:58 DeNighty       :  placed a sign @ Unnamed: x-102, z258
  DeNighty
  mattyy_pastizzi
  Cosmobutter
  Ashy
06:58 DeNighty       :  placed a sign @ Unnamed: x-102, z259
  DeNighty
  mattyy_pastizzi
  Cosmobutter
  Ashy
06:58 Cosmobutter    : Everything is claimed
06:58 DeNighty       :  placed a sign @ Unnamed: x-101, z258
  ===============
  CREDITS GO TO
  -------->
  ===============
06:58 greyisgay      : O
06:58 greyisgay      : oke
06:59 DeNighty       : *Casually pressing f3 + f4 checking perms :eyes:*
06:59 DeNighty       : We need a banner for the shopping district
07:00 greyisgay      : I saw a flying cosmo
07:00 greyisgay      : but he dissapeared
07:00 Cosmobutter    : Magick
07:01 DeNighty       : come back
07:01 greyisgay      : Astronat
07:01 Cosmobutter    : Mhm
07:01 DeNighty       : bruh i cant get hats on creative uWu
07:01 Cosmobutter    : oWo
07:02 greyisgay      : if you use a beacon it looks better
07:02 greyisgay      : just saying
07:02 DeNighty       : Ik, i tried it
07:02 StepSmiley     : /w Cosmobutter sry had to leave 
07:02 greyisgay      : omg magik
07:02 DeNighty       : magik
07:02 greyisgay      : cosmo nob
07:02 StepSmiley     : /w Cosmobutter but can you change my netherite into dias pls 
07:02 Cosmobutter    : Nice
07:02 Cosmobutter    : /r Fine 
07:02 DeNighty       : cosmo astronot = nob
07:02 greyisgay      : yesyes
07:03 DeNighty       : tri poloski shirt = nob
07:03 StepSmiley     : /w Cosmobutter thx 
07:03 Cosmobutter    : You know I have feelings, right?
07:03 DeNighty       : No?
07:03 DeNighty       : My feelings are laugh
07:03 DeNighty       : ter
07:03 DeNighty       : how tf am i protected from pvp
07:04 greyisgay      : bc claims
07:04 DeNighty       : ah
07:04 greyisgay placed suspicious WATER_BUCKET @ Unnamed: x698, z344
07:04 DeNighty       : ups
07:04 Cosmobutter    : Cause he's creative
07:04 StepSmiley     :  placed a sign @ Unnamed: x-46, z291
  Smiley
  20dias
07:04 greyisgay      : No claims protect from pvp
07:04 Cosmobutter    : Wait nvm it is because of claims
07:04 Cosmobutter    : Im just cool and I can ignore claims
07:04 DeNighty       : geinus
07:04 DeNighty       : same
07:04 greyisgay      : same
07:05 greyisgay      : Also shouldnt mod have access to /fly
07:05 DeNighty       : cosmo just went on a bungie jump
07:05 greyisgay      : :eyes:
07:05 DeNighty       : nah
07:05 DeNighty       : UwU
07:05 Cosmobutter    : Nighty does the decideing so ig no, srry ash
07:05 DeNighty       : ok sure
07:05 Cosmobutter    : He said uwu so I'm scared not
07:05 DeNighty       : UwU
07:05 greyisgay      : :C
07:05 DeNighty       : YwY
07:06 Cosmobutter    : UnU
07:06 DeNighty       : VwV
07:06 DeNighty       : IwI
07:06 greyisgay      : Do you see the giant half sphere in the sky
07:06 Cosmobutter    : StopWStop
07:06 Cosmobutter    : Yes
07:06 DeNighty       : looks more like a diagonally cut square
07:06 greyisgay      : its a moon and im gonna live in it
07:06 Cosmobutter    : That's a roblox username = luna moment
07:06 DeNighty       : bruh its not even UwU
07:07 DeNighty       : symmetric
07:07 greyisgay      : Nighty's turning into a weeb
07:07 DeNighty       : oh no hes addicted to p-
07:07 greyisgay      : wtf
07:07 Cosmobutter    : It's a song
07:07 greyisgay      : ik
07:07 Cosmobutter    : Arrow indulged in
07:07 greyisgay      : :flushed:
07:08 DeNighty       : Germans: oh NEIN
07:08 DeNighty       : italiano: nO
07:08 DeNighty       : avstri; NOIN
07:09 DeNighty       : cringe: no
07:09 DeNighty       : :o
07:09 Cosmobutter    : Wait
07:09 Cosmobutter    : What does Moldova Speak?
07:09 Cosmobutter    : Russian?
07:09 DeNighty       : moldovic
07:09 greyisgay      : Russian and Romanian
07:09 DeNighty       : its like ukrainian + russian
07:09 DeNighty       : + romanian
07:09 greyisgay      : But the national language is Romanian
07:10 DeNighty       : since hwen
07:10 DeNighty       : whne
07:10 DeNighty       : when
07:10 greyisgay      : A long time ago
07:10 greyisgay      : Just russian speaking people refuse to learn romanian
07:10 Cosmobutter    : Nighty este un nobil
07:10 greyisgay      : so we have to deal with it
07:10 DeNighty       : russian sux
07:10 greyisgay      : You called him a nobel
07:10 greyisgay      : Like a rich dude
07:10 Cosmobutter    : Fruck
07:10 DeNighty       : what if i punch u
07:10 greyisgay      : L
07:10 Cosmobutter    : I hate u google translate
07:11 DeNighty       : that did 0??????
07:11 greyisgay      : mhm
07:11 DeNighty       : i need impaling
07:12 DeNighty       : now?
07:12 greyisgay      : still 0
07:12 greyisgay      : My armour is maxed
07:12 DeNighty       : now
07:12 greyisgay      : xD
07:12 DeNighty       : bruh
07:12 greyisgay      : 0
07:12 greyisgay      : want me to take it off rq
07:13 greyisgay      : ??
07:14 DeNighty       : bruv
07:14 DeNighty       : ./weather rain
07:14 greyisgay      : nob
07:14 DeNighty       : bruh
07:14 DeNighty       : trident= weak
07:15 greyisgay      : lemme get my xp >:(
07:15 DeNighty       : i help u
07:15 DeNighty       : am i cute
07:16 greyisgay      : Strawberry Turtl boye
07:16 DeNighty       : :D
07:16 DeNighty       : ccall me that forever
07:17 DeNighty       : how t
07:17 greyisgay      : >:D
07:17 DeNighty       : this is fun
07:18 DeNighty       : ok have fun
07:18 greyisgay      : Admin aboos :(
07:18 DeNighty       : yish
07:18 DeNighty       : u ran away from my turtle head uWu
07:20 DeNighty       : cosmo changed the muted prefix to [MT]
07:20 greyisgay      : nice c:
07:20 DeNighty       : grey is gay
07:20 DeNighty       : isnt it
07:20 DeNighty       : gray is gay
07:20 greyisgay      : Both spellings are correct
07:20 DeNighty       : since when
07:20 greyisgay      : depending where youre from
07:21 DeNighty       : oh 'ell mate
07:21 DeNighty       : you got any trousers pal?
07:21 greyisgay      : Im gonna shank ye mate
07:21 DeNighty       : oh no you don't!
07:21 greyisgay      : Im gon bloody do it mate
07:22 DeNighty       : Go ahead
07:22 greyisgay      : *shanks ye cutely*
07:22 DeNighty       : Weak and pathetics
07:22 greyisgay      : Stop acting so posh
07:22 DeNighty       : 'ell no mate
07:22 greyisgay      : Bloody ell
07:22 DeNighty       : yeahhhhhhh
07:23 DeNighty       : HI
07:23 DeNighty       : wait a sec
07:23 DeNighty       : i can breath water?
07:23 Cosmobutter    : Y'all finished having sex?
07:23 greyisgay      : .
07:24 greyisgay      : cosmowtf
07:24 Cosmobutter    : I saw shank
07:24 DeNighty       : cosmo = nob weird
07:24 greyisgay      : SHANK MEANS STAB
07:24 greyisgay      : Wtf
07:24 Cosmobutter    : And gay
07:24 DeNighty       : imma kill u ash
07:24 Cosmobutter    : and cute
07:24 greyisgay      : No D:
07:24 Cosmobutter    : NO NIGHTY
07:24 DeNighty       : cosmo = problems
07:24 Cosmobutter    : I NEED TO SIMP
07:24 Cosmobutter    : cosmo = problems = true
07:24 DeNighty       : Oh no you don't
07:26 greyisgay      : Cosmo nob
07:27 Cosmobutter    : This is awkward
07:27 greyisgay      : Nob
07:27 Cosmobutter    : Mata
07:29 greyisgay      : Oke I gtg bc lesson
07:29 Cosmobutter    : Bye nob
07:29 DeNighty       : what happened
07:29 greyisgay      : By noblets
07:29 DeNighty       : bye?
07:29 DeNighty       : -u-
07:29 Cosmobutter    : !
07:30 DeNighty       : Should I make a bank?
07:30 DeNighty       : no response
07:30 Cosmobutter    : Uhm
07:30 Cosmobutter    : We could make it ig?
07:30 DeNighty       : Ok perfect bye
07:31 DeNighty       : wtf is the random tick speed?
07:31 Cosmobutter    : 40
07:31 DeNighty       : HOLY
07:31 DeNighty       : why
07:32 Cosmobutter    : I made it 21 trillion and the server crashed owo
07:32 DeNighty       : so seed grows in one millisecond/
07:32 Cosmobutter    : No lol
07:32 Cosmobutter    : It grows before it's placed
07:32 DeNighty       : OWo
07:34 Cosmobutter    :  placed a sign @ Unnamed: x-834, z-302
  Tools
07:52 DeNighty       : need help?
07:52 DeNighty       : how much
07:53 DeNighty       : ?
07:53 DeNighty       : How much??
07:54 DeNighty       : can you not chat?
07:55 DeNighty       :  placed a sign @ Unnamed: x-421, z1468
  wasted time
  not helping
07:57 DeNighty       : say smthng
07:57 TortaLoL       :  placed a sign @ Unnamed: x-428, z1454
  i had two villager
07:57 DeNighty       : ok
07:57 DeNighty       :  placed a sign @ Unnamed: x-429, z1455
  try to rejoin idk
  smh
07:58 TortaLoL       :  placed a sign @ Unnamed: x-416, z1465
  thx
07:58 DeNighty       : np
08:03 DeNighty       : try now chat
08:03 TortaLoL placed suspicious WATER_BUCKET @ Unnamed: x-410, z1513
08:03 DeNighty       : hmm weird bu
08:03 DeNighty       : bug
08:22 DeNighty       : welcome
08:22 Kudli_76       : čus
08:22 DeNighty       : english only please
08:23 Kudli_76       : hi
08:24 DeNighty       : hehe
08:24 DeNighty       : o.o
08:24 greyisgay      : C :
08:25 DeNighty       : i give up
08:41 DeNighty       : wrong button
08:56 DeNighty       : hi cosmo
08:56 DeNighty       : wb
08:56 Cosmobutter    : Hi
08:56 DeNighty       :  placed a sign @ Unnamed: x-107, z328
  DO NOT BUILD
  OR DESTROY 
  ANYTHING HERE
  WIP-Bank
08:56 QassataLoL     : hey
08:57 DeNighty       : how do you claim land cosmo?
08:57 Cosmobutter    : Check inv
08:59 DeNighty       : is /abandomallclaim disable all claims on the server
08:59 DeNighty       : abandon*
08:59 Cosmobutter    : No just all your claims
09:00 DeNighty       : bruh can i have the block limit raised
09:00 Cosmobutter    : ?
09:01 Cosmobutter    : Uh yeas
09:01 Cosmobutter    : Wait make it an admin claim
09:01 DeNighty       : how
09:01 Cosmobutter    : There
09:01 DeNighty       : thanks
09:02 Cosmobutter    : There
09:04 DeNighty       : hes offline
10:13 DeNighty       : welcome mil
10:13 DeNighty       : k
10:13 ILuvMIlk       : yesyes very najs
10:13 ILuvMIlk       : gonna join back later
10:17 DeNighty       :  placed a sign @ Unnamed: x-109, z333
  Only enter
  with permitted
  Access
10:17 DeNighty       :  placed a sign @ Unnamed: x-106, z333
  Book your
  visit by DMing
  DeNighty
10:18 DeNighty       :  placed a sign @ Unnamed: x-106, z333
  Book your visit
  by creating
  a ticket in
  #support
10:18 DeNighty       :  placed a sign @ Unnamed: x-106, z333
  Tell whoever
  claimed it that
  "I want to visit
  the bank <why>"
10:18 DeNighty       :  placed a sign @ Unnamed: x-109, z333
  Trusted People:
  Ashy
  Cosmobutter
  mattyy
10:19 DeNighty       :  placed a sign @ Unnamed: x-109, z333
  Trusted people:
  Ashy
  Cosmobutter
  DeNighty
10:21 DeNighty       : wb
10:42 DeNighty       :  placed a sign @ Unnamed: x-107, z333
  Current Status:
10:42 DeNighty       :  placed a sign @ Unnamed: x-108, z333
  W.I.p
10:42 DeNighty       :  placed a sign @ Unnamed: x-108, z333
  W.I.P
10:55 DeNighty       : welcome
10:55 QassataLoL     : welcome
10:55 Jonas1998DK    : im cosmo's brother
10:55 QassataLoL     : haha
10:55 QassataLoL     : right
10:56 Jonas1998DK    : denighty
10:56 Jonas1998DK    : do u have spi
10:56 DeNighty       : No
10:56 Jonas1998DK    : aww
10:56 DeNighty       : Why do you ask?
10:57 Jonas1998DK    : i wanted u to give Koolaidguy_541's inv
10:59 QassataLoL     : cosmo
10:59 DeNighty       : hes not online
10:59 QassataLoL     : oh lol
11:02 Jonas1998DK    : nighty can u tp me -2880 64 2560
11:02 Jonas1998DK    : im the haxixa
11:02 DeNighty       : ok
11:02 Jonas1998DK    : hello cosmo.......
11:02 Jonas1998DK    : tka
11:03 Jonas1998DK    : omg bruhh
11:03 Jonas1998DK    : i dont have Koolaidguy_541's perms to use chests
11:03 Cosmobutter    : Try now
11:04 Cosmobutter    : Hi
11:04 Jonas1998DK    : tks
11:04 Jonas1998DK    : cosmo
11:04 Cosmobutter    : ?
11:04 Jonas1998DK    : would u mind giving me my inv pls
11:04 Cosmobutter    : Later
11:04 Jonas1998DK    : k
11:05 Cosmobutter    : /w DeNighty Nice door 
11:05 DeNighty       : /msg cosmo thx 
11:05 DeNighty       : /msg cosmo doesnt work uWu 
11:05 Cosmobutter    : /w DeNighty Oof 
11:06 HerbalDoctor   : hi
11:06 Cosmobutter    : Hi!
11:06 HerbalDoctor   : its me kast
11:06 HerbalDoctor   : on a new account.
11:06 Cosmobutter    : Kk, lemme tp you to your home
11:06 Jonas1998DK    : kast?
11:06 HerbalDoctor   : sorry can i get my stuff back?
11:06 Cosmobutter    : Ofc
11:06 HerbalDoctor   : Ok.
11:07 Cosmobutter    : There
11:08 HerbalDoctor   : can i also have my perms?
11:08 Cosmobutter    : Wdym perms?
11:08 HerbalDoctor   : i can't open chests.
11:08 HerbalDoctor   : or break blocks
11:08 Cosmobutter    : One sec
11:08 Jonas1998DK    : smh
11:08 Cosmobutter    : There
11:08 mattyy_pastizzi: hey
11:08 HerbalDoctor   : k ty
11:08 HerbalDoctor   : hi
11:08 Cosmobutter    : Hey matt
11:09 Cosmobutter    :  placed a sign @ Unnamed: x-834, z-301
  Combat
11:10 Jonas1998DK    : hi matt
11:10 mattyy_pastizzi: who are you jonas?
11:10 HerbalDoctor   : oh noo
11:10 Jonas1998DK    : dr. jones
11:10 Jonas1998DK    : daniel
11:10 Cosmobutter    : Tedesc
11:10 mattyy_pastizzi: eh ok
11:11 greyisgay      : /w Cosmobutter give HerbalDoctor items from kasterial 
11:11 greyisgay      : /w Cosmobutter she changed acc 
11:11 Cosmobutter    : /r Did that already 
11:11 greyisgay      : /w Cosmobutter oke 
11:11 Jonas1998DK    : cosmo can i build my plot
11:12 mattyy_pastizzi: yes
11:12 Cosmobutter    : I'd ask mat
11:12 Cosmobutter    : I'd ask matt
11:12 mattyy_pastizzi: yes you can
11:12 Jonas1998DK    : but im pretty sure i never paid
11:12 mattyy_pastizzi: ah ok
11:12 Jonas1998DK    : /w mattyy_pastizzi cant, cosmi has my inv 
11:12 mattyy_pastizzi: after you pay mela
11:12 Jonas1998DK    : o
11:12 mattyy_pastizzi: /msg Jonas1998DK boq 
11:13 Jonas1998DK    : cosmo cam u pls
11:13 HerbalDoctor   : 810, 54, 447
11:13 Cosmobutter    : What is your old username
11:13 Cosmobutter    : Ashy, look in member-log
11:13 Jonas1998DK    : koolaidguy_541
11:14 Jonas1998DK    : netherite?
11:15 Cosmobutter    : /w greyisgay Look at what jj is doing? 
11:15 greyisgay      : /w Cosmobutter wdym 
11:15 Cosmobutter    : /w greyisgay Look at general 
11:16 Jonas1998DK    : cosmo, my netherite
11:16 Cosmobutter    : You didn't have any in your inv
11:16 Jonas1998DK    : really....... oo
11:16 Jonas1998DK    : -2894 64 2543
11:16 greyisgay      : /w Cosmobutter kick 
11:16 Jonas1998DK    : can u cosmo pls
11:17 Jonas1998DK    : tk
11:19 mattyy_pastizzi: the bank?
11:19 Jonas1998DK    : bank?
11:20 Cosmobutter    : /r Now I feel guilty that I ruined your relation ship with jj 
11:20 HerbalDoctor   : e
11:20 greyisgay      : /w Cosmobutter dw its usual stuff he'll get over it 
11:21 Cosmobutter    : /r He does this alot? 
11:21 greyisgay      : /w Cosmobutter yeah kinda 
11:24 Cosmobutter    :  placed a sign @ Unnamed: x-856, z-285
  Aaaa
11:31 DeNighty       : cosmo
11:31 Cosmobutter    : ?
11:31 DeNighty       : can i have a shopkeeper egg
11:31 Jonas1998DK    : cosmo
11:31 Jonas1998DK    : nvm
11:32 HerbalDoctor   :  placed a sign @ Unnamed: x835, z416
  Wheat
11:32 DeNighty       : thx
11:32 Jonas1998DK    : cosmo can u give me too pls
11:32 HerbalDoctor   :  placed a sign @ Unnamed: x835, z414
  Oak wood
11:33 DeNighty       : and can you switch me to survival for a sec
11:33 Jonas1998DK    : bryh
11:33 Jonas1998DK    : bruh
11:33 DeNighty       : cosmo?
11:35 Jonas1998DK    : nighty
11:35 DeNighty       : ?
11:35 Jonas1998DK    : nvm
11:35 Jonas1998DK    : sorry
11:36 DeNighty       :  placed a sign @ Unnamed: x-107, z343
  Buy your
  transaction
  or "visa"
  for a loan
11:36 DeNighty       :  placed a sign @ Unnamed: x-108, z343
  Operated by
  DeNighty
11:36 greyisgay      : /w Cosmobutter there is no claim here- 
11:39 HerbalDoctor   :  placed a sign @ Unnamed: x859, z414
  1. WOOD
11:39 HerbalDoctor   :  placed a sign @ Unnamed: x859, z415
  2. IRON
11:39 HerbalDoctor   :  placed a sign @ Unnamed: x859, z416
  Seeds
11:39 HerbalDoctor   :  placed a sign @ Unnamed: x859, z417
  1. Stone
11:39 HerbalDoctor   :  placed a sign @ Unnamed: x859, z418
  2. Storage
11:43 QassataLoL     : nighty wot dis?
11:43 DeNighty       : Bank
11:43 QassataLoL     : kool
11:49 greyisgay      : /w Cosmobutter not everything is claimed cosmo 
11:50 greyisgay      : /w Cosmobutter the village isnt claimed 
11:50 Cosmobutter    : /r Let me fix 
11:55 HerbalDoctor   : hi andy
11:55 borderline_    : bye
11:55 HerbalDoctor   : bye
11:56 DeNighty       : bye
11:56 borderline_    : cya
11:56 HerbalDoctor   : ?
11:56 DeNighty       : cya
11:56 greyisgay      : /w Cosmobutter can you just let me claim the thing myself 
11:57 Cosmobutter    : /w gay Doing it myself now 
11:57 greyisgay      : /w Cosmobutter . _ . 
11:57 Cosmobutter    : /w greyisgay there 
11:58 Cosmobutter    : Wow
11:58 greyisgay      : /w Cosmobutter no let me do it 
11:58 Cosmobutter    : Qassata just got humilated
11:58 DeNighty       : ?
11:58 QassataLoL     : what?
11:58 greyisgay      : /w Cosmobutter it wont let my friends build 
11:58 greyisgay      : /w Cosmobutter delete it and let me do it 
11:58 Cosmobutter    : /r You have to do /trust 
11:58 greyisgay      : /w Cosmobutter i did 
11:59 greyisgay      : /w Cosmobutter nvm she just dumb 
11:59 Cosmobutter    : /r Lol 
11:59 borderline_    : easy
11:59 borderline_    : stop griefing
11:59 borderline_    : no
12:00 borderline_    : ash im going to ban you
12:00 greyisgay      : :(
12:00 borderline_    : cyber bully
12:00 Jonas1998DK    : ing
12:00 greyisgay      : wtf
12:00 borderline_    : can u stop you're gonna make me mess up symmetry
12:01 greyisgay      : sorry mum
12:01 borderline_    : call me that again and im gonna make u 1v1 in pvparena
12:01 greyisgay      : But muuum
12:01 borderline_    : go
12:01 greyisgay      : no
12:01 greyisgay      : pls
12:01 Jonas1998DK    : no one wins against me
12:01 borderline_    : no armor
12:01 greyisgay      : I dont have shield
12:01 borderline_    : or weapons
12:01 greyisgay      : o
12:01 greyisgay      : oke
12:01 greyisgay      : lemme just
12:02 borderline_    : food
12:02 borderline_    : pls
12:02 greyisgay      : I use firework to beat
12:02 greyisgay      : shit
12:02 borderline_    : hack
12:02 borderline_ placed suspicious WATER_BUCKET @ Unnamed: x-178, z458
12:03 borderline_    : gg
12:03 borderline_    : dont call me mum again
12:03 greyisgay      : UH
12:03 greyisgay      : COSMO
12:03 DeNighty       : but dadd....
12:03 Cosmobutter    : ?
12:03 greyisgay      : I cant
12:03 DeNighty       : one sec
12:03 greyisgay      : pick it up
12:03 Cosmobutter    : Wtf is this
12:04 greyisgay      : Andy fak yu
12:04 borderline_    : LLLL
12:04 greyisgay      : :(
12:04 greyisgay      : gimme
12:04 borderline_    : Defenseless noob
12:04 DeNighty       : move
12:04 greyisgay      : not allowed
12:04 DeNighty       : ahh thats why
12:04 DeNighty       : gimme
12:04 greyisgay      : Cant drop
12:04 greyisgay      : hold on
12:05 greyisgay      : thank
12:05 Cosmobutter    : Religion class, much fun
12:05 DeNighty       : lol
12:05 greyisgay placed suspicious WATER_BUCKET @ Unnamed: x-177, z444
12:05 borderline_    : when you have no arrows
12:05 Jonas1998DK    : cant relate/
12:06 borderline_    : LOL
12:06 borderline_    : ur aim is so bad
12:06 greyisgay      : :(
12:06 DeNighty       : disrespect = 100
12:06 borderline_    : she called me mum
12:06 greyisgay      : nighty
12:06 borderline_    : uh oh
12:06 QassataLoL     : anyone got some spare wool?
12:06 borderline_    : one of us has a grave in the pvparena
12:07 DeNighty       : one sec
12:07 DeNighty       : i need to keep those on me uWu
12:07 borderline_    : 11cps
12:07 HerbalDoctor   : 735, 15 279 <--- Can someone get me teleported to where i died so i can get my stuff back?
12:07 DeNighty       : yes herbal
12:07 borderline_    : shes holding me hostage
12:07 greyisgay      : AA
12:07 borderline_    : LOL
12:07 greyisgay      : WTF
12:07 borderline_    : DUMB
12:07 DeNighty       : how do i call borderline?
12:07 greyisgay      : Andy
12:07 DeNighty       : ahh yes
12:08 Cosmobutter    : Andy x Ashy
12:08 borderline_ placed suspicious WATER_BUCKET @ Unnamed: x-178, z439
12:08 Jonas1998DK    : = 0.5
12:08 greyisgay      : No <3
12:08 borderline_    : no thanks im straight
12:08 greyisgay      : Im gay
12:08 Cosmobutter    : Ik
12:08 greyisgay      : This guy is weird
12:08 borderline_    : also we should be able to place water in pvparena
12:08 HerbalDoctor   : ?
12:08 Cosmobutter    : Yes ashy
12:08 DeNighty       : which dimension is the grave?
12:08 Cosmobutter    : I am
12:08 HerbalDoctor   : in a cave
12:09 borderline_    : ash i need some bobux can u tp
12:09 DeNighty       : no cave here
12:09 DeNighty       : guess wht
12:09 borderline_    : /w ashy tp or i'll send you into the stratesphere 
12:10 QassataLoL     : /w cosmo do you have some spare wool? 
12:10 DeNighty       : dont break the diorite
12:10 Jonas1998DK    : .
12:10 Cosmobutter    : /r QassataLoL y 
12:10 QassataLoL     : /w cosmo thanks. for banners 
12:11 Cosmobutter    : /r Np 
12:11 HerbalDoctor   : 279
12:11 DeNighty       : afk
12:11 borderline_    : /w ashy pls tp 
12:11 Cosmobutter    : Hax
12:11 Jonas1998DK    : ?
12:11 HerbalDoctor   : 735, 15, -279
12:12 Cosmobutter    : From 1 to 10, how much of you said is a lie
12:12 Jonas1998DK    : 0
12:12 Jonas1998DK    : its legit
12:12 borderline_    : uh oh
12:13 Jonas1998DK    : guyissus
12:13 HerbalDoctor   : ok
12:13 HerbalDoctor   : :(
12:13 greyisgay      : /w Cosmobutter mute that guy 
12:13 Cosmobutter    : /r Who? 
12:15 borderline_    :  placed a sign @ Unnamed: x845, z452
  oh boy
  i sure hope the
  moon doesnt fall
12:15 Cosmobutter    : *moons is falling*
12:15 Jonas1998DK    : ?
12:15 Cosmobutter    : Inside joke
12:15 Jonas1998DK    : sayDON
12:19 Jonas1998DK    : cosmo
12:19 Cosmobutter    : ?
12:19 Jonas1998DK    : can u come pls
12:20 Cosmobutter    : ?
12:20 Jonas1998DK    : i cant open them
12:20 Cosmobutter    : Fixed
12:20 Jonas1998DK    : tks
12:24 HerbalDoctor   : hi
12:24 Jonas1998DK    : welcome
12:24 HerbalDoctor   : welcome
12:25 krownismonkey  : hello
12:25 krownismonkey  : where do i start?
12:25 Jonas1998DK    : ?
12:25 HerbalDoctor   : oh!
12:25 HerbalDoctor   : Hold on.
12:26 krownismonkey  : hey
12:28 HerbalDoctor   : krown, you doing good?
12:28 krownismonkey  : as in?
12:28 HerbalDoctor   : how are you.
12:28 krownismonkey  : good
12:31 krownismonkey  : do I know anyone here
12:31 krownismonkey  : i'll take that as a no
12:32 Jonas1998DK    : bruh
12:32 krownismonkey  : ?
12:32 krownismonkey  : i almost died to a fuckin silverfish
12:33 Jonas1998DK    : 1 heart fighting lava
12:35 QassataLoL     : /w cosmo can you replace these quarts in my base with cobwebs if u not busy? 
12:35 krownismonkey  : cosmo did u tp near your base?
12:35 Cosmobutter    : Yes krown
12:35 krownismonkey  : found 2 random anvils
12:36 QassataLoL     : /w cos thanks 
12:36 Cosmobutter    : /r :3 
12:36 krownismonkey  : you want me to go farter away?
12:36 Cosmobutter    : Sure
12:36 krownismonkey  : farther
12:36 krownismonkey  : alr
12:36 krownismonkey  : HOLY SHIT YOUR BASE IS SICKW
12:37 krownismonkey  : ITS A DRAGON HEAD
12:37 Cosmobutter    : That's not all mine
12:37 HerbalDoctor   : ooo
12:37 HerbalDoctor   : cosmo be flexing
12:37 Cosmobutter    : Qassata and jpcdb live close
12:37 Cosmobutter    : It's their base
12:37 krownismonkey  : ok
12:37 krownismonkey  : can i stay somwhere near the area
12:37 krownismonkey  : ?
12:38 Cosmobutter    : Sure
12:38 krownismonkey  : cool
12:41 krownismonkey  : can i get some food
12:41 krownismonkey  : ima run out of hunger soon
12:41 Jonas1998DK    : tpa to me
12:41 HerbalDoctor   : does anybody have wood that they don't need.
12:41 krownismonkey  : thx
12:41 Jonas1998DK    : np
12:42 krownismonkey  : im kind ov stuck here
12:42 Jonas1998DK    : ?
12:43 krownismonkey  : i mean
12:43 Jonas1998DK    : ./warp spawn
12:43 krownismonkey  : alr
12:43 krownismonkey  : cosmo can u tp me back to base
12:45 QassataLoL     : CALM DOWN STEPALPII
12:45 Alpipanda      : ben can u tp me and krown to jhon base pls
12:46 Alpipanda      : cozmo
12:47 Jonas1998DK    : cosmo?
12:47 Cosmobutter    : ?
12:47 Jonas1998DK    : nvm
12:48 krownismonkey  : cosmo can i tp to ur guys base
12:48 Alpipanda      : cosmo do u mind tp me to jhon base pls
12:48 Cosmobutter    : Ask jon
12:48 Alpipanda      : he says yes
12:48 Alpipanda      : i am going to live there
12:48 Alpipanda      : he let me yestarday
12:49 HerbalDoctor   : I FOUND A HORSE FOR ONCE and i disconnected afer
13:02 DeNighty       : oxi
13:02 Jonas1998DK    : cosmo
13:02 Jonas1998DK    : can u delete this block pls
13:03 Jonas1998DK    : nvm about it
13:06 Case_1112      : hello
13:12 Case_1112      : OMG
13:12 DeNighty       : ?
13:12 Case_1112      : nice house
13:12 DeNighty       : Its a bank
13:13 Case_1112      : nice
13:13 DeNighty       : its a frickign bank
13:17 Case_1112      :  placed a sign @ Unnamed: x-104, z264
  Tavern
  <---
13:18 Case_1112      :  placed a sign @ Unnamed: x-104, z262
  Tavern
  --->
13:19 Case_1112      :  placed a sign @ Unnamed: x-103, z264
  -Tavern-
  <----
13:19 Case_1112      :  placed a sign @ Unnamed: x-103, z262
  -Tavern-
  --->
13:22 Jonas1998DK    : whoever needs free iron tpa's to em
13:22 Jonas1998DK    : /me 
13:22 Jonas1998DK    : me
13:25 Case_1112      :  placed a sign @ Unnamed: x-104, z264
  -Tavern-
13:25 Case_1112      :  placed a sign @ Unnamed: x-103, z264
  <------
13:26 Case_1112      :  placed a sign @ Unnamed: x-103, z262
  ------->
13:26 Case_1112      :  placed a sign @ Unnamed: x-103, z262
  ------>
13:26 Case_1112      :  placed a sign @ Unnamed: x-104, z262
  -Tavern-
13:27 Jonas1998DK    : nighty
13:27 Jonas1998DK    : can u give out shopkeeper eggs?
13:28 Case_1112      :  placed a sign @ Unnamed: x-110, z265
  Welcome Traveler
13:29 Case_1112      : I want to visit the bank for my veiwing porupeses
13:29 DeNighty       : ok
13:29 HerbalDoctor   : hi nighty
13:29 DeNighty       : hi?
13:29 Case_1112      : is there like a body check thing?
13:29 DeNighty       : No
13:30 DeNighty       : wait i think i broke it UwU
13:30 DeNighty       : p case de
13:30 Jonas1998DK    : nighty
13:30 Jonas1998DK    : can u give out shopkeeper eggs?
13:31 DeNighty       : waiytt
13:31 DeNighty       : wait
13:31 Case_1112      : hii
13:32 DeNighty       : take the book and answer
13:32 Case_1112      : can't
13:33 Jonas1998DK    : nighty
13:33 DeNighty       : ?
13:34 DeNighty       : ok, well here is the bank
13:34 DeNighty       : its still under construction
13:34 Case_1112      : nice
13:34 Jonas1998DK    : can u tp me here pls -4128 64 355
13:34 Jonas1998DK    : my spider farm
13:34 Jonas1998DK    : TKS
13:34 Jonas1998DK    : sorry caps
13:34 HerbalDoctor   : i have underground base (:
13:34 Case_1112      : wtf is that outside the window
13:35 DeNighty       : the pvp arena
13:35 Case_1112      : tp
13:35 Case_1112      : thx
13:35 Case_1112      : I have a idea
13:35 DeNighty       : ill make a vault here sometime
13:36 Case_1112      : You can make a system where a player drops all of their stuff in a shulker until they leave the bamk
13:36 DeNighty       : true
13:36 Case_1112      : I can help
13:36 DeNighty       : nah i know how
13:36 Case_1112      : ok
13:36 Case_1112      : good day sir
13:36 Jonas1998DK    : bruh
13:36 DeNighty       : good day
13:36 Case_1112      : can I leave
13:36 DeNighty       : yeah
13:37 Case_1112      : i can't
13:37 Case_1112      : door brocken
13:37 Case_1112      : thx
13:44 DeNighty       :  placed a sign @ Unnamed: x-108, z333
  - Closed -
  Authorized / 
  Allowed only
13:57 Jonas1998DK    : ?
13:57 Jonas1998DK    : im haxixu
13:57 Case_1112      : just came to visit
14:01 Case_1112      : buying mending
14:01 Jonas1998DK    : buying or selling?
14:01 Case_1112      : buying
14:01 Jonas1998DK    : k
14:01 Jonas1998DK    : want some?
14:01 Case_1112      : yess
14:01 Jonas1998DK    : 4 for 8 dias
14:02 DeNighty       : back
14:02 Case_1112      : i need 3
14:02 Jonas1998DK    : 6 then
14:02 Jonas1998DK    : tks
14:02 Case_1112      : ni nighty
14:02 Jonas1998DK    : wb
14:02 Case_1112      : hi
14:02 Case_1112      : ohh
14:02 Jonas1998DK    : ?
14:02 Case_1112      : this is your base
14:03 Jonas1998DK    : yes
14:03 Case_1112      : i know you
14:03 Jonas1998DK    : im haxixu
14:03 Case_1112      : ok
14:03 Case_1112      : kitty
14:03 Jonas1998DK    : had to move it since people kept raiding
14:04 Jonas1998DK    : dont tell anyone where it is tho
14:04 DeNighty       : WRONG BUTTON
14:04 Jonas1998DK    : LL
14:04 Jonas1998DK    : lol
14:04 DeNighty       : badlion has the options key where the vaniall disconnect key is
14:04 DeNighty       : so im used to click there
14:05 Case_1112      : why do you have so much notch apples?
14:05 DeNighty       : more like how*
14:05 Case_1112      : yes
14:05 Jonas1998DK    : cosmo.....
14:06 Case_1112      : sus
14:06 Jonas1998DK    : ask him
14:06 DeNighty       :  placed a sign @ Unnamed: x-108, z335
  Door Activator
  Breakable if
  stood on plate
  too long
14:07 DeNighty       : .tpaccept
14:08 DeNighty       : :D
14:08 Case_1112      : lol
14:08 DeNighty       : wait does it work in creative imo
14:08 Jonas1998DK    : ?
14:08 Case_1112      : no
14:08 DeNighty       : rip
14:08 Case_1112      : wat is this?
14:08 DeNighty       : The door
14:08 Jonas1998DK    : wait
14:09 Jonas1998DK    : i tought u could craft notch apple
14:09 Case_1112      : no
14:09 Jonas1998DK    : gold blocks
14:09 DeNighty       : They changed it
14:09 Jonas1998DK    : or is that in mine pe
14:09 DeNighty       : Long time ago
14:09 Case_1112      : boomer spoted
14:09 Case_1112      : baby boomerrrr
14:09 DeNighty       : I think they removed the recipe in 1.8
14:09 DeNighty       : pretty sure
14:09 Jonas1998DK    : nighty is it possible to give me shopkeeper eggs
14:09 DeNighty       : hmm dk
14:09 Case_1112      : I need eggs
14:09 DeNighty       : i can dupe mine in my inv and give u
14:10 Jonas1998DK    : would u pls
14:10 Case_1112      : ok
14:10 Jonas1998DK    : tks
14:12 Case_1112      : no one can right click anything here
14:12 DeNighty       : They're not supposed to
14:12 Case_1112      : no like the entire area
14:12 DeNighty       : This is staff-only
14:13 DeNighty       : Yeah, to prevent any griefing
14:13 Jonas1998DK    : anyone have 4 spruce planks pls
14:13 DeNighty       : ./give jo spruce_log
14:13 Jonas1998DK    : tks
14:14 Jonas1998DK    : case....
14:14 Case_1112      : yah?
14:14 Jonas1998DK    : did u take some leggings?
14:15 Case_1112      : no?
14:15 Case_1112      : what pants
14:15 Case_1112      : gold?
14:15 Case_1112      : iron?
14:15 Jonas1998DK    : yes
14:15 Case_1112      : dimond?
14:15 Jonas1998DK    : gold
14:15 Case_1112      : no
14:15 Case_1112      : i don't need gold pants
14:16 Case_1112      : i have nethrite fully enchanted
14:16 Case_1112      : btw do you have unbreacking 3
14:16 Case_1112      : i need one
14:16 Jonas1998DK    : me?
14:16 Case_1112      : yah
14:16 Jonas1998DK    : where?
14:16 Case_1112      : i said do you have it
14:17 Jonas1998DK    : not sure
14:17 Case_1112      : ok
14:17 Case_1112      : Can I work as a part time bank worker?
14:18 DeNighty       : Hmm
14:18 DeNighty       : I'll make an application for it
14:18 Case_1112      : I don't have all day but part time
14:18 Jonas1998DK    : can i visis the bank
14:18 Jonas1998DK    : nighty
14:19 DeNighty       : ?
14:19 Jonas1998DK    : can i pay u for my plot
14:19 DeNighty       : Yes
14:19 DeNighty       : haxixu u r?
14:19 Jonas1998DK    : mhm
14:19 Case_1112      : yah
14:19 DeNighty       : you have to pay 30 tho?
14:19 Jonas1998DK    : 30!!!!
14:19 Case_1112      : lol
14:19 DeNighty       : yeah?
14:19 DeNighty       : you placed a 30 bid
14:19 Case_1112      : You can load me
14:19 Case_1112      : loan
14:20 Jonas1998DK    : im pretty sure i changed it to 9
14:20 Jonas1998DK    : before it was 13
14:20 DeNighty       : lemme eheck
14:20 Jonas1998DK    : 12*
14:20 Jonas1998DK    : -
14:20 DeNighty       : u alrdy started building on ur plot?
14:20 Jonas1998DK    : matt told me i can
14:20 DeNighty       : Did you alreayd pay your bid??
14:20 Jonas1998DK    : nope
14:21 DeNighty       : are u koolaid guy
14:21 Jonas1998DK    : yep
14:22 DeNighty       : hm
14:22 DeNighty       : you only placed it once.
14:22 Jonas1998DK    : before cosmo had placed it for me
14:23 DeNighty       : well the final bid written was 30
14:23 DeNighty       : https://discord.com/channels/817842214201196595/820941178333560834/823934564194844672
14:24 DeNighty       : Plot #11 - **`TortaLoL (9)`**Plot #10 - **`VioletWishh (9)`**Plot #9 - **Unclaimed**Plot #8 - **Unclaimed**Plot #7 - **FoxyTriples (9) `therealjpcdb and FrancescoMifsud (12)`**Plot #6 - **ArrowIsa (10) `QassataLoL (15)`**Plot #5 - **`namrahnad (35)`**Plot
14:25 DeNighty       : Plot #4 - Haxixu (30)Plot #3 - Cosmobutter (256)Plot #2 - mattyypastizzi (11)Plot #1 - Case_1112 (9)
14:25 DeNighty       : Plot #4 - 30 dia
14:25 Jonas1998DK    : idk how the fk that is possible
14:25 DeNighty       : well you gotta pay it
14:26 Cosmobutter    : ^
14:26 Case_1112      : I can loan you some money
14:26 Jonas1998DK    : i have a stack and a half
14:26 Case_1112      : lol
14:26 DeNighty       : 20 more
14:26 DeNighty       : ok
14:26 DeNighty       : you can continue building
14:28 Case_1112      : Just killed a woman, feeling good!
14:28 Jonas1998DK    : woman
14:28 Case_1112      : -Tommyinit
14:33 Case_1112      : hello
14:34 Jonas1998DK    : /w Cosmobutter can u co i my plot to see how much i should have paid? 
14:34 Cosmobutter    : /r Already did 
14:35 Cosmobutter    : /r 30 
14:40 DeNighty       :  placed a sign @ Unnamed: x-106, z333
  Tell Staff why
  you want to enter
  You will then
  apply.
14:45 DeNighty       :  placed a sign @ Unnamed: x-111, z336
  Piston
  to deactive
  Redstone
  signal
14:50 namrahnad      : nighty
14:50 namrahnad      : how do i get a shopkeeper
14:51 namrahnad      : Cosmo How do i get a shopkeeper
14:51 Cosmobutter    : You ask for one
14:51 Cosmobutter    : How much do you need?
14:51 namrahnad      : 2 for now
14:51 Jonas1998DK    : can i get a final 2 pls cosmo
14:51 Jonas1998DK    : i have 1 currently
14:51 namrahnad      : thanks
14:52 Jonas1998DK    : tks
14:53 Jonas1998DK    : cosmo do u have the /grenade command?
14:54 Cosmobutter    : What?
14:54 Cosmobutter    : Yes I do
14:54 namrahnad      : Can I change what the entity is?
14:54 Jonas1998DK    : ok just asking
14:54 Jonas1998DK    : yes
14:54 Cosmobutter    : Yes nah
14:54 namrahnad      : how
14:54 Jonas1998DK    : crouch right click
14:54 namrahnad      : thanks
14:54 Jonas1998DK    : or left click
15:04 Jonas1998DK    : noooo
15:22 namrahnad      : How do I make a shopkeeper sell for diamonds?
15:30 namrahnad      : How Do i Make my shopkeeper use diamonds not emeralds?
15:31 Cosmobutter    : You have to make it a trading shop, rather than a selling shop
15:31 namrahnad      : How?
15:31 Cosmobutter    : Right click at the sky
15:31 Cosmobutter    : To change
15:32 namrahnad      : Can I get 1 More Egg Please?
15:32 Jonas1998DK    : cosmo
15:32 namrahnad      : Can I get another Shopkeeper?
15:33 Cosmobutter    : Syre
15:33 Cosmobutter    : Sure
15:33 Jonas1998DK    : can u tp me -19 32 139 nether
15:33 Jonas1998DK    : i died :/
15:33 namrahnad      : thanks
15:33 Cosmobutter    : Go to the nether
15:33 Jonas1998DK    : k
15:34 Jonas1998DK    : yaas
15:34 Jonas1998DK    : tks
15:37 namrahnad      : Sorry Cosmo I keep messing Up Can I grt like 5 more so I stop bothering you
15:37 Cosmobutter    : It's fine
15:37 namrahnad      : thanks
15:38 Cosmobutter    : Jon
15:38 Cosmobutter    : Can I join your server for a sec, wanna try smth
15:38 Jonas1998DK    : mine?
15:38 Cosmobutter    : Yes
15:38 Jonas1998DK    : sure...
15:39 namrahnad      : this aint working
15:42 namrahnad      : All i can sell is in emeralds.??
15:52 DeNighty  : maintanenance ?
15:52 Cosmobutter: Yes
15:56 Cosmobutter: BRUH WHAT IS THIS
15:56 DeNighty   : ?
15:56 Cosmobutter: Run /cutep
15:56 DeNighty   : wtf
15:56 Cosmobutter: I swear I didn't add that
15:56 DeNighty   : Skript*?
15:56 Cosmobutter: Possibly
15:57 DeNighty   : cosmo tp
15:58 DeNighty   : should we allow like these signs?
15:59 Cosmobutter: Hmph, I'd say no, but check with matt to confirm
15:59 DeNighty   : He said yes
16:00 DeNighty   : We can have 'em
16:03 DeNighty   :  placed a sign @ Unnamed: x-108, z331
  Do not trigger
  trapdoors
16:04 Cosmobutter: cmdreload
16:05 DeNighty   : ?
16:05 Cosmobutter: Ignore
16:05 DeNighty   : command reload?
16:05 Cosmobutter: I'm coding a plugin
16:05 Cosmobutter: I'm coding a plugin
16:05 DeNighty   : ah
16:05 Cosmobutter: Bruh
16:05 Cosmobutter: I need to pay more attention when up-arrowing stuff
16:06 Cosmobutter: Okay nice
16:30 Cosmobutter: &k This is a test
16:30 DeNighty   : isnt &k = 23ry29uf29u7yr
16:30 Cosmobutter: Ye basically
16:30 DeNighty   : *hypixel referance*
16:31 Cosmobutter: Anyways
16:31 Cosmobutter: Gonna go
16:31 DeNighty   : Cya
16:31 Cosmobutter: Cua
16:31 Cosmobutter: Cya
17:06 DeNighty   : dont mess with that
17:09 DeNighty   :  placed a sign @ Unnamed: x-107, z335
  Torches to
  activate
  doors
17:09 DeNighty   : patment?
17:09 DeNighty   : payment*
17:09 therealjpcdb: ye
17:15 TortaLoL    :  placed a sign @ Unnamed: x-46, z270
  PAYED TORTA
17:15 mattyy_pastizzi: hallo
17:15 mattyy_pastizzi: rly loving the bank nighty
17:17 mattyy_pastizzi: Hey case
17:18 Case_1112      : hey
17:18 mattyy_pastizzi: i saw your signs
17:18 DeNighty       : oh hi case
17:18 Case_1112      : thx
17:18 mattyy_pastizzi: attached to ur shop
17:18 Case_1112      : hi
17:18 DeNighty       : sorry was looking in dsc
17:18 mattyy_pastizzi: rly loving the bank nighty
17:18 DeNighty       : thanks
17:18 mattyy_pastizzi: Great!
17:18 mattyy_pastizzi: Also Case really like the sign idea
17:19 DeNighty       : Case is kinda like Sheep tbh
17:19 Case_1112      : thx nighty
17:19 mattyy_pastizzi: ...
17:19 mattyy_pastizzi: nighty how is the bank gonna work?
17:20 DeNighty       : oh
17:20 DeNighty       : It's kind of like a Staff Building
17:20 mattyy_pastizzi: ah ok
17:20 DeNighty       : I wanna have a meeting room there also
17:20 mattyy_pastizzi: O k
17:20 DeNighty       : So
17:20 DeNighty       : Follow me
17:20 mattyy_pastizzi: IT OPENS WITH A KEY???
17:21 DeNighty       : ye
17:21 mattyy_pastizzi: cool
17:21 mattyy_pastizzi: holy
17:21 DeNighty       : ok good
17:21 mattyy_pastizzi: a bunch of redstine lmao
17:21 DeNighty       : *Oh and btw I didn't use yt
17:21 mattyy_pastizzi: haha
17:21 DeNighty       : So, come
17:22 mattyy_pastizzi: this is rly complicated
17:22 DeNighty       : Not really
17:22 DeNighty       : theres signs everywhere imo
17:22 mattyy_pastizzi: ye saw them
17:22 DeNighty       : oh
17:24 mattyy_pastizzi: Hey Foxy!
17:24 FoxyTriples    : hi!
17:24 DeNighty       : k case
17:24 Case_1112      : i fail
17:24 DeNighty       : got it?
17:24 Case_1112      : thxx
17:24 DeNighty       : u dont fail
17:25 DeNighty       : there sliterally 2 questions uwu
17:25 Case_1112      : passed my first interveiw
17:25 DeNighty       : gim bacj
17:25 Case_1112      : thx
17:25 DeNighty       : Lol I just like your enthusiasm xd
17:26 Case_1112      : haha
17:30 Case_1112      : noooo
17:30 FoxyTriples    : rip
17:30 Case_1112      : nighty can you tp me to my grave?
17:32 FoxyTriples    : what is this blackstone and quartz building for
17:32 mattyy_pastizzi: its a bank for staff
17:32 FoxyTriples    : oh
17:32 Case_1112      : MATT CAN YOU TP ME TO MY GRAVE?
17:32 FoxyTriples    : anyone know where a desert is
17:33 Case_1112      : i do
17:33 Case_1112      : dynamap
17:33 FoxyTriples    : dynmap isnt on right??
17:33 FoxyTriples    : i didnt see the change logs
17:34 Jonas1998DK    : http://ip220.ip-87-98-251.eu:8066
17:34 Jonas1998DK    : dynmap
17:34 FoxyTriples    : thx
17:34 Jonas1998DK    : wait
17:34 Jonas1998DK    : yes it is
17:34 Jonas1998DK    : nthn
17:34 Case_1112      : matt?
17:34 Case_1112      : can you tp me to my grave?
17:35 FoxyTriples    : no the link doesnt work
17:35 mattyy_pastizzi: yes case?
17:35 mattyy_pastizzi: where your grave co ords?
17:38 mattyy_pastizzi: case what are grave co ordss?
17:38 Case_1112      : -149 1 -782 in the end
17:39 mattyy_pastizzi: ok
17:40 Case_1112      : thx
17:40 FoxyTriples    : wb
17:40 mattyy_pastizzi: np
17:40 Cosmobutter    : Actually
17:40 Cosmobutter    : Gotta go code
17:40 FoxyTriples    : ok
17:42 TortaLoL placed suspicious WATER_BUCKET @ Unnamed: x-1389, z837
17:43 Jonas1998DK    : jj had a creepr farm?
17:43 Case_1112      : fff
17:44 Jonas1998DK    : shulker?
17:45 Jonas1998DK    : cosmo
17:45 FoxyTriples    : isnt online
17:45 FoxyTriples    : oh they r
17:45 FoxyTriples    : afk tho
17:45 FoxyTriples    : whoops
17:47 Jonas1998DK    : cosmo
17:47 Cosmobutter    : ?
17:47 Jonas1998DK    : can u come fix it
17:47 Jonas1998DK    : unclaim
17:48 Cosmobutter    : What claim?
17:48 Jonas1998DK    : here.
17:48 FoxyTriples    : woah
17:48 FoxyTriples    : and unraidend endcity with a ship
17:49 DeNighty       : Bck
17:49 FoxyTriples    : hi again
17:49 DeNighty       : hi
17:50 DeNighty       : cosmo
17:50 Cosmobutter    : ?
17:50 DeNighty       : What is ViolettWish's discord name
17:50 Cosmobutter    : No idea
17:51 DeNighty       :  placed a sign @ Unnamed: x-109, z333
  Trusted: Ashy,
  Cosmobutter
  DeNighty
  mattyy_pastizzi
17:53 FoxyTriples    : /msg DeNighty can i u tp me to my grave plz 
17:54 mattyy_pastizzi: Cosmo can I get a shopkeeper
17:54 FoxyTriples    : can someone help me get my grave
17:54 TortaLoL       : no
17:54 TortaLoL       : matty bad boy
17:54 FoxyTriples    : :(
17:54 mattyy_pastizzi: Nighty it is Evana Raboo Especialist
17:54 TortaLoL       : foxy i love you dint worry
17:54 FoxyTriples    : .
17:54 TortaLoL       : ;)
17:55 FoxyTriples    : ._.
17:55 FoxyTriples    : matt can u tp me to my grave plz
17:55 mattyy_pastizzi: co ords?
17:55 TortaLoL       : tp him matt you bad boy
17:55 FoxyTriples    : 2361 87 -582
17:55 Case_1112      : 2029 88 -614 tp me plz end
17:55 TortaLoL       : you can be my bad boy ;)
17:56 FoxyTriples    : torta is being wiers
17:56 FoxyTriples    : wierd*
17:56 TortaLoL       : i was always wierd
17:56 FoxyTriples    : no but different sort of weird
17:56 mattyy_pastizzi: foxy no grave here
17:56 FoxyTriples    : u sure
17:56 FoxyTriples    : in the end
17:56 mattyy_pastizzi: ah ok
17:56 FoxyTriples    : Lol
17:56 Case_1112      : tp me plz
17:56 FoxyTriples    : wb
17:57 FoxyTriples    : thx
17:57 mattyy_pastizzi: np
17:57 Case_1112      : thxx
18:00 FoxyTriples    : hello
18:00 Case_1112      : hello
18:01 QassataLoL placed suspicious LAVA_BUCKET @ Unnamed: x-80, z296
18:02 FoxyTriples    : did u know that shulker means shell lurker
18:03 FoxyTriples    : lol
18:03 FoxyTriples    : me and case r both end busting
18:05 TortaLoL       : hellow new guys
18:05 mattyy_pastizzi: /msg Cosmobutter gimme crea again 
18:06 HerbalDoctor   : Hello!
18:06 FoxyTriples    : hi
18:08 FoxyTriples    : anyone want a fortune 3 eff 5 and unbreaking 3 iron pick
18:11 TortaLoL       : cosmo is there anti creeper griefing?
18:12 QassataLoL     : /w Cosmobutter yo can i get sum normal blackstone pls? 
18:12 Case_1112      : someone tp to me my inveentery is full
18:13 Jonas1998DK    : anyone want to pvp?
18:13 FoxyTriples    : sure
18:13 FoxyTriples    : case my inv is full to
18:13 FoxyTriples    : jonas ill be 1 sec
18:13 Jonas1998DK    : k
18:14 Case_1112      : nvm i'm good
18:14 FoxyTriples    : ready
18:14 Jonas1998DK    : yh
18:14 FoxyTriples    : GO!!
18:15 FoxyTriples    : GG
18:15 Jonas1998DK    : another one?
18:15 FoxyTriples    : sure
18:15 FoxyTriples    : why were u spamming
18:16 Jonas1998DK    : tks
18:17 FoxyTriples    : ready
18:17 Jonas1998DK    : yes
18:17 FoxyTriples    : GO!!!
18:17 DeNighty       : can someone volunteer to DIE
18:17 FoxyTriples    : nrn
18:20 FoxyTriples    : gg
18:20 Jonas1998DK    : yaas
18:20 Jonas1998DK    : gg
18:20 FoxyTriples    : i cnat open my grave
18:20 Case_1112      : tp to me someone with an enderchest
18:20 Jonas1998DK    : can i see how much dmg i do
18:20 FoxyTriples    : sure...
18:20 FoxyTriples    : why with an enderchest
18:21 Jonas1998DK    : me?
18:21 Case_1112      : i need fireworks
18:21 Case_1112      : anyone
18:21 DeNighty       : grave?
18:21 FoxyTriples    : thx
18:21 FoxyTriples    : u ready??
18:21 Jonas1998DK    : wait
18:22 FoxyTriples    : ok
18:22 DeNighty       : wanna volunteer to die
18:22 FoxyTriples    : SURE
18:22 DeNighty       : empty ur inv
18:22 FoxyTriples    : ok
18:23 FoxyTriples    : KILL ME
18:23 FoxyTriples    : i have regen
18:24 FoxyTriples    : from the beacons
18:24 mattyy_pastizzi:  placed a sign @ Unnamed: x-97, z266
  ---------------
  Matt's
  Garden Shop
  ---------------
18:24 FoxyTriples    : why
18:24 DeNighty       : u need to be low
18:24 Jonas1998DK    : anyone want pvp?
18:24 FoxyTriples    : sure 1 sec
18:24 FoxyTriples    : why do i need to be low
18:24 DeNighty       : ill tell you
18:24 FoxyTriples    : im ou of poison
18:24 DeNighty       : also wear this
18:25 FoxyTriples    : phew
18:25 FoxyTriples    : no curse of binding
18:25 DeNighty       : ready?
18:25 FoxyTriples    : YES!!
18:25 FoxyTriples    : ??
18:25 FoxyTriples    : why??
18:25 DeNighty       : execution test
18:25 mattyy_pastizzi: #
18:26 FoxyTriples    : ok??
18:26 FoxyTriples    : let me get my stuff jonas
18:26 mattyy_pastizzi: omg yes
18:26 mattyy_pastizzi: /msg DeNighty who gave you these? 
18:26 DeNighty       : /msg matt toolbar 
18:26 DeNighty       : /msg matt im big brain 
18:27 FoxyTriples    : hi
18:27 FoxyTriples    : ready??
18:27 Jonas1998DK    : yh
18:27 FoxyTriples    : GO!!
18:30 FoxyTriples    : did i break ur helmet??
18:30 DeNighty       : pearl there
18:31 FoxyTriples    : GG
18:31 Jonas1998DK    : gg
18:31 Case_1112      : nighty
18:31 DeNighty       : wtf
18:32 FoxyTriples    : ??
18:32 Jonas1998DK    : wanted to see if i can hiy u since protection
18:32 FoxyTriples    : YUP
18:32 FoxyTriples    : i can
18:32 Case_1112      : I lost my shulker somewhere in this city
18:32 FoxyTriples    : ok
18:32 Jonas1998DK    : gtg
18:32 Jonas1998DK    : tks
18:33 Cosmobutter    : MartinafarrugiaXcarlmicallef
18:33 mattyy_pastizzi: cosmo stop
18:34 DeNighty       : Book your execution by /msg DeNighty!
18:34 DeNighty       : XD
18:34 mattyy_pastizzi: EVERY PLOT IS NOW TAKEN!!
18:35 DeNighty       : violett didnt pay yet
18:35 mattyy_pastizzi: ik ik
18:35 mattyy_pastizzi: but every plot has been claimed
18:35 mattyy_pastizzi: so one day or another we are gonna have a full shopping district
18:36 Case_1112      : nice shop
18:37 QassataLoL     : thanks.. you too
18:37 Case_1112      : went end busting
18:40 DeNighty       : case
18:40 DeNighty       : wanna be executed
18:41 Cosmobutter    : *flashbacks*
18:41 mattyy_pastizzi: Case
18:41 mattyy_pastizzi: no nighty
18:41 Cosmobutter    : I gotta go
18:41 mattyy_pastizzi: bye
18:41 DeNighty       : cya
18:41 mattyy_pastizzi: Case you want shopkeepers for your shop?
18:41 DeNighty       : afk gng eat
18:42 mattyy_pastizzi: Case
18:42 mattyy_pastizzi: Want shopkeepers?
18:42 Case_1112      : yes?
18:42 Case_1112      : yes
18:42 Case_1112      : I was going to ask
18:42 mattyy_pastizzi: lemme get them for ya
18:42 Case_1112      : ok
18:42 mattyy_pastizzi: how many?
18:43 mattyy_pastizzi: 4 good?
18:43 Case_1112      : yes
18:43 Case_1112      : thx
18:43 mattyy_pastizzi: I believ you know how to use them
18:45 Case_1112      : why is the coast emreals not dimonds
18:45 Case_1112      : wtf
18:46 Case_1112      : matt/
18:46 mattyy_pastizzi: ye?
18:47 Case_1112      : why is the coast for shopkepper emrals
18:47 mattyy_pastizzi: what did you make your villager?
18:47 Case_1112      : ?
18:47 mattyy_pastizzi: selling or trading?
18:47 Case_1112      : trading
18:47 mattyy_pastizzi: or other?
18:47 mattyy_pastizzi: ok
18:47 Case_1112      : selling
18:47 Case_1112      : idk
18:48 Case_1112      : tp to me
18:48 mattyy_pastizzi: grab a spawner
18:48 mattyy_pastizzi: go on vc
18:48 mattyy_pastizzi: so i share screen
18:48 Case_1112      : ok
18:51 Jonas1998DK    : totally not from creative
18:52 FrancescoMifsud: hello
18:52 Jonas1998DK    : mh
18:52 FrancescoMifsud: kif niranga is server
18:52 Case_1112      : i need some more shop keepers
18:53 Case_1112      : Matt i need more shop keepers
18:54 Case_1112      : matt
18:54 Case_1112      : i need one arrow
18:54 Case_1112      : to shoot
18:54 FrancescoMifsud: i dont have
18:56 Case_1112      : i need more shoop keeper
18:57 mattyy_pastizzi: how much case?
18:57 Case_1112      : 3
18:57 Case_1112      : thx
18:57 mattyy_pastizzi: np :0
18:59 Case_1112      : matt...
19:00 Case_1112      : matt
19:00 mattyy_pastizzi: ye?
19:00 Case_1112      : i set it to selling but it is still emralds
19:00 mattyy_pastizzi: ask cosmo
19:00 mattyy_pastizzi: idk what is happening
19:01 therealjpcdb   : yalls comin??
19:29 Cosmobutter    :  placed a sign @ Unnamed: x-855, z-426
  The Almighty
  Alpi Pole
19:38 QassataLoL placed suspicious WATER_BUCKET @ Unnamed: x-83, z299
19:40 mattyy_pastizzi: hey
19:55 FoxyTriples    : umm how do i turn of cinematic mode with badlion
20:25 FrancescoMifsud: cosmo
20:40 WitherKnight_  : hi
20:40 Jonas1998DK    : im haxixu
20:40 WitherKnight_  : u r
20:41 Case_1112      : hi there
20:41 WitherKnight_  : hi
20:46 WitherKnight_  : i bought a elytra
20:46 Case_1112      : from me?
20:46 WitherKnight_  : i think so
20:46 Case_1112      : thx!
20:47 WitherKnight_  : it was 7 diamonds
20:47 Case_1112      : yah
20:49 Case_1112      : do you have dort?
20:49 Case_1112      : dirt
20:50 WitherKnight_  : nope
20:56 WitherKnight_  : do u have iron
20:56 Case_1112      : here
20:56 WitherKnight_  : is there a gold farm
20:56 Case_1112      : no]
